03-Aug-2025 01:04:47.468 INFO [Thread-1] org.apache.coyote.AbstractProtocol.pause 프로토콜 핸들러 ["http-nio-8080"]을(를) 일시 정지 중
03-Aug-2025 01:04:47.888 INFO [Thread-1] org.apache.catalina.core.StandardService.stopInternal 서비스 [Catalina]을(를) 중지시킵니다.
03-Aug-2025 01:04:48.129 WARNING [Thread-1] org.apache.catalina.loader.WebappClassLoaderBase.clearReferencesJdbc 웹 애플리케이션 [ROOT]이(가) JDBC 드라이버 [com.mysql.cj.jdbc.Driver]을(를) 등록했지만, 웹 애플리케이션이 중지될 때, 해당 JDBC 드라이버의 등록을 제거하지 못했습니다. 메모리 누수를 방지하기 위하여, 등록을 강제로 제거했습니다.
03-Aug-2025 01:04:48.132 WARNING [Thread-1] org.apache.catalina.loader.WebappClassLoaderBase.clearReferencesThreads 웹 애플리케이션 [ROOT]이(가) [mysql-cj-abandoned-connection-cleanup](이)라는 이름의 쓰레드를 시작시킨 것으로 보이지만, 해당 쓰레드를 중지시키지 못했습니다. 이는 메모리 누수를 유발할 가능성이 큽니다. 해당 쓰레드의 스택 트레이스:
 java.base@11.0.26/java.lang.Object.wait(Native Method)
 java.base@11.0.26/java.lang.ref.ReferenceQueue.remove(ReferenceQueue.java:155)
 com.mysql.cj.jdbc.AbandonedConnectionCleanupThread.run(AbandonedConnectionCleanupThread.java:91)
 java.base@11.0.26/java.util.concurrent.ThreadPoolExecutor.runWorker(ThreadPoolExecutor.java:1128)
 java.base@11.0.26/java.util.concurrent.ThreadPoolExecutor$Worker.run(ThreadPoolExecutor.java:628)
 java.base@11.0.26/java.lang.Thread.run(Thread.java:834)
03-Aug-2025 01:04:48.200 INFO [Thread-1] org.apache.coyote.AbstractProtocol.stop 프로토콜 핸들러 ["http-nio-8080"]을(를) 중지시킵니다.
03-Aug-2025 01:04:48.244 INFO [Thread-1] org.apache.coyote.AbstractProtocol.destroy 프로토콜 핸들러 ["http-nio-8080"]을(를) 소멸시킵니다.
03-Aug-2025 01:05:09.312 INFO [main] org.apache.catalina.startup.VersionLoggerListener.log 서버 버전 이름:    Apache Tomcat/9.0.106
03-Aug-2025 01:05:09.349 INFO [main] org.apache.catalina.startup.VersionLoggerListener.log Server 빌드 시각:  Jun 5 2025 19:02:30 UTC
03-Aug-2025 01:05:09.350 INFO [main] org.apache.catalina.startup.VersionLoggerListener.log Server 버전 번호:  9.0.106.0
03-Aug-2025 01:05:09.351 INFO [main] org.apache.catalina.startup.VersionLoggerListener.log 운영체제 이름:     Windows 10
03-Aug-2025 01:05:09.355 INFO [main] org.apache.catalina.startup.VersionLoggerListener.log 운영체제 버전:     10.0
03-Aug-2025 01:05:09.355 INFO [main] org.apache.catalina.startup.VersionLoggerListener.log 아키텍처:          amd64
03-Aug-2025 01:05:09.356 INFO [main] org.apache.catalina.startup.VersionLoggerListener.log 자바 홈:           C:\Program Files\Java\jdk-11
03-Aug-2025 01:05:09.356 INFO [main] org.apache.catalina.startup.VersionLoggerListener.log JVM 버전:          11.0.26+7-LTS-187
03-Aug-2025 01:05:09.356 INFO [main] org.apache.catalina.startup.VersionLoggerListener.log JVM 벤더:          Oracle Corporation
03-Aug-2025 01:05:09.357 INFO [main] org.apache.catalina.startup.VersionLoggerListener.log CATALINA_BASE:     C:\spring_workspace\moim_project
03-Aug-2025 01:05:09.357 INFO [main] org.apache.catalina.startup.VersionLoggerListener.log CATALINA_HOME:     C:\tools\tomcat_9.0
03-Aug-2025 01:05:09.388 INFO [main] org.apache.catalina.startup.VersionLoggerListener.log 명령 행 아규먼트:  --add-opens=java.base/java.lang=ALL-UNNAMED
03-Aug-2025 01:05:09.388 INFO [main] org.apache.catalina.startup.VersionLoggerListener.log 명령 행 아규먼트:  --add-opens=java.base/java.io=ALL-UNNAMED
03-Aug-2025 01:05:09.388 INFO [main] org.apache.catalina.startup.VersionLoggerListener.log 명령 행 아규먼트:  --add-opens=java.base/java.util=ALL-UNNAMED
03-Aug-2025 01:05:09.389 INFO [main] org.apache.catalina.startup.VersionLoggerListener.log 명령 행 아규먼트:  --add-opens=java.base/java.util.concurrent=ALL-UNNAMED
03-Aug-2025 01:05:09.389 INFO [main] org.apache.catalina.startup.VersionLoggerListener.log 명령 행 아규먼트:  --add-opens=java.rmi/sun.rmi.transport=ALL-UNNAMED
03-Aug-2025 01:05:09.389 INFO [main] org.apache.catalina.startup.VersionLoggerListener.log 명령 행 아규먼트:  -Dcatalina.home=C:\tools\tomcat_9.0
03-Aug-2025 01:05:09.389 INFO [main] org.apache.catalina.startup.VersionLoggerListener.log 명령 행 아규먼트:  -Dcatalina.base=C:\spring_workspace\moim_project
03-Aug-2025 01:05:09.389 INFO [main] org.apache.catalina.startup.VersionLoggerListener.log 명령 행 아규먼트:  -Djava.io.tmpdir=C:\spring_workspace\moim_project\temp
03-Aug-2025 01:05:09.390 INFO [main] org.apache.catalina.startup.VersionLoggerListener.log 명령 행 아규먼트:  -Djava.util.logging.config.file=C:\spring_workspace\moim_project\conf\logging.properties
03-Aug-2025 01:05:09.390 INFO [main] org.apache.catalina.startup.VersionLoggerListener.log 명령 행 아규먼트:  -Djava.util.logging.manager=org.apache.juli.ClassLoaderLogManager
03-Aug-2025 01:05:09.390 INFO [main] org.apache.catalina.startup.VersionLoggerListener.log 명령 행 아규먼트:  -javaagent:C:\Program Files\JetBrains\IntelliJ IDEA Community Edition 2025.1.3\lib\idea_rt.jar=60596
03-Aug-2025 01:05:09.390 INFO [main] org.apache.catalina.startup.VersionLoggerListener.log 명령 행 아규먼트:  -Dfile.encoding=UTF-8
03-Aug-2025 01:05:09.411 INFO [main] org.apache.catalina.core.AprLifecycleListener.lifecycleEvent 프로덕션 환경들에서 최적의 성능을 제공하는, APR 기반 Apache Tomcat Native 라이브러리가, 다음 java.library.path에서 발견되지 않습니다: [C:\Program Files\Java\jdk-11\bin;C:\WINDOWS\Sun\Java\bin;C:\WINDOWS\system32;C:\WINDOWS;C:\Python313\Scripts\;C:\Python313\;C:\Program Files\Common Files\Oracle\Java\javapath;C:\WINDOWS\system32;C:\WINDOWS;C:\WINDOWS\System32\Wbem;C:\WINDOWS\System32\WindowsPowerShell\v1.0\;C:\WINDOWS\System32\OpenSSH\;C:\Program Files\nodejs\;C:\ProgramData\chocolatey\bin;C:\Program Files\Git\cmd;%JAVA_HOME%\bin;C:\Users\boomi\AppData\Local\Microsoft\WindowsApps;C:\tools\Microsoft VS Code\bin;C:\Users\boomi\AppData\Roaming\npm;C:\Program Files\JetBrains\IntelliJ IDEA Community Edition 2025.1.3\bin;;.]
03-Aug-2025 01:05:10.655 INFO [main] org.apache.coyote.AbstractProtocol.init 프로토콜 핸들러 ["http-nio-8080"]을(를) 초기화합니다.
03-Aug-2025 01:05:10.699 INFO [main] org.apache.catalina.startup.Catalina.load [2324] 밀리초 내에 서버가 초기화되었습니다.
03-Aug-2025 01:05:10.881 INFO [main] org.apache.catalina.core.StandardService.startInternal 서비스 [Catalina]을(를) 시작합니다.
03-Aug-2025 01:05:10.881 INFO [main] org.apache.catalina.core.StandardEngine.startInternal 서버 엔진을 시작합니다: [Apache Tomcat/9.0.106]
03-Aug-2025 01:05:10.897 INFO [main] org.apache.catalina.startup.HostConfig.deployDescriptor 배치 descriptor [C:\spring_workspace\moim_project\conf\Catalina\localhost\ROOT.xml]을(를) 배치합니다.
03-Aug-2025 01:05:11.056 WARNING [main] org.apache.catalina.webresources.DirResourceSet.initInternal Disabled the global canonical file name cache to protect against CVE-2024-56337 when starting the WebResourceSet at [C:\spring_workspace\moim_project\target\classes] which is part of the web application []
03-Aug-2025 01:05:21.915 INFO [main] org.apache.jasper.servlet.TldScanner.scanJars 적어도 하나의 JAR가 TLD들을 찾기 위해 스캔되었으나 아무 것도 찾지 못했습니다. 스캔했으나 TLD가 없는 JAR들의 전체 목록을 보시려면, 로그 레벨을 디버그 레벨로 설정하십시오. 스캔 과정에서 불필요한 JAR들을 건너뛰면, 시스템 시작 시간과 JSP 컴파일 시간을 단축시킬 수 있습니다.
03-Aug-2025 01:05:29.497 WARNING [main] org.apache.catalina.util.SessionIdGeneratorBase.createSecureRandom [SHA1PRNG] 알고리즘을 사용하여, 세션 ID를 생성하기 위한 SecureRandom 객체를 생성하는데, [614] 밀리초가 소요됐습니다.
03-Aug-2025 01:05:33.824 INFO [main] org.apache.catalina.startup.HostConfig.deployDescriptor 배치 descriptor [C:\spring_workspace\moim_project\conf\Catalina\localhost\ROOT.xml]의 배치가 [22,927] 밀리초 내에 완료되었습니다.
03-Aug-2025 01:05:33.859 INFO [main] org.apache.coyote.AbstractProtocol.start 프로토콜 핸들러 ["http-nio-8080"]을(를) 시작합니다.
03-Aug-2025 01:05:33.889 INFO [main] org.apache.catalina.startup.Catalina.start 서버가 [23190] 밀리초 내에 시작되었습니다.
03-Aug-2025 01:25:45.287 INFO [Thread-1] org.apache.coyote.AbstractProtocol.pause 프로토콜 핸들러 ["http-nio-8080"]을(를) 일시 정지 중
03-Aug-2025 01:25:45.656 INFO [Thread-1] org.apache.catalina.core.StandardService.stopInternal 서비스 [Catalina]을(를) 중지시킵니다.
03-Aug-2025 01:25:45.684 WARNING [Thread-1] org.apache.catalina.loader.WebappClassLoaderBase.clearReferencesJdbc 웹 애플리케이션 [ROOT]이(가) JDBC 드라이버 [com.mysql.cj.jdbc.Driver]을(를) 등록했지만, 웹 애플리케이션이 중지될 때, 해당 JDBC 드라이버의 등록을 제거하지 못했습니다. 메모리 누수를 방지하기 위하여, 등록을 강제로 제거했습니다.
03-Aug-2025 01:25:45.686 WARNING [Thread-1] org.apache.catalina.loader.WebappClassLoaderBase.clearReferencesThreads 웹 애플리케이션 [ROOT]이(가) [mysql-cj-abandoned-connection-cleanup](이)라는 이름의 쓰레드를 시작시킨 것으로 보이지만, 해당 쓰레드를 중지시키지 못했습니다. 이는 메모리 누수를 유발할 가능성이 큽니다. 해당 쓰레드의 스택 트레이스:
 java.base@11.0.26/java.lang.Object.wait(Native Method)
 java.base@11.0.26/java.lang.ref.ReferenceQueue.remove(ReferenceQueue.java:155)
 com.mysql.cj.jdbc.AbandonedConnectionCleanupThread.run(AbandonedConnectionCleanupThread.java:91)
 java.base@11.0.26/java.util.concurrent.ThreadPoolExecutor.runWorker(ThreadPoolExecutor.java:1128)
 java.base@11.0.26/java.util.concurrent.ThreadPoolExecutor$Worker.run(ThreadPoolExecutor.java:628)
 java.base@11.0.26/java.lang.Thread.run(Thread.java:834)
03-Aug-2025 01:25:45.701 INFO [Thread-1] org.apache.coyote.AbstractProtocol.stop 프로토콜 핸들러 ["http-nio-8080"]을(를) 중지시킵니다.
03-Aug-2025 01:25:45.717 INFO [Thread-1] org.apache.coyote.AbstractProtocol.destroy 프로토콜 핸들러 ["http-nio-8080"]을(를) 소멸시킵니다.
03-Aug-2025 01:25:59.061 INFO [main] org.apache.catalina.startup.VersionLoggerListener.log 서버 버전 이름:    Apache Tomcat/9.0.106
03-Aug-2025 01:25:59.076 INFO [main] org.apache.catalina.startup.VersionLoggerListener.log Server 빌드 시각:  Jun 5 2025 19:02:30 UTC
03-Aug-2025 01:25:59.076 INFO [main] org.apache.catalina.startup.VersionLoggerListener.log Server 버전 번호:  9.0.106.0
03-Aug-2025 01:25:59.076 INFO [main] org.apache.catalina.startup.VersionLoggerListener.log 운영체제 이름:     Windows 10
03-Aug-2025 01:25:59.077 INFO [main] org.apache.catalina.startup.VersionLoggerListener.log 운영체제 버전:     10.0
03-Aug-2025 01:25:59.077 INFO [main] org.apache.catalina.startup.VersionLoggerListener.log 아키텍처:          amd64
03-Aug-2025 01:25:59.077 INFO [main] org.apache.catalina.startup.VersionLoggerListener.log 자바 홈:           C:\Program Files\Java\jdk-11
03-Aug-2025 01:25:59.077 INFO [main] org.apache.catalina.startup.VersionLoggerListener.log JVM 버전:          11.0.26+7-LTS-187
03-Aug-2025 01:25:59.077 INFO [main] org.apache.catalina.startup.VersionLoggerListener.log JVM 벤더:          Oracle Corporation
03-Aug-2025 01:25:59.077 INFO [main] org.apache.catalina.startup.VersionLoggerListener.log CATALINA_BASE:     C:\spring_workspace\moim_project
03-Aug-2025 01:25:59.078 INFO [main] org.apache.catalina.startup.VersionLoggerListener.log CATALINA_HOME:     C:\tools\tomcat_9.0
03-Aug-2025 01:25:59.097 INFO [main] org.apache.catalina.startup.VersionLoggerListener.log 명령 행 아규먼트:  --add-opens=java.base/java.lang=ALL-UNNAMED
03-Aug-2025 01:25:59.097 INFO [main] org.apache.catalina.startup.VersionLoggerListener.log 명령 행 아규먼트:  --add-opens=java.base/java.io=ALL-UNNAMED
03-Aug-2025 01:25:59.097 INFO [main] org.apache.catalina.startup.VersionLoggerListener.log 명령 행 아규먼트:  --add-opens=java.base/java.util=ALL-UNNAMED
03-Aug-2025 01:25:59.098 INFO [main] org.apache.catalina.startup.VersionLoggerListener.log 명령 행 아규먼트:  --add-opens=java.base/java.util.concurrent=ALL-UNNAMED
03-Aug-2025 01:25:59.098 INFO [main] org.apache.catalina.startup.VersionLoggerListener.log 명령 행 아규먼트:  --add-opens=java.rmi/sun.rmi.transport=ALL-UNNAMED
03-Aug-2025 01:25:59.098 INFO [main] org.apache.catalina.startup.VersionLoggerListener.log 명령 행 아규먼트:  -Dcatalina.home=C:\tools\tomcat_9.0
03-Aug-2025 01:25:59.098 INFO [main] org.apache.catalina.startup.VersionLoggerListener.log 명령 행 아규먼트:  -Dcatalina.base=C:\spring_workspace\moim_project
03-Aug-2025 01:25:59.098 INFO [main] org.apache.catalina.startup.VersionLoggerListener.log 명령 행 아규먼트:  -Djava.io.tmpdir=C:\spring_workspace\moim_project\temp
03-Aug-2025 01:25:59.098 INFO [main] org.apache.catalina.startup.VersionLoggerListener.log 명령 행 아규먼트:  -Djava.util.logging.config.file=C:\spring_workspace\moim_project\conf\logging.properties
03-Aug-2025 01:25:59.099 INFO [main] org.apache.catalina.startup.VersionLoggerListener.log 명령 행 아규먼트:  -Djava.util.logging.manager=org.apache.juli.ClassLoaderLogManager
03-Aug-2025 01:25:59.099 INFO [main] org.apache.catalina.startup.VersionLoggerListener.log 명령 행 아규먼트:  -javaagent:C:\Program Files\JetBrains\IntelliJ IDEA Community Edition 2025.1.3\lib\idea_rt.jar=60931
03-Aug-2025 01:25:59.102 INFO [main] org.apache.catalina.startup.VersionLoggerListener.log 명령 행 아규먼트:  -Dfile.encoding=UTF-8
03-Aug-2025 01:25:59.116 INFO [main] org.apache.catalina.core.AprLifecycleListener.lifecycleEvent 프로덕션 환경들에서 최적의 성능을 제공하는, APR 기반 Apache Tomcat Native 라이브러리가, 다음 java.library.path에서 발견되지 않습니다: [C:\Program Files\Java\jdk-11\bin;C:\WINDOWS\Sun\Java\bin;C:\WINDOWS\system32;C:\WINDOWS;C:\Python313\Scripts\;C:\Python313\;C:\Program Files\Common Files\Oracle\Java\javapath;C:\WINDOWS\system32;C:\WINDOWS;C:\WINDOWS\System32\Wbem;C:\WINDOWS\System32\WindowsPowerShell\v1.0\;C:\WINDOWS\System32\OpenSSH\;C:\Program Files\nodejs\;C:\ProgramData\chocolatey\bin;C:\Program Files\Git\cmd;%JAVA_HOME%\bin;C:\Users\boomi\AppData\Local\Microsoft\WindowsApps;C:\tools\Microsoft VS Code\bin;C:\Users\boomi\AppData\Roaming\npm;C:\Program Files\JetBrains\IntelliJ IDEA Community Edition 2025.1.3\bin;;.]
03-Aug-2025 01:25:59.843 INFO [main] org.apache.coyote.AbstractProtocol.init 프로토콜 핸들러 ["http-nio-8080"]을(를) 초기화합니다.
03-Aug-2025 01:25:59.885 INFO [main] org.apache.catalina.startup.Catalina.load [1319] 밀리초 내에 서버가 초기화되었습니다.
03-Aug-2025 01:26:00.057 INFO [main] org.apache.catalina.core.StandardService.startInternal 서비스 [Catalina]을(를) 시작합니다.
03-Aug-2025 01:26:00.058 INFO [main] org.apache.catalina.core.StandardEngine.startInternal 서버 엔진을 시작합니다: [Apache Tomcat/9.0.106]
03-Aug-2025 01:26:00.111 INFO [main] org.apache.catalina.startup.HostConfig.deployDescriptor 배치 descriptor [C:\spring_workspace\moim_project\conf\Catalina\localhost\ROOT.xml]을(를) 배치합니다.
03-Aug-2025 01:26:00.341 WARNING [main] org.apache.catalina.webresources.DirResourceSet.initInternal Disabled the global canonical file name cache to protect against CVE-2024-56337 when starting the WebResourceSet at [C:\spring_workspace\moim_project\target\classes] which is part of the web application []
03-Aug-2025 01:26:08.142 INFO [main] org.apache.jasper.servlet.TldScanner.scanJars 적어도 하나의 JAR가 TLD들을 찾기 위해 스캔되었으나 아무 것도 찾지 못했습니다. 스캔했으나 TLD가 없는 JAR들의 전체 목록을 보시려면, 로그 레벨을 디버그 레벨로 설정하십시오. 스캔 과정에서 불필요한 JAR들을 건너뛰면, 시스템 시작 시간과 JSP 컴파일 시간을 단축시킬 수 있습니다.
03-Aug-2025 01:26:12.446 WARNING [main] org.apache.catalina.util.SessionIdGeneratorBase.createSecureRandom [SHA1PRNG] 알고리즘을 사용하여, 세션 ID를 생성하기 위한 SecureRandom 객체를 생성하는데, [209] 밀리초가 소요됐습니다.
03-Aug-2025 01:26:15.821 INFO [main] org.apache.catalina.startup.HostConfig.deployDescriptor 배치 descriptor [C:\spring_workspace\moim_project\conf\Catalina\localhost\ROOT.xml]의 배치가 [15,709] 밀리초 내에 완료되었습니다.
03-Aug-2025 01:26:15.833 INFO [main] org.apache.coyote.AbstractProtocol.start 프로토콜 핸들러 ["http-nio-8080"]을(를) 시작합니다.
03-Aug-2025 01:26:15.860 INFO [main] org.apache.catalina.startup.Catalina.start 서버가 [15974] 밀리초 내에 시작되었습니다.
03-Aug-2025 01:41:35.438 INFO [Thread-1] org.apache.coyote.AbstractProtocol.pause 프로토콜 핸들러 ["http-nio-8080"]을(를) 일시 정지 중
03-Aug-2025 01:41:35.866 INFO [Thread-1] org.apache.catalina.core.StandardService.stopInternal 서비스 [Catalina]을(를) 중지시킵니다.
03-Aug-2025 01:41:35.919 WARNING [Thread-1] org.apache.catalina.loader.WebappClassLoaderBase.clearReferencesJdbc 웹 애플리케이션 [ROOT]이(가) JDBC 드라이버 [com.mysql.cj.jdbc.Driver]을(를) 등록했지만, 웹 애플리케이션이 중지될 때, 해당 JDBC 드라이버의 등록을 제거하지 못했습니다. 메모리 누수를 방지하기 위하여, 등록을 강제로 제거했습니다.
03-Aug-2025 01:41:35.919 WARNING [Thread-1] org.apache.catalina.loader.WebappClassLoaderBase.clearReferencesThreads 웹 애플리케이션 [ROOT]이(가) [mysql-cj-abandoned-connection-cleanup](이)라는 이름의 쓰레드를 시작시킨 것으로 보이지만, 해당 쓰레드를 중지시키지 못했습니다. 이는 메모리 누수를 유발할 가능성이 큽니다. 해당 쓰레드의 스택 트레이스:
 java.base@11.0.26/java.lang.Object.wait(Native Method)
 java.base@11.0.26/java.lang.ref.ReferenceQueue.remove(ReferenceQueue.java:155)
 com.mysql.cj.jdbc.AbandonedConnectionCleanupThread.run(AbandonedConnectionCleanupThread.java:91)
 java.base@11.0.26/java.util.concurrent.ThreadPoolExecutor.runWorker(ThreadPoolExecutor.java:1128)
 java.base@11.0.26/java.util.concurrent.ThreadPoolExecutor$Worker.run(ThreadPoolExecutor.java:628)
 java.base@11.0.26/java.lang.Thread.run(Thread.java:834)
03-Aug-2025 01:41:35.937 INFO [Thread-1] org.apache.coyote.AbstractProtocol.stop 프로토콜 핸들러 ["http-nio-8080"]을(를) 중지시킵니다.
03-Aug-2025 01:41:35.948 INFO [Thread-1] org.apache.coyote.AbstractProtocol.destroy 프로토콜 핸들러 ["http-nio-8080"]을(를) 소멸시킵니다.
03-Aug-2025 17:07:26.521 INFO [main] org.apache.catalina.startup.VersionLoggerListener.log 서버 버전 이름:    Apache Tomcat/9.0.106
03-Aug-2025 17:07:26.528 INFO [main] org.apache.catalina.startup.VersionLoggerListener.log Server 빌드 시각:  Jun 5 2025 19:02:30 UTC
03-Aug-2025 17:07:26.528 INFO [main] org.apache.catalina.startup.VersionLoggerListener.log Server 버전 번호:  9.0.106.0
03-Aug-2025 17:07:26.529 INFO [main] org.apache.catalina.startup.VersionLoggerListener.log 운영체제 이름:     Windows 10
03-Aug-2025 17:07:26.529 INFO [main] org.apache.catalina.startup.VersionLoggerListener.log 운영체제 버전:     10.0
03-Aug-2025 17:07:26.529 INFO [main] org.apache.catalina.startup.VersionLoggerListener.log 아키텍처:          amd64
03-Aug-2025 17:07:26.529 INFO [main] org.apache.catalina.startup.VersionLoggerListener.log 자바 홈:           C:\Program Files\Java\jdk-11
03-Aug-2025 17:07:26.529 INFO [main] org.apache.catalina.startup.VersionLoggerListener.log JVM 버전:          11.0.26+7-LTS-187
03-Aug-2025 17:07:26.529 INFO [main] org.apache.catalina.startup.VersionLoggerListener.log JVM 벤더:          Oracle Corporation
03-Aug-2025 17:07:26.530 INFO [main] org.apache.catalina.startup.VersionLoggerListener.log CATALINA_BASE:     C:\spring_workspace\moim_project
03-Aug-2025 17:07:26.530 INFO [main] org.apache.catalina.startup.VersionLoggerListener.log CATALINA_HOME:     C:\tools\tomcat_9.0
03-Aug-2025 17:07:26.632 INFO [main] org.apache.catalina.startup.VersionLoggerListener.log 명령 행 아규먼트:  --add-opens=java.base/java.lang=ALL-UNNAMED
03-Aug-2025 17:07:26.633 INFO [main] org.apache.catalina.startup.VersionLoggerListener.log 명령 행 아규먼트:  --add-opens=java.base/java.io=ALL-UNNAMED
03-Aug-2025 17:07:26.633 INFO [main] org.apache.catalina.startup.VersionLoggerListener.log 명령 행 아규먼트:  --add-opens=java.base/java.util=ALL-UNNAMED
03-Aug-2025 17:07:26.633 INFO [main] org.apache.catalina.startup.VersionLoggerListener.log 명령 행 아규먼트:  --add-opens=java.base/java.util.concurrent=ALL-UNNAMED
03-Aug-2025 17:07:26.633 INFO [main] org.apache.catalina.startup.VersionLoggerListener.log 명령 행 아규먼트:  --add-opens=java.rmi/sun.rmi.transport=ALL-UNNAMED
03-Aug-2025 17:07:26.634 INFO [main] org.apache.catalina.startup.VersionLoggerListener.log 명령 행 아규먼트:  -Dcatalina.home=C:\tools\tomcat_9.0
03-Aug-2025 17:07:26.634 INFO [main] org.apache.catalina.startup.VersionLoggerListener.log 명령 행 아규먼트:  -Dcatalina.base=C:\spring_workspace\moim_project
03-Aug-2025 17:07:26.634 INFO [main] org.apache.catalina.startup.VersionLoggerListener.log 명령 행 아규먼트:  -Djava.io.tmpdir=C:\spring_workspace\moim_project\temp
03-Aug-2025 17:07:26.634 INFO [main] org.apache.catalina.startup.VersionLoggerListener.log 명령 행 아규먼트:  -Djava.util.logging.config.file=C:\spring_workspace\moim_project\conf\logging.properties
03-Aug-2025 17:07:26.635 INFO [main] org.apache.catalina.startup.VersionLoggerListener.log 명령 행 아규먼트:  -Djava.util.logging.manager=org.apache.juli.ClassLoaderLogManager
03-Aug-2025 17:07:26.635 INFO [main] org.apache.catalina.startup.VersionLoggerListener.log 명령 행 아규먼트:  -javaagent:C:\Program Files\JetBrains\IntelliJ IDEA Community Edition 2025.1.3\lib\idea_rt.jar=62807
03-Aug-2025 17:07:26.635 INFO [main] org.apache.catalina.startup.VersionLoggerListener.log 명령 행 아규먼트:  -Dfile.encoding=UTF-8
03-Aug-2025 17:07:26.658 INFO [main] org.apache.catalina.core.AprLifecycleListener.lifecycleEvent 프로덕션 환경들에서 최적의 성능을 제공하는, APR 기반 Apache Tomcat Native 라이브러리가, 다음 java.library.path에서 발견되지 않습니다: [C:\Program Files\Java\jdk-11\bin;C:\WINDOWS\Sun\Java\bin;C:\WINDOWS\system32;C:\WINDOWS;C:\Python313\Scripts\;C:\Python313\;C:\Program Files\Common Files\Oracle\Java\javapath;C:\WINDOWS\system32;C:\WINDOWS;C:\WINDOWS\System32\Wbem;C:\WINDOWS\System32\WindowsPowerShell\v1.0\;C:\WINDOWS\System32\OpenSSH\;C:\Program Files\nodejs\;C:\ProgramData\chocolatey\bin;C:\Program Files\Git\cmd;%JAVA_HOME%\bin;C:\Users\boomi\AppData\Local\Microsoft\WindowsApps;C:\tools\Microsoft VS Code\bin;C:\Users\boomi\AppData\Roaming\npm;C:\Program Files\JetBrains\IntelliJ IDEA Community Edition 2025.1.3\bin;;.]
03-Aug-2025 17:07:27.560 INFO [main] org.apache.coyote.AbstractProtocol.init 프로토콜 핸들러 ["http-nio-8080"]을(를) 초기화합니다.
03-Aug-2025 17:07:27.599 INFO [main] org.apache.catalina.startup.Catalina.load [1645] 밀리초 내에 서버가 초기화되었습니다.
03-Aug-2025 17:07:27.731 INFO [main] org.apache.catalina.core.StandardService.startInternal 서비스 [Catalina]을(를) 시작합니다.
03-Aug-2025 17:07:27.731 INFO [main] org.apache.catalina.core.StandardEngine.startInternal 서버 엔진을 시작합니다: [Apache Tomcat/9.0.106]
03-Aug-2025 17:07:27.751 INFO [main] org.apache.catalina.startup.HostConfig.deployDescriptor 배치 descriptor [C:\spring_workspace\moim_project\conf\Catalina\localhost\ROOT.xml]을(를) 배치합니다.
03-Aug-2025 17:07:27.892 WARNING [main] org.apache.catalina.webresources.DirResourceSet.initInternal Disabled the global canonical file name cache to protect against CVE-2024-56337 when starting the WebResourceSet at [C:\spring_workspace\moim_project\target\classes] which is part of the web application []
03-Aug-2025 17:07:36.533 INFO [main] org.apache.jasper.servlet.TldScanner.scanJars 적어도 하나의 JAR가 TLD들을 찾기 위해 스캔되었으나 아무 것도 찾지 못했습니다. 스캔했으나 TLD가 없는 JAR들의 전체 목록을 보시려면, 로그 레벨을 디버그 레벨로 설정하십시오. 스캔 과정에서 불필요한 JAR들을 건너뛰면, 시스템 시작 시간과 JSP 컴파일 시간을 단축시킬 수 있습니다.
03-Aug-2025 17:07:40.887 WARNING [main] org.apache.catalina.util.SessionIdGeneratorBase.createSecureRandom [SHA1PRNG] 알고리즘을 사용하여, 세션 ID를 생성하기 위한 SecureRandom 객체를 생성하는데, [505] 밀리초가 소요됐습니다.
03-Aug-2025 17:07:43.524 INFO [main] org.apache.catalina.startup.HostConfig.deployDescriptor 배치 descriptor [C:\spring_workspace\moim_project\conf\Catalina\localhost\ROOT.xml]의 배치가 [15,774] 밀리초 내에 완료되었습니다.
03-Aug-2025 17:07:43.532 INFO [main] org.apache.coyote.AbstractProtocol.start 프로토콜 핸들러 ["http-nio-8080"]을(를) 시작합니다.
03-Aug-2025 17:07:43.555 INFO [main] org.apache.catalina.startup.Catalina.start 서버가 [15954] 밀리초 내에 시작되었습니다.
03-Aug-2025 17:25:12.624 INFO [Thread-1] org.apache.coyote.AbstractProtocol.pause 프로토콜 핸들러 ["http-nio-8080"]을(를) 일시 정지 중
03-Aug-2025 17:25:14.101 INFO [Thread-1] org.apache.catalina.core.StandardService.stopInternal 서비스 [Catalina]을(를) 중지시킵니다.
03-Aug-2025 17:25:14.161 WARNING [Thread-1] org.apache.catalina.loader.WebappClassLoaderBase.clearReferencesJdbc 웹 애플리케이션 [ROOT]이(가) JDBC 드라이버 [com.mysql.cj.jdbc.Driver]을(를) 등록했지만, 웹 애플리케이션이 중지될 때, 해당 JDBC 드라이버의 등록을 제거하지 못했습니다. 메모리 누수를 방지하기 위하여, 등록을 강제로 제거했습니다.
03-Aug-2025 17:25:14.162 WARNING [Thread-1] org.apache.catalina.loader.WebappClassLoaderBase.clearReferencesThreads 웹 애플리케이션 [ROOT]이(가) [mysql-cj-abandoned-connection-cleanup](이)라는 이름의 쓰레드를 시작시킨 것으로 보이지만, 해당 쓰레드를 중지시키지 못했습니다. 이는 메모리 누수를 유발할 가능성이 큽니다. 해당 쓰레드의 스택 트레이스:
 java.base@11.0.26/java.lang.Object.wait(Native Method)
 java.base@11.0.26/java.lang.ref.ReferenceQueue.remove(ReferenceQueue.java:155)
 com.mysql.cj.jdbc.AbandonedConnectionCleanupThread.run(AbandonedConnectionCleanupThread.java:91)
 java.base@11.0.26/java.util.concurrent.ThreadPoolExecutor.runWorker(ThreadPoolExecutor.java:1128)
 java.base@11.0.26/java.util.concurrent.ThreadPoolExecutor$Worker.run(ThreadPoolExecutor.java:628)
 java.base@11.0.26/java.lang.Thread.run(Thread.java:834)
03-Aug-2025 17:25:14.182 INFO [Thread-1] org.apache.coyote.AbstractProtocol.stop 프로토콜 핸들러 ["http-nio-8080"]을(를) 중지시킵니다.
03-Aug-2025 17:25:14.196 INFO [Thread-1] org.apache.coyote.AbstractProtocol.destroy 프로토콜 핸들러 ["http-nio-8080"]을(를) 소멸시킵니다.
03-Aug-2025 17:25:26.479 INFO [main] org.apache.catalina.startup.VersionLoggerListener.log 서버 버전 이름:    Apache Tomcat/9.0.106
03-Aug-2025 17:25:26.495 INFO [main] org.apache.catalina.startup.VersionLoggerListener.log Server 빌드 시각:  Jun 5 2025 19:02:30 UTC
03-Aug-2025 17:25:26.495 INFO [main] org.apache.catalina.startup.VersionLoggerListener.log Server 버전 번호:  9.0.106.0
03-Aug-2025 17:25:26.496 INFO [main] org.apache.catalina.startup.VersionLoggerListener.log 운영체제 이름:     Windows 10
03-Aug-2025 17:25:26.499 INFO [main] org.apache.catalina.startup.VersionLoggerListener.log 운영체제 버전:     10.0
03-Aug-2025 17:25:26.500 INFO [main] org.apache.catalina.startup.VersionLoggerListener.log 아키텍처:          amd64
03-Aug-2025 17:25:26.500 INFO [main] org.apache.catalina.startup.VersionLoggerListener.log 자바 홈:           C:\Program Files\Java\jdk-11
03-Aug-2025 17:25:26.500 INFO [main] org.apache.catalina.startup.VersionLoggerListener.log JVM 버전:          11.0.26+7-LTS-187
03-Aug-2025 17:25:26.500 INFO [main] org.apache.catalina.startup.VersionLoggerListener.log JVM 벤더:          Oracle Corporation
03-Aug-2025 17:25:26.501 INFO [main] org.apache.catalina.startup.VersionLoggerListener.log CATALINA_BASE:     C:\spring_workspace\moim_project
03-Aug-2025 17:25:26.501 INFO [main] org.apache.catalina.startup.VersionLoggerListener.log CATALINA_HOME:     C:\tools\tomcat_9.0
03-Aug-2025 17:25:26.560 INFO [main] org.apache.catalina.startup.VersionLoggerListener.log 명령 행 아규먼트:  --add-opens=java.base/java.lang=ALL-UNNAMED
03-Aug-2025 17:25:26.561 INFO [main] org.apache.catalina.startup.VersionLoggerListener.log 명령 행 아규먼트:  --add-opens=java.base/java.io=ALL-UNNAMED
03-Aug-2025 17:25:26.562 INFO [main] org.apache.catalina.startup.VersionLoggerListener.log 명령 행 아규먼트:  --add-opens=java.base/java.util=ALL-UNNAMED
03-Aug-2025 17:25:26.562 INFO [main] org.apache.catalina.startup.VersionLoggerListener.log 명령 행 아규먼트:  --add-opens=java.base/java.util.concurrent=ALL-UNNAMED
03-Aug-2025 17:25:26.569 INFO [main] org.apache.catalina.startup.VersionLoggerListener.log 명령 행 아규먼트:  --add-opens=java.rmi/sun.rmi.transport=ALL-UNNAMED
03-Aug-2025 17:25:26.569 INFO [main] org.apache.catalina.startup.VersionLoggerListener.log 명령 행 아규먼트:  -Dcatalina.home=C:\tools\tomcat_9.0
03-Aug-2025 17:25:26.571 INFO [main] org.apache.catalina.startup.VersionLoggerListener.log 명령 행 아규먼트:  -Dcatalina.base=C:\spring_workspace\moim_project
03-Aug-2025 17:25:26.572 INFO [main] org.apache.catalina.startup.VersionLoggerListener.log 명령 행 아규먼트:  -Djava.io.tmpdir=C:\spring_workspace\moim_project\temp
03-Aug-2025 17:25:26.572 INFO [main] org.apache.catalina.startup.VersionLoggerListener.log 명령 행 아규먼트:  -Djava.util.logging.config.file=C:\spring_workspace\moim_project\conf\logging.properties
03-Aug-2025 17:25:26.573 INFO [main] org.apache.catalina.startup.VersionLoggerListener.log 명령 행 아규먼트:  -Djava.util.logging.manager=org.apache.juli.ClassLoaderLogManager
03-Aug-2025 17:25:26.573 INFO [main] org.apache.catalina.startup.VersionLoggerListener.log 명령 행 아규먼트:  -javaagent:C:\Program Files\JetBrains\IntelliJ IDEA Community Edition 2025.1.3\lib\idea_rt.jar=63151
03-Aug-2025 17:25:26.573 INFO [main] org.apache.catalina.startup.VersionLoggerListener.log 명령 행 아규먼트:  -Dfile.encoding=UTF-8
03-Aug-2025 17:25:26.623 INFO [main] org.apache.catalina.core.AprLifecycleListener.lifecycleEvent 프로덕션 환경들에서 최적의 성능을 제공하는, APR 기반 Apache Tomcat Native 라이브러리가, 다음 java.library.path에서 발견되지 않습니다: [C:\Program Files\Java\jdk-11\bin;C:\WINDOWS\Sun\Java\bin;C:\WINDOWS\system32;C:\WINDOWS;C:\Python313\Scripts\;C:\Python313\;C:\Program Files\Common Files\Oracle\Java\javapath;C:\WINDOWS\system32;C:\WINDOWS;C:\WINDOWS\System32\Wbem;C:\WINDOWS\System32\WindowsPowerShell\v1.0\;C:\WINDOWS\System32\OpenSSH\;C:\Program Files\nodejs\;C:\ProgramData\chocolatey\bin;C:\Program Files\Git\cmd;%JAVA_HOME%\bin;C:\Users\boomi\AppData\Local\Microsoft\WindowsApps;C:\tools\Microsoft VS Code\bin;C:\Users\boomi\AppData\Roaming\npm;C:\Program Files\JetBrains\IntelliJ IDEA Community Edition 2025.1.3\bin;;.]
03-Aug-2025 17:25:27.576 INFO [main] org.apache.coyote.AbstractProtocol.init 프로토콜 핸들러 ["http-nio-8080"]을(를) 초기화합니다.
03-Aug-2025 17:25:27.633 INFO [main] org.apache.catalina.startup.Catalina.load [2144] 밀리초 내에 서버가 초기화되었습니다.
03-Aug-2025 17:25:27.805 INFO [main] org.apache.catalina.core.StandardService.startInternal 서비스 [Catalina]을(를) 시작합니다.
03-Aug-2025 17:25:27.805 INFO [main] org.apache.catalina.core.StandardEngine.startInternal 서버 엔진을 시작합니다: [Apache Tomcat/9.0.106]
03-Aug-2025 17:25:27.825 INFO [main] org.apache.catalina.startup.HostConfig.deployDescriptor 배치 descriptor [C:\spring_workspace\moim_project\conf\Catalina\localhost\ROOT.xml]을(를) 배치합니다.
03-Aug-2025 17:25:27.966 WARNING [main] org.apache.catalina.webresources.DirResourceSet.initInternal Disabled the global canonical file name cache to protect against CVE-2024-56337 when starting the WebResourceSet at [C:\spring_workspace\moim_project\target\classes] which is part of the web application []
03-Aug-2025 17:25:34.282 INFO [main] org.apache.jasper.servlet.TldScanner.scanJars 적어도 하나의 JAR가 TLD들을 찾기 위해 스캔되었으나 아무 것도 찾지 못했습니다. 스캔했으나 TLD가 없는 JAR들의 전체 목록을 보시려면, 로그 레벨을 디버그 레벨로 설정하십시오. 스캔 과정에서 불필요한 JAR들을 건너뛰면, 시스템 시작 시간과 JSP 컴파일 시간을 단축시킬 수 있습니다.
03-Aug-2025 17:25:38.890 WARNING [main] org.apache.catalina.util.SessionIdGeneratorBase.createSecureRandom [SHA1PRNG] 알고리즘을 사용하여, 세션 ID를 생성하기 위한 SecureRandom 객체를 생성하는데, [524] 밀리초가 소요됐습니다.
03-Aug-2025 17:25:41.695 INFO [main] org.apache.catalina.startup.HostConfig.deployDescriptor 배치 descriptor [C:\spring_workspace\moim_project\conf\Catalina\localhost\ROOT.xml]의 배치가 [13,870] 밀리초 내에 완료되었습니다.
03-Aug-2025 17:25:41.701 INFO [main] org.apache.coyote.AbstractProtocol.start 프로토콜 핸들러 ["http-nio-8080"]을(를) 시작합니다.
03-Aug-2025 17:25:41.718 INFO [main] org.apache.catalina.startup.Catalina.start 서버가 [14085] 밀리초 내에 시작되었습니다.
03-Aug-2025 17:31:49.769 INFO [Thread-1] org.apache.coyote.AbstractProtocol.pause 프로토콜 핸들러 ["http-nio-8080"]을(를) 일시 정지 중
03-Aug-2025 17:31:51.021 INFO [Thread-1] org.apache.catalina.core.StandardService.stopInternal 서비스 [Catalina]을(를) 중지시킵니다.
03-Aug-2025 17:31:51.086 WARNING [Thread-1] org.apache.catalina.loader.WebappClassLoaderBase.clearReferencesJdbc 웹 애플리케이션 [ROOT]이(가) JDBC 드라이버 [com.mysql.cj.jdbc.Driver]을(를) 등록했지만, 웹 애플리케이션이 중지될 때, 해당 JDBC 드라이버의 등록을 제거하지 못했습니다. 메모리 누수를 방지하기 위하여, 등록을 강제로 제거했습니다.
03-Aug-2025 17:31:51.089 WARNING [Thread-1] org.apache.catalina.loader.WebappClassLoaderBase.clearReferencesThreads 웹 애플리케이션 [ROOT]이(가) [mysql-cj-abandoned-connection-cleanup](이)라는 이름의 쓰레드를 시작시킨 것으로 보이지만, 해당 쓰레드를 중지시키지 못했습니다. 이는 메모리 누수를 유발할 가능성이 큽니다. 해당 쓰레드의 스택 트레이스:
 java.base@11.0.26/java.lang.Object.wait(Native Method)
 java.base@11.0.26/java.lang.ref.ReferenceQueue.remove(ReferenceQueue.java:155)
 com.mysql.cj.jdbc.AbandonedConnectionCleanupThread.run(AbandonedConnectionCleanupThread.java:91)
 java.base@11.0.26/java.util.concurrent.ThreadPoolExecutor.runWorker(ThreadPoolExecutor.java:1128)
 java.base@11.0.26/java.util.concurrent.ThreadPoolExecutor$Worker.run(ThreadPoolExecutor.java:628)
 java.base@11.0.26/java.lang.Thread.run(Thread.java:834)
03-Aug-2025 17:31:51.109 INFO [Thread-1] org.apache.coyote.AbstractProtocol.stop 프로토콜 핸들러 ["http-nio-8080"]을(를) 중지시킵니다.
03-Aug-2025 17:31:51.119 INFO [Thread-1] org.apache.coyote.AbstractProtocol.destroy 프로토콜 핸들러 ["http-nio-8080"]을(를) 소멸시킵니다.
03-Aug-2025 17:31:54.809 INFO [main] org.apache.catalina.startup.VersionLoggerListener.log 서버 버전 이름:    Apache Tomcat/9.0.106
03-Aug-2025 17:31:54.816 INFO [main] org.apache.catalina.startup.VersionLoggerListener.log Server 빌드 시각:  Jun 5 2025 19:02:30 UTC
03-Aug-2025 17:31:54.817 INFO [main] org.apache.catalina.startup.VersionLoggerListener.log Server 버전 번호:  9.0.106.0
03-Aug-2025 17:31:54.817 INFO [main] org.apache.catalina.startup.VersionLoggerListener.log 운영체제 이름:     Windows 10
03-Aug-2025 17:31:54.817 INFO [main] org.apache.catalina.startup.VersionLoggerListener.log 운영체제 버전:     10.0
03-Aug-2025 17:31:54.817 INFO [main] org.apache.catalina.startup.VersionLoggerListener.log 아키텍처:          amd64
03-Aug-2025 17:31:54.817 INFO [main] org.apache.catalina.startup.VersionLoggerListener.log 자바 홈:           C:\Program Files\Java\jdk-11
03-Aug-2025 17:31:54.817 INFO [main] org.apache.catalina.startup.VersionLoggerListener.log JVM 버전:          11.0.26+7-LTS-187
03-Aug-2025 17:31:54.818 INFO [main] org.apache.catalina.startup.VersionLoggerListener.log JVM 벤더:          Oracle Corporation
03-Aug-2025 17:31:54.818 INFO [main] org.apache.catalina.startup.VersionLoggerListener.log CATALINA_BASE:     C:\spring_workspace\moim_project
03-Aug-2025 17:31:54.818 INFO [main] org.apache.catalina.startup.VersionLoggerListener.log CATALINA_HOME:     C:\tools\tomcat_9.0
03-Aug-2025 17:31:54.847 INFO [main] org.apache.catalina.startup.VersionLoggerListener.log 명령 행 아규먼트:  --add-opens=java.base/java.lang=ALL-UNNAMED
03-Aug-2025 17:31:54.847 INFO [main] org.apache.catalina.startup.VersionLoggerListener.log 명령 행 아규먼트:  --add-opens=java.base/java.io=ALL-UNNAMED
03-Aug-2025 17:31:54.848 INFO [main] org.apache.catalina.startup.VersionLoggerListener.log 명령 행 아규먼트:  --add-opens=java.base/java.util=ALL-UNNAMED
03-Aug-2025 17:31:54.848 INFO [main] org.apache.catalina.startup.VersionLoggerListener.log 명령 행 아규먼트:  --add-opens=java.base/java.util.concurrent=ALL-UNNAMED
03-Aug-2025 17:31:54.848 INFO [main] org.apache.catalina.startup.VersionLoggerListener.log 명령 행 아규먼트:  --add-opens=java.rmi/sun.rmi.transport=ALL-UNNAMED
03-Aug-2025 17:31:54.848 INFO [main] org.apache.catalina.startup.VersionLoggerListener.log 명령 행 아규먼트:  -Dcatalina.home=C:\tools\tomcat_9.0
03-Aug-2025 17:31:54.848 INFO [main] org.apache.catalina.startup.VersionLoggerListener.log 명령 행 아규먼트:  -Dcatalina.base=C:\spring_workspace\moim_project
03-Aug-2025 17:31:54.849 INFO [main] org.apache.catalina.startup.VersionLoggerListener.log 명령 행 아규먼트:  -Djava.io.tmpdir=C:\spring_workspace\moim_project\temp
03-Aug-2025 17:31:54.849 INFO [main] org.apache.catalina.startup.VersionLoggerListener.log 명령 행 아규먼트:  -Djava.util.logging.config.file=C:\spring_workspace\moim_project\conf\logging.properties
03-Aug-2025 17:31:54.849 INFO [main] org.apache.catalina.startup.VersionLoggerListener.log 명령 행 아규먼트:  -Djava.util.logging.manager=org.apache.juli.ClassLoaderLogManager
03-Aug-2025 17:31:54.849 INFO [main] org.apache.catalina.startup.VersionLoggerListener.log 명령 행 아규먼트:  -javaagent:C:\Program Files\JetBrains\IntelliJ IDEA Community Edition 2025.1.3\lib\idea_rt.jar=63311
03-Aug-2025 17:31:54.849 INFO [main] org.apache.catalina.startup.VersionLoggerListener.log 명령 행 아규먼트:  -Dfile.encoding=UTF-8
03-Aug-2025 17:31:54.868 INFO [main] org.apache.catalina.core.AprLifecycleListener.lifecycleEvent 프로덕션 환경들에서 최적의 성능을 제공하는, APR 기반 Apache Tomcat Native 라이브러리가, 다음 java.library.path에서 발견되지 않습니다: [C:\Program Files\Java\jdk-11\bin;C:\WINDOWS\Sun\Java\bin;C:\WINDOWS\system32;C:\WINDOWS;C:\Python313\Scripts\;C:\Python313\;C:\Program Files\Common Files\Oracle\Java\javapath;C:\WINDOWS\system32;C:\WINDOWS;C:\WINDOWS\System32\Wbem;C:\WINDOWS\System32\WindowsPowerShell\v1.0\;C:\WINDOWS\System32\OpenSSH\;C:\Program Files\nodejs\;C:\ProgramData\chocolatey\bin;C:\Program Files\Git\cmd;%JAVA_HOME%\bin;C:\Users\boomi\AppData\Local\Microsoft\WindowsApps;C:\tools\Microsoft VS Code\bin;C:\Users\boomi\AppData\Roaming\npm;C:\Program Files\JetBrains\IntelliJ IDEA Community Edition 2025.1.3\bin;;.]
03-Aug-2025 17:31:55.412 INFO [main] org.apache.coyote.AbstractProtocol.init 프로토콜 핸들러 ["http-nio-8080"]을(를) 초기화합니다.
03-Aug-2025 17:31:55.446 INFO [main] org.apache.catalina.startup.Catalina.load [1062] 밀리초 내에 서버가 초기화되었습니다.
03-Aug-2025 17:31:55.575 INFO [main] org.apache.catalina.core.StandardService.startInternal 서비스 [Catalina]을(를) 시작합니다.
03-Aug-2025 17:31:55.575 INFO [main] org.apache.catalina.core.StandardEngine.startInternal 서버 엔진을 시작합니다: [Apache Tomcat/9.0.106]
03-Aug-2025 17:31:55.599 INFO [main] org.apache.catalina.startup.HostConfig.deployDescriptor 배치 descriptor [C:\spring_workspace\moim_project\conf\Catalina\localhost\ROOT.xml]을(를) 배치합니다.
03-Aug-2025 17:31:55.734 WARNING [main] org.apache.catalina.webresources.DirResourceSet.initInternal Disabled the global canonical file name cache to protect against CVE-2024-56337 when starting the WebResourceSet at [C:\spring_workspace\moim_project\target\classes] which is part of the web application []
03-Aug-2025 17:32:02.861 INFO [main] org.apache.jasper.servlet.TldScanner.scanJars 적어도 하나의 JAR가 TLD들을 찾기 위해 스캔되었으나 아무 것도 찾지 못했습니다. 스캔했으나 TLD가 없는 JAR들의 전체 목록을 보시려면, 로그 레벨을 디버그 레벨로 설정하십시오. 스캔 과정에서 불필요한 JAR들을 건너뛰면, 시스템 시작 시간과 JSP 컴파일 시간을 단축시킬 수 있습니다.
03-Aug-2025 17:32:07.267 WARNING [main] org.apache.catalina.util.SessionIdGeneratorBase.createSecureRandom [SHA1PRNG] 알고리즘을 사용하여, 세션 ID를 생성하기 위한 SecureRandom 객체를 생성하는데, [463] 밀리초가 소요됐습니다.
03-Aug-2025 17:32:09.773 INFO [main] org.apache.catalina.startup.HostConfig.deployDescriptor 배치 descriptor [C:\spring_workspace\moim_project\conf\Catalina\localhost\ROOT.xml]의 배치가 [14,175] 밀리초 내에 완료되었습니다.
03-Aug-2025 17:32:09.782 INFO [main] org.apache.coyote.AbstractProtocol.start 프로토콜 핸들러 ["http-nio-8080"]을(를) 시작합니다.
03-Aug-2025 17:32:09.808 INFO [main] org.apache.catalina.startup.Catalina.start 서버가 [14361] 밀리초 내에 시작되었습니다.
03-Aug-2025 22:05:45.993 INFO [Thread-1] org.apache.coyote.AbstractProtocol.pause 프로토콜 핸들러 ["http-nio-8080"]을(를) 일시 정지 중
03-Aug-2025 22:05:46.639 INFO [Thread-1] org.apache.catalina.core.StandardService.stopInternal 서비스 [Catalina]을(를) 중지시킵니다.
03-Aug-2025 22:05:47.403 WARNING [Thread-1] org.apache.catalina.loader.WebappClassLoaderBase.clearReferencesJdbc 웹 애플리케이션 [ROOT]이(가) JDBC 드라이버 [com.mysql.cj.jdbc.Driver]을(를) 등록했지만, 웹 애플리케이션이 중지될 때, 해당 JDBC 드라이버의 등록을 제거하지 못했습니다. 메모리 누수를 방지하기 위하여, 등록을 강제로 제거했습니다.
03-Aug-2025 22:05:47.414 WARNING [Thread-1] org.apache.catalina.loader.WebappClassLoaderBase.clearReferencesThreads 웹 애플리케이션 [ROOT]이(가) [mysql-cj-abandoned-connection-cleanup](이)라는 이름의 쓰레드를 시작시킨 것으로 보이지만, 해당 쓰레드를 중지시키지 못했습니다. 이는 메모리 누수를 유발할 가능성이 큽니다. 해당 쓰레드의 스택 트레이스:
 java.base@11.0.26/java.lang.Object.wait(Native Method)
 java.base@11.0.26/java.lang.ref.ReferenceQueue.remove(ReferenceQueue.java:155)
 com.mysql.cj.jdbc.AbandonedConnectionCleanupThread.run(AbandonedConnectionCleanupThread.java:91)
 java.base@11.0.26/java.util.concurrent.ThreadPoolExecutor.runWorker(ThreadPoolExecutor.java:1128)
 java.base@11.0.26/java.util.concurrent.ThreadPoolExecutor$Worker.run(ThreadPoolExecutor.java:628)
 java.base@11.0.26/java.lang.Thread.run(Thread.java:834)
03-Aug-2025 22:05:47.595 INFO [Thread-1] org.apache.coyote.AbstractProtocol.stop 프로토콜 핸들러 ["http-nio-8080"]을(를) 중지시킵니다.
03-Aug-2025 22:05:47.716 INFO [Thread-1] org.apache.coyote.AbstractProtocol.destroy 프로토콜 핸들러 ["http-nio-8080"]을(를) 소멸시킵니다.
03-Aug-2025 22:05:59.260 INFO [main] org.apache.catalina.startup.VersionLoggerListener.log 서버 버전 이름:    Apache Tomcat/9.0.106
03-Aug-2025 22:05:59.266 INFO [main] org.apache.catalina.startup.VersionLoggerListener.log Server 빌드 시각:  Jun 5 2025 19:02:30 UTC
03-Aug-2025 22:05:59.267 INFO [main] org.apache.catalina.startup.VersionLoggerListener.log Server 버전 번호:  9.0.106.0
03-Aug-2025 22:05:59.267 INFO [main] org.apache.catalina.startup.VersionLoggerListener.log 운영체제 이름:     Windows 10
03-Aug-2025 22:05:59.268 INFO [main] org.apache.catalina.startup.VersionLoggerListener.log 운영체제 버전:     10.0
03-Aug-2025 22:05:59.268 INFO [main] org.apache.catalina.startup.VersionLoggerListener.log 아키텍처:          amd64
03-Aug-2025 22:05:59.268 INFO [main] org.apache.catalina.startup.VersionLoggerListener.log 자바 홈:           C:\Program Files\Java\jdk-11
03-Aug-2025 22:05:59.269 INFO [main] org.apache.catalina.startup.VersionLoggerListener.log JVM 버전:          11.0.26+7-LTS-187
03-Aug-2025 22:05:59.269 INFO [main] org.apache.catalina.startup.VersionLoggerListener.log JVM 벤더:          Oracle Corporation
03-Aug-2025 22:05:59.270 INFO [main] org.apache.catalina.startup.VersionLoggerListener.log CATALINA_BASE:     C:\spring_workspace\moim_project
03-Aug-2025 22:05:59.271 INFO [main] org.apache.catalina.startup.VersionLoggerListener.log CATALINA_HOME:     C:\tools\tomcat_9.0
03-Aug-2025 22:05:59.299 INFO [main] org.apache.catalina.startup.VersionLoggerListener.log 명령 행 아규먼트:  --add-opens=java.base/java.lang=ALL-UNNAMED
03-Aug-2025 22:05:59.300 INFO [main] org.apache.catalina.startup.VersionLoggerListener.log 명령 행 아규먼트:  --add-opens=java.base/java.io=ALL-UNNAMED
03-Aug-2025 22:05:59.300 INFO [main] org.apache.catalina.startup.VersionLoggerListener.log 명령 행 아규먼트:  --add-opens=java.base/java.util=ALL-UNNAMED
03-Aug-2025 22:05:59.300 INFO [main] org.apache.catalina.startup.VersionLoggerListener.log 명령 행 아규먼트:  --add-opens=java.base/java.util.concurrent=ALL-UNNAMED
03-Aug-2025 22:05:59.300 INFO [main] org.apache.catalina.startup.VersionLoggerListener.log 명령 행 아규먼트:  --add-opens=java.rmi/sun.rmi.transport=ALL-UNNAMED
03-Aug-2025 22:05:59.301 INFO [main] org.apache.catalina.startup.VersionLoggerListener.log 명령 행 아규먼트:  -Dcatalina.home=C:\tools\tomcat_9.0
03-Aug-2025 22:05:59.301 INFO [main] org.apache.catalina.startup.VersionLoggerListener.log 명령 행 아규먼트:  -Dcatalina.base=C:\spring_workspace\moim_project
03-Aug-2025 22:05:59.301 INFO [main] org.apache.catalina.startup.VersionLoggerListener.log 명령 행 아규먼트:  -Djava.io.tmpdir=C:\spring_workspace\moim_project\temp
03-Aug-2025 22:05:59.301 INFO [main] org.apache.catalina.startup.VersionLoggerListener.log 명령 행 아규먼트:  -Djava.util.logging.config.file=C:\spring_workspace\moim_project\conf\logging.properties
03-Aug-2025 22:05:59.301 INFO [main] org.apache.catalina.startup.VersionLoggerListener.log 명령 행 아규먼트:  -Djava.util.logging.manager=org.apache.juli.ClassLoaderLogManager
03-Aug-2025 22:05:59.302 INFO [main] org.apache.catalina.startup.VersionLoggerListener.log 명령 행 아규먼트:  -javaagent:C:\Program Files\JetBrains\IntelliJ IDEA Community Edition 2025.1.3\lib\idea_rt.jar=55757
03-Aug-2025 22:05:59.302 INFO [main] org.apache.catalina.startup.VersionLoggerListener.log 명령 행 아규먼트:  -Dfile.encoding=UTF-8
03-Aug-2025 22:05:59.316 INFO [main] org.apache.catalina.core.AprLifecycleListener.lifecycleEvent 프로덕션 환경들에서 최적의 성능을 제공하는, APR 기반 Apache Tomcat Native 라이브러리가, 다음 java.library.path에서 발견되지 않습니다: [C:\Program Files\Java\jdk-11\bin;C:\WINDOWS\Sun\Java\bin;C:\WINDOWS\system32;C:\WINDOWS;C:\Python313\Scripts\;C:\Python313\;C:\Program Files\Common Files\Oracle\Java\javapath;C:\WINDOWS\system32;C:\WINDOWS;C:\WINDOWS\System32\Wbem;C:\WINDOWS\System32\WindowsPowerShell\v1.0\;C:\WINDOWS\System32\OpenSSH\;C:\Program Files\nodejs\;C:\ProgramData\chocolatey\bin;C:\Program Files\Git\cmd;%JAVA_HOME%\bin;C:\Users\boomi\AppData\Local\Microsoft\WindowsApps;C:\tools\Microsoft VS Code\bin;C:\Users\boomi\AppData\Roaming\npm;C:\Program Files\JetBrains\IntelliJ IDEA Community Edition 2025.1.3\bin;;.]
03-Aug-2025 22:06:00.021 INFO [main] org.apache.coyote.AbstractProtocol.init 프로토콜 핸들러 ["http-nio-8080"]을(를) 초기화합니다.
03-Aug-2025 22:06:00.086 INFO [main] org.apache.catalina.startup.Catalina.load [1693] 밀리초 내에 서버가 초기화되었습니다.
03-Aug-2025 22:06:00.210 INFO [main] org.apache.catalina.core.StandardService.startInternal 서비스 [Catalina]을(를) 시작합니다.
03-Aug-2025 22:06:00.210 INFO [main] org.apache.catalina.core.StandardEngine.startInternal 서버 엔진을 시작합니다: [Apache Tomcat/9.0.106]
03-Aug-2025 22:06:00.229 INFO [main] org.apache.catalina.startup.HostConfig.deployDescriptor 배치 descriptor [C:\spring_workspace\moim_project\conf\Catalina\localhost\ROOT.xml]을(를) 배치합니다.
03-Aug-2025 22:06:00.372 WARNING [main] org.apache.catalina.webresources.DirResourceSet.initInternal Disabled the global canonical file name cache to protect against CVE-2024-56337 when starting the WebResourceSet at [C:\spring_workspace\moim_project\target\classes] which is part of the web application []
03-Aug-2025 22:06:07.299 INFO [main] org.apache.jasper.servlet.TldScanner.scanJars 적어도 하나의 JAR가 TLD들을 찾기 위해 스캔되었으나 아무 것도 찾지 못했습니다. 스캔했으나 TLD가 없는 JAR들의 전체 목록을 보시려면, 로그 레벨을 디버그 레벨로 설정하십시오. 스캔 과정에서 불필요한 JAR들을 건너뛰면, 시스템 시작 시간과 JSP 컴파일 시간을 단축시킬 수 있습니다.
03-Aug-2025 22:06:11.275 WARNING [main] org.apache.catalina.util.SessionIdGeneratorBase.createSecureRandom [SHA1PRNG] 알고리즘을 사용하여, 세션 ID를 생성하기 위한 SecureRandom 객체를 생성하는데, [178] 밀리초가 소요됐습니다.
03-Aug-2025 22:06:14.092 INFO [main] org.apache.catalina.startup.HostConfig.deployDescriptor 배치 descriptor [C:\spring_workspace\moim_project\conf\Catalina\localhost\ROOT.xml]의 배치가 [13,863] 밀리초 내에 완료되었습니다.
03-Aug-2025 22:06:14.098 INFO [main] org.apache.coyote.AbstractProtocol.start 프로토콜 핸들러 ["http-nio-8080"]을(를) 시작합니다.
03-Aug-2025 22:06:14.121 INFO [main] org.apache.catalina.startup.Catalina.start 서버가 [14033] 밀리초 내에 시작되었습니다.
03-Aug-2025 22:13:01.115 INFO [Thread-1] org.apache.coyote.AbstractProtocol.pause 프로토콜 핸들러 ["http-nio-8080"]을(를) 일시 정지 중
03-Aug-2025 22:13:01.570 INFO [Thread-1] org.apache.catalina.core.StandardService.stopInternal 서비스 [Catalina]을(를) 중지시킵니다.
03-Aug-2025 22:13:01.643 WARNING [Thread-1] org.apache.catalina.loader.WebappClassLoaderBase.clearReferencesJdbc 웹 애플리케이션 [ROOT]이(가) JDBC 드라이버 [com.mysql.cj.jdbc.Driver]을(를) 등록했지만, 웹 애플리케이션이 중지될 때, 해당 JDBC 드라이버의 등록을 제거하지 못했습니다. 메모리 누수를 방지하기 위하여, 등록을 강제로 제거했습니다.
03-Aug-2025 22:13:01.644 WARNING [Thread-1] org.apache.catalina.loader.WebappClassLoaderBase.clearReferencesThreads 웹 애플리케이션 [ROOT]이(가) [mysql-cj-abandoned-connection-cleanup](이)라는 이름의 쓰레드를 시작시킨 것으로 보이지만, 해당 쓰레드를 중지시키지 못했습니다. 이는 메모리 누수를 유발할 가능성이 큽니다. 해당 쓰레드의 스택 트레이스:
 java.base@11.0.26/java.lang.Object.wait(Native Method)
 java.base@11.0.26/java.lang.ref.ReferenceQueue.remove(ReferenceQueue.java:155)
 com.mysql.cj.jdbc.AbandonedConnectionCleanupThread.run(AbandonedConnectionCleanupThread.java:91)
 java.base@11.0.26/java.util.concurrent.ThreadPoolExecutor.runWorker(ThreadPoolExecutor.java:1128)
 java.base@11.0.26/java.util.concurrent.ThreadPoolExecutor$Worker.run(ThreadPoolExecutor.java:628)
 java.base@11.0.26/java.lang.Thread.run(Thread.java:834)
03-Aug-2025 22:13:01.664 INFO [Thread-1] org.apache.coyote.AbstractProtocol.stop 프로토콜 핸들러 ["http-nio-8080"]을(를) 중지시킵니다.
03-Aug-2025 22:13:01.679 INFO [Thread-1] org.apache.coyote.AbstractProtocol.destroy 프로토콜 핸들러 ["http-nio-8080"]을(를) 소멸시킵니다.
03-Aug-2025 22:13:06.761 INFO [main] org.apache.catalina.startup.VersionLoggerListener.log 서버 버전 이름:    Apache Tomcat/9.0.106
03-Aug-2025 22:13:06.772 INFO [main] org.apache.catalina.startup.VersionLoggerListener.log Server 빌드 시각:  Jun 5 2025 19:02:30 UTC
03-Aug-2025 22:13:06.772 INFO [main] org.apache.catalina.startup.VersionLoggerListener.log Server 버전 번호:  9.0.106.0
03-Aug-2025 22:13:06.772 INFO [main] org.apache.catalina.startup.VersionLoggerListener.log 운영체제 이름:     Windows 10
03-Aug-2025 22:13:06.772 INFO [main] org.apache.catalina.startup.VersionLoggerListener.log 운영체제 버전:     10.0
03-Aug-2025 22:13:06.774 INFO [main] org.apache.catalina.startup.VersionLoggerListener.log 아키텍처:          amd64
03-Aug-2025 22:13:06.775 INFO [main] org.apache.catalina.startup.VersionLoggerListener.log 자바 홈:           C:\Program Files\Java\jdk-11
03-Aug-2025 22:13:06.776 INFO [main] org.apache.catalina.startup.VersionLoggerListener.log JVM 버전:          11.0.26+7-LTS-187
03-Aug-2025 22:13:06.776 INFO [main] org.apache.catalina.startup.VersionLoggerListener.log JVM 벤더:          Oracle Corporation
03-Aug-2025 22:13:06.777 INFO [main] org.apache.catalina.startup.VersionLoggerListener.log CATALINA_BASE:     C:\spring_workspace\moim_project
03-Aug-2025 22:13:06.777 INFO [main] org.apache.catalina.startup.VersionLoggerListener.log CATALINA_HOME:     C:\tools\tomcat_9.0
03-Aug-2025 22:13:06.822 INFO [main] org.apache.catalina.startup.VersionLoggerListener.log 명령 행 아규먼트:  --add-opens=java.base/java.lang=ALL-UNNAMED
03-Aug-2025 22:13:06.822 INFO [main] org.apache.catalina.startup.VersionLoggerListener.log 명령 행 아규먼트:  --add-opens=java.base/java.io=ALL-UNNAMED
03-Aug-2025 22:13:06.823 INFO [main] org.apache.catalina.startup.VersionLoggerListener.log 명령 행 아규먼트:  --add-opens=java.base/java.util=ALL-UNNAMED
03-Aug-2025 22:13:06.823 INFO [main] org.apache.catalina.startup.VersionLoggerListener.log 명령 행 아규먼트:  --add-opens=java.base/java.util.concurrent=ALL-UNNAMED
03-Aug-2025 22:13:06.823 INFO [main] org.apache.catalina.startup.VersionLoggerListener.log 명령 행 아규먼트:  --add-opens=java.rmi/sun.rmi.transport=ALL-UNNAMED
03-Aug-2025 22:13:06.823 INFO [main] org.apache.catalina.startup.VersionLoggerListener.log 명령 행 아규먼트:  -Dcatalina.home=C:\tools\tomcat_9.0
03-Aug-2025 22:13:06.824 INFO [main] org.apache.catalina.startup.VersionLoggerListener.log 명령 행 아규먼트:  -Dcatalina.base=C:\spring_workspace\moim_project
03-Aug-2025 22:13:06.824 INFO [main] org.apache.catalina.startup.VersionLoggerListener.log 명령 행 아규먼트:  -Djava.io.tmpdir=C:\spring_workspace\moim_project\temp
03-Aug-2025 22:13:06.824 INFO [main] org.apache.catalina.startup.VersionLoggerListener.log 명령 행 아규먼트:  -Djava.util.logging.config.file=C:\spring_workspace\moim_project\conf\logging.properties
03-Aug-2025 22:13:06.824 INFO [main] org.apache.catalina.startup.VersionLoggerListener.log 명령 행 아규먼트:  -Djava.util.logging.manager=org.apache.juli.ClassLoaderLogManager
03-Aug-2025 22:13:06.825 INFO [main] org.apache.catalina.startup.VersionLoggerListener.log 명령 행 아규먼트:  -javaagent:C:\Program Files\JetBrains\IntelliJ IDEA Community Edition 2025.1.3\lib\idea_rt.jar=55880
03-Aug-2025 22:13:06.825 INFO [main] org.apache.catalina.startup.VersionLoggerListener.log 명령 행 아규먼트:  -Dfile.encoding=UTF-8
03-Aug-2025 22:13:06.843 INFO [main] org.apache.catalina.core.AprLifecycleListener.lifecycleEvent 프로덕션 환경들에서 최적의 성능을 제공하는, APR 기반 Apache Tomcat Native 라이브러리가, 다음 java.library.path에서 발견되지 않습니다: [C:\Program Files\Java\jdk-11\bin;C:\WINDOWS\Sun\Java\bin;C:\WINDOWS\system32;C:\WINDOWS;C:\Python313\Scripts\;C:\Python313\;C:\Program Files\Common Files\Oracle\Java\javapath;C:\WINDOWS\system32;C:\WINDOWS;C:\WINDOWS\System32\Wbem;C:\WINDOWS\System32\WindowsPowerShell\v1.0\;C:\WINDOWS\System32\OpenSSH\;C:\Program Files\nodejs\;C:\ProgramData\chocolatey\bin;C:\Program Files\Git\cmd;%JAVA_HOME%\bin;C:\Users\boomi\AppData\Local\Microsoft\WindowsApps;C:\tools\Microsoft VS Code\bin;C:\Users\boomi\AppData\Roaming\npm;C:\Program Files\JetBrains\IntelliJ IDEA Community Edition 2025.1.3\bin;;.]
03-Aug-2025 22:13:07.647 INFO [main] org.apache.coyote.AbstractProtocol.init 프로토콜 핸들러 ["http-nio-8080"]을(를) 초기화합니다.
03-Aug-2025 22:13:07.691 INFO [main] org.apache.catalina.startup.Catalina.load [1533] 밀리초 내에 서버가 초기화되었습니다.
03-Aug-2025 22:13:07.798 INFO [main] org.apache.catalina.core.StandardService.startInternal 서비스 [Catalina]을(를) 시작합니다.
03-Aug-2025 22:13:07.799 INFO [main] org.apache.catalina.core.StandardEngine.startInternal 서버 엔진을 시작합니다: [Apache Tomcat/9.0.106]
03-Aug-2025 22:13:07.811 INFO [main] org.apache.catalina.startup.HostConfig.deployDescriptor 배치 descriptor [C:\spring_workspace\moim_project\conf\Catalina\localhost\ROOT.xml]을(를) 배치합니다.
03-Aug-2025 22:13:07.958 WARNING [main] org.apache.catalina.webresources.DirResourceSet.initInternal Disabled the global canonical file name cache to protect against CVE-2024-56337 when starting the WebResourceSet at [C:\spring_workspace\moim_project\target\classes] which is part of the web application []
03-Aug-2025 22:13:14.272 INFO [main] org.apache.jasper.servlet.TldScanner.scanJars 적어도 하나의 JAR가 TLD들을 찾기 위해 스캔되었으나 아무 것도 찾지 못했습니다. 스캔했으나 TLD가 없는 JAR들의 전체 목록을 보시려면, 로그 레벨을 디버그 레벨로 설정하십시오. 스캔 과정에서 불필요한 JAR들을 건너뛰면, 시스템 시작 시간과 JSP 컴파일 시간을 단축시킬 수 있습니다.
03-Aug-2025 22:13:17.828 WARNING [main] org.apache.catalina.util.SessionIdGeneratorBase.createSecureRandom [SHA1PRNG] 알고리즘을 사용하여, 세션 ID를 생성하기 위한 SecureRandom 객체를 생성하는데, [199] 밀리초가 소요됐습니다.
03-Aug-2025 22:13:20.637 INFO [main] org.apache.catalina.startup.HostConfig.deployDescriptor 배치 descriptor [C:\spring_workspace\moim_project\conf\Catalina\localhost\ROOT.xml]의 배치가 [12,825] 밀리초 내에 완료되었습니다.
03-Aug-2025 22:13:20.651 INFO [main] org.apache.coyote.AbstractProtocol.start 프로토콜 핸들러 ["http-nio-8080"]을(를) 시작합니다.
03-Aug-2025 22:13:20.682 INFO [main] org.apache.catalina.startup.Catalina.start 서버가 [12991] 밀리초 내에 시작되었습니다.
03-Aug-2025 22:22:47.757 INFO [Thread-1] org.apache.coyote.AbstractProtocol.pause 프로토콜 핸들러 ["http-nio-8080"]을(를) 일시 정지 중
03-Aug-2025 22:22:48.162 INFO [Thread-1] org.apache.catalina.core.StandardService.stopInternal 서비스 [Catalina]을(를) 중지시킵니다.
03-Aug-2025 22:22:48.194 WARNING [Thread-1] org.apache.catalina.loader.WebappClassLoaderBase.clearReferencesJdbc 웹 애플리케이션 [ROOT]이(가) JDBC 드라이버 [com.mysql.cj.jdbc.Driver]을(를) 등록했지만, 웹 애플리케이션이 중지될 때, 해당 JDBC 드라이버의 등록을 제거하지 못했습니다. 메모리 누수를 방지하기 위하여, 등록을 강제로 제거했습니다.
03-Aug-2025 22:22:48.195 WARNING [Thread-1] org.apache.catalina.loader.WebappClassLoaderBase.clearReferencesThreads 웹 애플리케이션 [ROOT]이(가) [mysql-cj-abandoned-connection-cleanup](이)라는 이름의 쓰레드를 시작시킨 것으로 보이지만, 해당 쓰레드를 중지시키지 못했습니다. 이는 메모리 누수를 유발할 가능성이 큽니다. 해당 쓰레드의 스택 트레이스:
 java.base@11.0.26/java.lang.Object.wait(Native Method)
 java.base@11.0.26/java.lang.ref.ReferenceQueue.remove(ReferenceQueue.java:155)
 com.mysql.cj.jdbc.AbandonedConnectionCleanupThread.run(AbandonedConnectionCleanupThread.java:91)
 java.base@11.0.26/java.util.concurrent.ThreadPoolExecutor.runWorker(ThreadPoolExecutor.java:1128)
 java.base@11.0.26/java.util.concurrent.ThreadPoolExecutor$Worker.run(ThreadPoolExecutor.java:628)
 java.base@11.0.26/java.lang.Thread.run(Thread.java:834)
03-Aug-2025 22:22:48.221 INFO [Thread-1] org.apache.coyote.AbstractProtocol.stop 프로토콜 핸들러 ["http-nio-8080"]을(를) 중지시킵니다.
03-Aug-2025 22:22:48.235 INFO [Thread-1] org.apache.coyote.AbstractProtocol.destroy 프로토콜 핸들러 ["http-nio-8080"]을(를) 소멸시킵니다.
03-Aug-2025 22:22:58.579 INFO [main] org.apache.catalina.startup.VersionLoggerListener.log 서버 버전 이름:    Apache Tomcat/9.0.106
03-Aug-2025 22:22:58.592 INFO [main] org.apache.catalina.startup.VersionLoggerListener.log Server 빌드 시각:  Jun 5 2025 19:02:30 UTC
03-Aug-2025 22:22:58.593 INFO [main] org.apache.catalina.startup.VersionLoggerListener.log Server 버전 번호:  9.0.106.0
03-Aug-2025 22:22:58.593 INFO [main] org.apache.catalina.startup.VersionLoggerListener.log 운영체제 이름:     Windows 10
03-Aug-2025 22:22:58.593 INFO [main] org.apache.catalina.startup.VersionLoggerListener.log 운영체제 버전:     10.0
03-Aug-2025 22:22:58.594 INFO [main] org.apache.catalina.startup.VersionLoggerListener.log 아키텍처:          amd64
03-Aug-2025 22:22:58.594 INFO [main] org.apache.catalina.startup.VersionLoggerListener.log 자바 홈:           C:\Program Files\Java\jdk-11
03-Aug-2025 22:22:58.594 INFO [main] org.apache.catalina.startup.VersionLoggerListener.log JVM 버전:          11.0.26+7-LTS-187
03-Aug-2025 22:22:58.595 INFO [main] org.apache.catalina.startup.VersionLoggerListener.log JVM 벤더:          Oracle Corporation
03-Aug-2025 22:22:58.595 INFO [main] org.apache.catalina.startup.VersionLoggerListener.log CATALINA_BASE:     C:\spring_workspace\moim_project
03-Aug-2025 22:22:58.595 INFO [main] org.apache.catalina.startup.VersionLoggerListener.log CATALINA_HOME:     C:\tools\tomcat_9.0
03-Aug-2025 22:22:58.613 INFO [main] org.apache.catalina.startup.VersionLoggerListener.log 명령 행 아규먼트:  --add-opens=java.base/java.lang=ALL-UNNAMED
03-Aug-2025 22:22:58.613 INFO [main] org.apache.catalina.startup.VersionLoggerListener.log 명령 행 아규먼트:  --add-opens=java.base/java.io=ALL-UNNAMED
03-Aug-2025 22:22:58.613 INFO [main] org.apache.catalina.startup.VersionLoggerListener.log 명령 행 아규먼트:  --add-opens=java.base/java.util=ALL-UNNAMED
03-Aug-2025 22:22:58.613 INFO [main] org.apache.catalina.startup.VersionLoggerListener.log 명령 행 아규먼트:  --add-opens=java.base/java.util.concurrent=ALL-UNNAMED
03-Aug-2025 22:22:58.614 INFO [main] org.apache.catalina.startup.VersionLoggerListener.log 명령 행 아규먼트:  --add-opens=java.rmi/sun.rmi.transport=ALL-UNNAMED
03-Aug-2025 22:22:58.614 INFO [main] org.apache.catalina.startup.VersionLoggerListener.log 명령 행 아규먼트:  -Dcatalina.home=C:\tools\tomcat_9.0
03-Aug-2025 22:22:58.614 INFO [main] org.apache.catalina.startup.VersionLoggerListener.log 명령 행 아규먼트:  -Dcatalina.base=C:\spring_workspace\moim_project
03-Aug-2025 22:22:58.614 INFO [main] org.apache.catalina.startup.VersionLoggerListener.log 명령 행 아규먼트:  -Djava.io.tmpdir=C:\spring_workspace\moim_project\temp
03-Aug-2025 22:22:58.614 INFO [main] org.apache.catalina.startup.VersionLoggerListener.log 명령 행 아규먼트:  -Djava.util.logging.config.file=C:\spring_workspace\moim_project\conf\logging.properties
03-Aug-2025 22:22:58.614 INFO [main] org.apache.catalina.startup.VersionLoggerListener.log 명령 행 아규먼트:  -Djava.util.logging.manager=org.apache.juli.ClassLoaderLogManager
03-Aug-2025 22:22:58.614 INFO [main] org.apache.catalina.startup.VersionLoggerListener.log 명령 행 아규먼트:  -javaagent:C:\Program Files\JetBrains\IntelliJ IDEA Community Edition 2025.1.3\lib\idea_rt.jar=56046
03-Aug-2025 22:22:58.615 INFO [main] org.apache.catalina.startup.VersionLoggerListener.log 명령 행 아규먼트:  -Dfile.encoding=UTF-8
03-Aug-2025 22:22:58.632 INFO [main] org.apache.catalina.core.AprLifecycleListener.lifecycleEvent 프로덕션 환경들에서 최적의 성능을 제공하는, APR 기반 Apache Tomcat Native 라이브러리가, 다음 java.library.path에서 발견되지 않습니다: [C:\Program Files\Java\jdk-11\bin;C:\WINDOWS\Sun\Java\bin;C:\WINDOWS\system32;C:\WINDOWS;C:\Python313\Scripts\;C:\Python313\;C:\Program Files\Common Files\Oracle\Java\javapath;C:\WINDOWS\system32;C:\WINDOWS;C:\WINDOWS\System32\Wbem;C:\WINDOWS\System32\WindowsPowerShell\v1.0\;C:\WINDOWS\System32\OpenSSH\;C:\Program Files\nodejs\;C:\ProgramData\chocolatey\bin;C:\Program Files\Git\cmd;%JAVA_HOME%\bin;C:\Users\boomi\AppData\Local\Microsoft\WindowsApps;C:\tools\Microsoft VS Code\bin;C:\Users\boomi\AppData\Roaming\npm;C:\Program Files\JetBrains\IntelliJ IDEA Community Edition 2025.1.3\bin;;.]
03-Aug-2025 22:22:59.676 INFO [main] org.apache.coyote.AbstractProtocol.init 프로토콜 핸들러 ["http-nio-8080"]을(를) 초기화합니다.
03-Aug-2025 22:22:59.721 INFO [main] org.apache.catalina.startup.Catalina.load [1743] 밀리초 내에 서버가 초기화되었습니다.
03-Aug-2025 22:22:59.861 INFO [main] org.apache.catalina.core.StandardService.startInternal 서비스 [Catalina]을(를) 시작합니다.
03-Aug-2025 22:22:59.862 INFO [main] org.apache.catalina.core.StandardEngine.startInternal 서버 엔진을 시작합니다: [Apache Tomcat/9.0.106]
03-Aug-2025 22:22:59.892 INFO [main] org.apache.catalina.startup.HostConfig.deployDescriptor 배치 descriptor [C:\spring_workspace\moim_project\conf\Catalina\localhost\ROOT.xml]을(를) 배치합니다.
03-Aug-2025 22:23:00.036 WARNING [main] org.apache.catalina.webresources.DirResourceSet.initInternal Disabled the global canonical file name cache to protect against CVE-2024-56337 when starting the WebResourceSet at [C:\spring_workspace\moim_project\target\classes] which is part of the web application []
03-Aug-2025 22:23:06.885 INFO [main] org.apache.jasper.servlet.TldScanner.scanJars 적어도 하나의 JAR가 TLD들을 찾기 위해 스캔되었으나 아무 것도 찾지 못했습니다. 스캔했으나 TLD가 없는 JAR들의 전체 목록을 보시려면, 로그 레벨을 디버그 레벨로 설정하십시오. 스캔 과정에서 불필요한 JAR들을 건너뛰면, 시스템 시작 시간과 JSP 컴파일 시간을 단축시킬 수 있습니다.
03-Aug-2025 22:23:10.456 WARNING [main] org.apache.catalina.util.SessionIdGeneratorBase.createSecureRandom [SHA1PRNG] 알고리즘을 사용하여, 세션 ID를 생성하기 위한 SecureRandom 객체를 생성하는데, [162] 밀리초가 소요됐습니다.
03-Aug-2025 22:23:12.926 INFO [main] org.apache.catalina.startup.HostConfig.deployDescriptor 배치 descriptor [C:\spring_workspace\moim_project\conf\Catalina\localhost\ROOT.xml]의 배치가 [13,035] 밀리초 내에 완료되었습니다.
03-Aug-2025 22:23:12.934 INFO [main] org.apache.coyote.AbstractProtocol.start 프로토콜 핸들러 ["http-nio-8080"]을(를) 시작합니다.
03-Aug-2025 22:23:12.964 INFO [main] org.apache.catalina.startup.Catalina.start 서버가 [13243] 밀리초 내에 시작되었습니다.
03-Aug-2025 22:39:43.002 INFO [Thread-1] org.apache.coyote.AbstractProtocol.pause 프로토콜 핸들러 ["http-nio-8080"]을(를) 일시 정지 중
03-Aug-2025 22:39:43.432 INFO [Thread-1] org.apache.catalina.core.StandardService.stopInternal 서비스 [Catalina]을(를) 중지시킵니다.
03-Aug-2025 22:39:43.466 WARNING [Thread-1] org.apache.catalina.loader.WebappClassLoaderBase.clearReferencesJdbc 웹 애플리케이션 [ROOT]이(가) JDBC 드라이버 [com.mysql.cj.jdbc.Driver]을(를) 등록했지만, 웹 애플리케이션이 중지될 때, 해당 JDBC 드라이버의 등록을 제거하지 못했습니다. 메모리 누수를 방지하기 위하여, 등록을 강제로 제거했습니다.
03-Aug-2025 22:39:43.467 WARNING [Thread-1] org.apache.catalina.loader.WebappClassLoaderBase.clearReferencesThreads 웹 애플리케이션 [ROOT]이(가) [mysql-cj-abandoned-connection-cleanup](이)라는 이름의 쓰레드를 시작시킨 것으로 보이지만, 해당 쓰레드를 중지시키지 못했습니다. 이는 메모리 누수를 유발할 가능성이 큽니다. 해당 쓰레드의 스택 트레이스:
 java.base@11.0.26/java.lang.Object.wait(Native Method)
 java.base@11.0.26/java.lang.ref.ReferenceQueue.remove(ReferenceQueue.java:155)
 com.mysql.cj.jdbc.AbandonedConnectionCleanupThread.run(AbandonedConnectionCleanupThread.java:91)
 java.base@11.0.26/java.util.concurrent.ThreadPoolExecutor.runWorker(ThreadPoolExecutor.java:1128)
 java.base@11.0.26/java.util.concurrent.ThreadPoolExecutor$Worker.run(ThreadPoolExecutor.java:628)
 java.base@11.0.26/java.lang.Thread.run(Thread.java:834)
03-Aug-2025 22:39:43.490 INFO [Thread-1] org.apache.coyote.AbstractProtocol.stop 프로토콜 핸들러 ["http-nio-8080"]을(를) 중지시킵니다.
03-Aug-2025 22:39:43.498 INFO [Thread-1] org.apache.coyote.AbstractProtocol.destroy 프로토콜 핸들러 ["http-nio-8080"]을(를) 소멸시킵니다.
03-Aug-2025 22:39:53.798 INFO [main] org.apache.catalina.startup.VersionLoggerListener.log 서버 버전 이름:    Apache Tomcat/9.0.106
03-Aug-2025 22:39:53.804 INFO [main] org.apache.catalina.startup.VersionLoggerListener.log Server 빌드 시각:  Jun 5 2025 19:02:30 UTC
03-Aug-2025 22:39:53.804 INFO [main] org.apache.catalina.startup.VersionLoggerListener.log Server 버전 번호:  9.0.106.0
03-Aug-2025 22:39:53.804 INFO [main] org.apache.catalina.startup.VersionLoggerListener.log 운영체제 이름:     Windows 10
03-Aug-2025 22:39:53.805 INFO [main] org.apache.catalina.startup.VersionLoggerListener.log 운영체제 버전:     10.0
03-Aug-2025 22:39:53.805 INFO [main] org.apache.catalina.startup.VersionLoggerListener.log 아키텍처:          amd64
03-Aug-2025 22:39:53.806 INFO [main] org.apache.catalina.startup.VersionLoggerListener.log 자바 홈:           C:\Program Files\Java\jdk-11
03-Aug-2025 22:39:53.806 INFO [main] org.apache.catalina.startup.VersionLoggerListener.log JVM 버전:          11.0.26+7-LTS-187
03-Aug-2025 22:39:53.806 INFO [main] org.apache.catalina.startup.VersionLoggerListener.log JVM 벤더:          Oracle Corporation
03-Aug-2025 22:39:53.806 INFO [main] org.apache.catalina.startup.VersionLoggerListener.log CATALINA_BASE:     C:\spring_workspace\moim_project
03-Aug-2025 22:39:53.807 INFO [main] org.apache.catalina.startup.VersionLoggerListener.log CATALINA_HOME:     C:\tools\tomcat_9.0
03-Aug-2025 22:39:53.829 INFO [main] org.apache.catalina.startup.VersionLoggerListener.log 명령 행 아규먼트:  --add-opens=java.base/java.lang=ALL-UNNAMED
03-Aug-2025 22:39:53.829 INFO [main] org.apache.catalina.startup.VersionLoggerListener.log 명령 행 아규먼트:  --add-opens=java.base/java.io=ALL-UNNAMED
03-Aug-2025 22:39:53.830 INFO [main] org.apache.catalina.startup.VersionLoggerListener.log 명령 행 아규먼트:  --add-opens=java.base/java.util=ALL-UNNAMED
03-Aug-2025 22:39:53.830 INFO [main] org.apache.catalina.startup.VersionLoggerListener.log 명령 행 아규먼트:  --add-opens=java.base/java.util.concurrent=ALL-UNNAMED
03-Aug-2025 22:39:53.830 INFO [main] org.apache.catalina.startup.VersionLoggerListener.log 명령 행 아규먼트:  --add-opens=java.rmi/sun.rmi.transport=ALL-UNNAMED
03-Aug-2025 22:39:53.831 INFO [main] org.apache.catalina.startup.VersionLoggerListener.log 명령 행 아규먼트:  -Dcatalina.home=C:\tools\tomcat_9.0
03-Aug-2025 22:39:53.831 INFO [main] org.apache.catalina.startup.VersionLoggerListener.log 명령 행 아규먼트:  -Dcatalina.base=C:\spring_workspace\moim_project
03-Aug-2025 22:39:53.831 INFO [main] org.apache.catalina.startup.VersionLoggerListener.log 명령 행 아규먼트:  -Djava.io.tmpdir=C:\spring_workspace\moim_project\temp
03-Aug-2025 22:39:53.831 INFO [main] org.apache.catalina.startup.VersionLoggerListener.log 명령 행 아규먼트:  -Djava.util.logging.config.file=C:\spring_workspace\moim_project\conf\logging.properties
03-Aug-2025 22:39:53.831 INFO [main] org.apache.catalina.startup.VersionLoggerListener.log 명령 행 아규먼트:  -Djava.util.logging.manager=org.apache.juli.ClassLoaderLogManager
03-Aug-2025 22:39:53.831 INFO [main] org.apache.catalina.startup.VersionLoggerListener.log 명령 행 아규먼트:  -javaagent:C:\Program Files\JetBrains\IntelliJ IDEA Community Edition 2025.1.3\lib\idea_rt.jar=56201
03-Aug-2025 22:39:53.831 INFO [main] org.apache.catalina.startup.VersionLoggerListener.log 명령 행 아규먼트:  -Dfile.encoding=UTF-8
03-Aug-2025 22:39:53.847 INFO [main] org.apache.catalina.core.AprLifecycleListener.lifecycleEvent 프로덕션 환경들에서 최적의 성능을 제공하는, APR 기반 Apache Tomcat Native 라이브러리가, 다음 java.library.path에서 발견되지 않습니다: [C:\Program Files\Java\jdk-11\bin;C:\WINDOWS\Sun\Java\bin;C:\WINDOWS\system32;C:\WINDOWS;C:\Python313\Scripts\;C:\Python313\;C:\Program Files\Common Files\Oracle\Java\javapath;C:\WINDOWS\system32;C:\WINDOWS;C:\WINDOWS\System32\Wbem;C:\WINDOWS\System32\WindowsPowerShell\v1.0\;C:\WINDOWS\System32\OpenSSH\;C:\Program Files\nodejs\;C:\ProgramData\chocolatey\bin;C:\Program Files\Git\cmd;%JAVA_HOME%\bin;C:\Users\boomi\AppData\Local\Microsoft\WindowsApps;C:\tools\Microsoft VS Code\bin;C:\Users\boomi\AppData\Roaming\npm;C:\Program Files\JetBrains\IntelliJ IDEA Community Edition 2025.1.3\bin;;.]
03-Aug-2025 22:39:54.587 INFO [main] org.apache.coyote.AbstractProtocol.init 프로토콜 핸들러 ["http-nio-8080"]을(를) 초기화합니다.
03-Aug-2025 22:39:54.621 INFO [main] org.apache.catalina.startup.Catalina.load [1234] 밀리초 내에 서버가 초기화되었습니다.
03-Aug-2025 22:39:54.707 INFO [main] org.apache.catalina.core.StandardService.startInternal 서비스 [Catalina]을(를) 시작합니다.
03-Aug-2025 22:39:54.707 INFO [main] org.apache.catalina.core.StandardEngine.startInternal 서버 엔진을 시작합니다: [Apache Tomcat/9.0.106]
03-Aug-2025 22:39:54.722 INFO [main] org.apache.catalina.startup.HostConfig.deployDescriptor 배치 descriptor [C:\spring_workspace\moim_project\conf\Catalina\localhost\ROOT.xml]을(를) 배치합니다.
03-Aug-2025 22:39:54.848 WARNING [main] org.apache.catalina.webresources.DirResourceSet.initInternal Disabled the global canonical file name cache to protect against CVE-2024-56337 when starting the WebResourceSet at [C:\spring_workspace\moim_project\target\classes] which is part of the web application []
03-Aug-2025 22:39:59.799 INFO [main] org.apache.jasper.servlet.TldScanner.scanJars 적어도 하나의 JAR가 TLD들을 찾기 위해 스캔되었으나 아무 것도 찾지 못했습니다. 스캔했으나 TLD가 없는 JAR들의 전체 목록을 보시려면, 로그 레벨을 디버그 레벨로 설정하십시오. 스캔 과정에서 불필요한 JAR들을 건너뛰면, 시스템 시작 시간과 JSP 컴파일 시간을 단축시킬 수 있습니다.
03-Aug-2025 22:40:03.008 WARNING [main] org.apache.catalina.util.SessionIdGeneratorBase.createSecureRandom [SHA1PRNG] 알고리즘을 사용하여, 세션 ID를 생성하기 위한 SecureRandom 객체를 생성하는데, [157] 밀리초가 소요됐습니다.
03-Aug-2025 22:40:05.507 INFO [main] org.apache.catalina.startup.HostConfig.deployDescriptor 배치 descriptor [C:\spring_workspace\moim_project\conf\Catalina\localhost\ROOT.xml]의 배치가 [10,785] 밀리초 내에 완료되었습니다.
03-Aug-2025 22:40:05.517 INFO [main] org.apache.coyote.AbstractProtocol.start 프로토콜 핸들러 ["http-nio-8080"]을(를) 시작합니다.
03-Aug-2025 22:40:05.535 INFO [main] org.apache.catalina.startup.Catalina.start 서버가 [10913] 밀리초 내에 시작되었습니다.
03-Aug-2025 23:37:46.253 INFO [Thread-1] org.apache.coyote.AbstractProtocol.pause 프로토콜 핸들러 ["http-nio-8080"]을(를) 일시 정지 중
03-Aug-2025 23:37:46.637 INFO [Thread-1] org.apache.catalina.core.StandardService.stopInternal 서비스 [Catalina]을(를) 중지시킵니다.
03-Aug-2025 23:37:46.676 WARNING [Thread-1] org.apache.catalina.loader.WebappClassLoaderBase.clearReferencesJdbc 웹 애플리케이션 [ROOT]이(가) JDBC 드라이버 [com.mysql.cj.jdbc.Driver]을(를) 등록했지만, 웹 애플리케이션이 중지될 때, 해당 JDBC 드라이버의 등록을 제거하지 못했습니다. 메모리 누수를 방지하기 위하여, 등록을 강제로 제거했습니다.
03-Aug-2025 23:37:46.677 WARNING [Thread-1] org.apache.catalina.loader.WebappClassLoaderBase.clearReferencesThreads 웹 애플리케이션 [ROOT]이(가) [mysql-cj-abandoned-connection-cleanup](이)라는 이름의 쓰레드를 시작시킨 것으로 보이지만, 해당 쓰레드를 중지시키지 못했습니다. 이는 메모리 누수를 유발할 가능성이 큽니다. 해당 쓰레드의 스택 트레이스:
 java.base@11.0.26/java.lang.Object.wait(Native Method)
 java.base@11.0.26/java.lang.ref.ReferenceQueue.remove(ReferenceQueue.java:155)
 com.mysql.cj.jdbc.AbandonedConnectionCleanupThread.run(AbandonedConnectionCleanupThread.java:91)
 java.base@11.0.26/java.util.concurrent.ThreadPoolExecutor.runWorker(ThreadPoolExecutor.java:1128)
 java.base@11.0.26/java.util.concurrent.ThreadPoolExecutor$Worker.run(ThreadPoolExecutor.java:628)
 java.base@11.0.26/java.lang.Thread.run(Thread.java:834)
03-Aug-2025 23:37:46.696 INFO [Thread-1] org.apache.coyote.AbstractProtocol.stop 프로토콜 핸들러 ["http-nio-8080"]을(를) 중지시킵니다.
03-Aug-2025 23:37:46.718 INFO [Thread-1] org.apache.coyote.AbstractProtocol.destroy 프로토콜 핸들러 ["http-nio-8080"]을(를) 소멸시킵니다.
03-Aug-2025 23:37:56.258 INFO [main] org.apache.catalina.startup.VersionLoggerListener.log 서버 버전 이름:    Apache Tomcat/9.0.106
03-Aug-2025 23:37:56.264 INFO [main] org.apache.catalina.startup.VersionLoggerListener.log Server 빌드 시각:  Jun 5 2025 19:02:30 UTC
03-Aug-2025 23:37:56.265 INFO [main] org.apache.catalina.startup.VersionLoggerListener.log Server 버전 번호:  9.0.106.0
03-Aug-2025 23:37:56.265 INFO [main] org.apache.catalina.startup.VersionLoggerListener.log 운영체제 이름:     Windows 10
03-Aug-2025 23:37:56.265 INFO [main] org.apache.catalina.startup.VersionLoggerListener.log 운영체제 버전:     10.0
03-Aug-2025 23:37:56.266 INFO [main] org.apache.catalina.startup.VersionLoggerListener.log 아키텍처:          amd64
03-Aug-2025 23:37:56.267 INFO [main] org.apache.catalina.startup.VersionLoggerListener.log 자바 홈:           C:\Program Files\Java\jdk-11
03-Aug-2025 23:37:56.268 INFO [main] org.apache.catalina.startup.VersionLoggerListener.log JVM 버전:          11.0.26+7-LTS-187
03-Aug-2025 23:37:56.268 INFO [main] org.apache.catalina.startup.VersionLoggerListener.log JVM 벤더:          Oracle Corporation
03-Aug-2025 23:37:56.268 INFO [main] org.apache.catalina.startup.VersionLoggerListener.log CATALINA_BASE:     C:\spring_workspace\moim_project
03-Aug-2025 23:37:56.269 INFO [main] org.apache.catalina.startup.VersionLoggerListener.log CATALINA_HOME:     C:\tools\tomcat_9.0
03-Aug-2025 23:37:56.292 INFO [main] org.apache.catalina.startup.VersionLoggerListener.log 명령 행 아규먼트:  --add-opens=java.base/java.lang=ALL-UNNAMED
03-Aug-2025 23:37:56.292 INFO [main] org.apache.catalina.startup.VersionLoggerListener.log 명령 행 아규먼트:  --add-opens=java.base/java.io=ALL-UNNAMED
03-Aug-2025 23:37:56.292 INFO [main] org.apache.catalina.startup.VersionLoggerListener.log 명령 행 아규먼트:  --add-opens=java.base/java.util=ALL-UNNAMED
03-Aug-2025 23:37:56.292 INFO [main] org.apache.catalina.startup.VersionLoggerListener.log 명령 행 아규먼트:  --add-opens=java.base/java.util.concurrent=ALL-UNNAMED
03-Aug-2025 23:37:56.293 INFO [main] org.apache.catalina.startup.VersionLoggerListener.log 명령 행 아규먼트:  --add-opens=java.rmi/sun.rmi.transport=ALL-UNNAMED
03-Aug-2025 23:37:56.293 INFO [main] org.apache.catalina.startup.VersionLoggerListener.log 명령 행 아규먼트:  -Dcatalina.home=C:\tools\tomcat_9.0
03-Aug-2025 23:37:56.293 INFO [main] org.apache.catalina.startup.VersionLoggerListener.log 명령 행 아규먼트:  -Dcatalina.base=C:\spring_workspace\moim_project
03-Aug-2025 23:37:56.293 INFO [main] org.apache.catalina.startup.VersionLoggerListener.log 명령 행 아규먼트:  -Djava.io.tmpdir=C:\spring_workspace\moim_project\temp
03-Aug-2025 23:37:56.293 INFO [main] org.apache.catalina.startup.VersionLoggerListener.log 명령 행 아규먼트:  -Djava.util.logging.config.file=C:\spring_workspace\moim_project\conf\logging.properties
03-Aug-2025 23:37:56.293 INFO [main] org.apache.catalina.startup.VersionLoggerListener.log 명령 행 아규먼트:  -Djava.util.logging.manager=org.apache.juli.ClassLoaderLogManager
03-Aug-2025 23:37:56.293 INFO [main] org.apache.catalina.startup.VersionLoggerListener.log 명령 행 아규먼트:  -javaagent:C:\Program Files\JetBrains\IntelliJ IDEA Community Edition 2025.1.3\lib\idea_rt.jar=56585
03-Aug-2025 23:37:56.294 INFO [main] org.apache.catalina.startup.VersionLoggerListener.log 명령 행 아규먼트:  -Dfile.encoding=UTF-8
03-Aug-2025 23:37:56.311 INFO [main] org.apache.catalina.core.AprLifecycleListener.lifecycleEvent 프로덕션 환경들에서 최적의 성능을 제공하는, APR 기반 Apache Tomcat Native 라이브러리가, 다음 java.library.path에서 발견되지 않습니다: [C:\Program Files\Java\jdk-11\bin;C:\WINDOWS\Sun\Java\bin;C:\WINDOWS\system32;C:\WINDOWS;C:\Python313\Scripts\;C:\Python313\;C:\Program Files\Common Files\Oracle\Java\javapath;C:\WINDOWS\system32;C:\WINDOWS;C:\WINDOWS\System32\Wbem;C:\WINDOWS\System32\WindowsPowerShell\v1.0\;C:\WINDOWS\System32\OpenSSH\;C:\Program Files\nodejs\;C:\ProgramData\chocolatey\bin;C:\Program Files\Git\cmd;%JAVA_HOME%\bin;C:\Users\boomi\AppData\Local\Microsoft\WindowsApps;C:\tools\Microsoft VS Code\bin;C:\Users\boomi\AppData\Roaming\npm;C:\Program Files\JetBrains\IntelliJ IDEA Community Edition 2025.1.3\bin;;.]
03-Aug-2025 23:37:57.375 INFO [main] org.apache.coyote.AbstractProtocol.init 프로토콜 핸들러 ["http-nio-8080"]을(를) 초기화합니다.
03-Aug-2025 23:37:57.559 INFO [main] org.apache.catalina.startup.Catalina.load [1769] 밀리초 내에 서버가 초기화되었습니다.
03-Aug-2025 23:37:57.808 INFO [main] org.apache.catalina.core.StandardService.startInternal 서비스 [Catalina]을(를) 시작합니다.
03-Aug-2025 23:37:57.808 INFO [main] org.apache.catalina.core.StandardEngine.startInternal 서버 엔진을 시작합니다: [Apache Tomcat/9.0.106]
03-Aug-2025 23:37:57.828 INFO [main] org.apache.catalina.startup.HostConfig.deployDescriptor 배치 descriptor [C:\spring_workspace\moim_project\conf\Catalina\localhost\ROOT.xml]을(를) 배치합니다.
03-Aug-2025 23:37:58.030 WARNING [main] org.apache.catalina.webresources.DirResourceSet.initInternal Disabled the global canonical file name cache to protect against CVE-2024-56337 when starting the WebResourceSet at [C:\spring_workspace\moim_project\target\classes] which is part of the web application []
03-Aug-2025 23:38:04.815 INFO [main] org.apache.jasper.servlet.TldScanner.scanJars 적어도 하나의 JAR가 TLD들을 찾기 위해 스캔되었으나 아무 것도 찾지 못했습니다. 스캔했으나 TLD가 없는 JAR들의 전체 목록을 보시려면, 로그 레벨을 디버그 레벨로 설정하십시오. 스캔 과정에서 불필요한 JAR들을 건너뛰면, 시스템 시작 시간과 JSP 컴파일 시간을 단축시킬 수 있습니다.
03-Aug-2025 23:38:08.780 WARNING [main] org.apache.catalina.util.SessionIdGeneratorBase.createSecureRandom [SHA1PRNG] 알고리즘을 사용하여, 세션 ID를 생성하기 위한 SecureRandom 객체를 생성하는데, [165] 밀리초가 소요됐습니다.
03-Aug-2025 23:38:11.582 INFO [main] org.apache.catalina.startup.HostConfig.deployDescriptor 배치 descriptor [C:\spring_workspace\moim_project\conf\Catalina\localhost\ROOT.xml]의 배치가 [13,754] 밀리초 내에 완료되었습니다.
03-Aug-2025 23:38:11.589 INFO [main] org.apache.coyote.AbstractProtocol.start 프로토콜 핸들러 ["http-nio-8080"]을(를) 시작합니다.
03-Aug-2025 23:38:11.609 INFO [main] org.apache.catalina.startup.Catalina.start 서버가 [14049] 밀리초 내에 시작되었습니다.
03-Aug-2025 23:45:50.589 INFO [Thread-1] org.apache.coyote.AbstractProtocol.pause 프로토콜 핸들러 ["http-nio-8080"]을(를) 일시 정지 중
03-Aug-2025 23:45:50.943 INFO [Thread-1] org.apache.catalina.core.StandardService.stopInternal 서비스 [Catalina]을(를) 중지시킵니다.
03-Aug-2025 23:45:50.992 WARNING [Thread-1] org.apache.catalina.loader.WebappClassLoaderBase.clearReferencesJdbc 웹 애플리케이션 [ROOT]이(가) JDBC 드라이버 [com.mysql.cj.jdbc.Driver]을(를) 등록했지만, 웹 애플리케이션이 중지될 때, 해당 JDBC 드라이버의 등록을 제거하지 못했습니다. 메모리 누수를 방지하기 위하여, 등록을 강제로 제거했습니다.
03-Aug-2025 23:45:50.993 WARNING [Thread-1] org.apache.catalina.loader.WebappClassLoaderBase.clearReferencesThreads 웹 애플리케이션 [ROOT]이(가) [mysql-cj-abandoned-connection-cleanup](이)라는 이름의 쓰레드를 시작시킨 것으로 보이지만, 해당 쓰레드를 중지시키지 못했습니다. 이는 메모리 누수를 유발할 가능성이 큽니다. 해당 쓰레드의 스택 트레이스:
 java.base@11.0.26/java.lang.Object.wait(Native Method)
 java.base@11.0.26/java.lang.ref.ReferenceQueue.remove(ReferenceQueue.java:155)
 com.mysql.cj.jdbc.AbandonedConnectionCleanupThread.run(AbandonedConnectionCleanupThread.java:91)
 java.base@11.0.26/java.util.concurrent.ThreadPoolExecutor.runWorker(ThreadPoolExecutor.java:1128)
 java.base@11.0.26/java.util.concurrent.ThreadPoolExecutor$Worker.run(ThreadPoolExecutor.java:628)
 java.base@11.0.26/java.lang.Thread.run(Thread.java:834)
03-Aug-2025 23:45:51.006 INFO [Thread-1] org.apache.coyote.AbstractProtocol.stop 프로토콜 핸들러 ["http-nio-8080"]을(를) 중지시킵니다.
03-Aug-2025 23:45:51.026 INFO [Thread-1] org.apache.coyote.AbstractProtocol.destroy 프로토콜 핸들러 ["http-nio-8080"]을(를) 소멸시킵니다.
