31-Jul-2025 09:34:20.150 INFO [main] org.apache.catalina.startup.VersionLoggerListener.log 서버 버전 이름:    Apache Tomcat/9.0.106
31-Jul-2025 09:34:20.154 INFO [main] org.apache.catalina.startup.VersionLoggerListener.log Server 빌드 시각:  Jun 5 2025 19:02:30 UTC
31-Jul-2025 09:34:20.154 INFO [main] org.apache.catalina.startup.VersionLoggerListener.log Server 버전 번호:  9.0.106.0
31-Jul-2025 09:34:20.154 INFO [main] org.apache.catalina.startup.VersionLoggerListener.log 운영체제 이름:     Windows 10
31-Jul-2025 09:34:20.155 INFO [main] org.apache.catalina.startup.VersionLoggerListener.log 운영체제 버전:     10.0
31-Jul-2025 09:34:20.155 INFO [main] org.apache.catalina.startup.VersionLoggerListener.log 아키텍처:          amd64
31-Jul-2025 09:34:20.155 INFO [main] org.apache.catalina.startup.VersionLoggerListener.log 자바 홈:           C:\Program Files\Java\jdk-11
31-Jul-2025 09:34:20.156 INFO [main] org.apache.catalina.startup.VersionLoggerListener.log JVM 버전:          11.0.26+7-LTS-187
31-Jul-2025 09:34:20.156 INFO [main] org.apache.catalina.startup.VersionLoggerListener.log JVM 벤더:          Oracle Corporation
31-Jul-2025 09:34:20.156 INFO [main] org.apache.catalina.startup.VersionLoggerListener.log CATALINA_BASE:     C:\spring_workspace\project\springframework_project
31-Jul-2025 09:34:20.156 INFO [main] org.apache.catalina.startup.VersionLoggerListener.log CATALINA_HOME:     C:\Tools\TomCat_9.0
31-Jul-2025 09:34:20.165 INFO [main] org.apache.catalina.startup.VersionLoggerListener.log 명령 행 아규먼트:  --add-opens=java.base/java.lang=ALL-UNNAMED
31-Jul-2025 09:34:20.165 INFO [main] org.apache.catalina.startup.VersionLoggerListener.log 명령 행 아규먼트:  --add-opens=java.base/java.io=ALL-UNNAMED
31-Jul-2025 09:34:20.165 INFO [main] org.apache.catalina.startup.VersionLoggerListener.log 명령 행 아규먼트:  --add-opens=java.base/java.util=ALL-UNNAMED
31-Jul-2025 09:34:20.166 INFO [main] org.apache.catalina.startup.VersionLoggerListener.log 명령 행 아규먼트:  --add-opens=java.base/java.util.concurrent=ALL-UNNAMED
31-Jul-2025 09:34:20.166 INFO [main] org.apache.catalina.startup.VersionLoggerListener.log 명령 행 아규먼트:  --add-opens=java.rmi/sun.rmi.transport=ALL-UNNAMED
31-Jul-2025 09:34:20.166 INFO [main] org.apache.catalina.startup.VersionLoggerListener.log 명령 행 아규먼트:  -Dfile.encoding=UTF-8
31-Jul-2025 09:34:20.166 INFO [main] org.apache.catalina.startup.VersionLoggerListener.log 명령 행 아규먼트:  -Dcatalina.home=C:\Tools\TomCat_9.0
31-Jul-2025 09:34:20.166 INFO [main] org.apache.catalina.startup.VersionLoggerListener.log 명령 행 아규먼트:  -Dcatalina.base=C:\spring_workspace\project\springframework_project
31-Jul-2025 09:34:20.166 INFO [main] org.apache.catalina.startup.VersionLoggerListener.log 명령 행 아규먼트:  -Djava.io.tmpdir=C:\spring_workspace\project\springframework_project\temp
31-Jul-2025 09:34:20.166 INFO [main] org.apache.catalina.startup.VersionLoggerListener.log 명령 행 아규먼트:  -Djava.util.logging.config.file=C:\spring_workspace\project\springframework_project\conf\logging.properties
31-Jul-2025 09:34:20.166 INFO [main] org.apache.catalina.startup.VersionLoggerListener.log 명령 행 아규먼트:  -Djava.util.logging.manager=org.apache.juli.ClassLoaderLogManager
31-Jul-2025 09:34:20.166 INFO [main] org.apache.catalina.startup.VersionLoggerListener.log 명령 행 아규먼트:  -javaagent:C:\Program Files\JetBrains\IntelliJ IDEA Community Edition 2025.1.3\lib\idea_rt.jar=1765
31-Jul-2025 09:34:20.175 INFO [main] org.apache.catalina.core.AprLifecycleListener.lifecycleEvent 프로덕션 환경들에서 최적의 성능을 제공하는, APR 기반 Apache Tomcat Native 라이브러리가, 다음 java.library.path에서 발견되지 않습니다: [C:\Program Files\Java\jdk-11\bin;C:\Windows\Sun\Java\bin;C:\Windows\system32;C:\Windows;C:\Program Files\Common Files\Oracle\Java\javapath;C:\Windows\system32;C:\Windows;C:\Windows\System32\Wbem;C:\Windows\System32\WindowsPowerShell\v1.0\;C:\Windows\System32\OpenSSH\;C:\Program Files\Bandizip\;C:\Program Files\nodejs\;C:\Program Files\Git\cmd;C:\Program Files\Java\jdk-11\bin;C:\Users\keduit\AppData\Local\Programs\Python\Python313\Scripts\;C:\Users\keduit\AppData\Local\Programs\Python\Python313\;C:\Users\keduit\AppData\Local\Programs\Python\Launcher\;C:\Users\keduit\AppData\Local\Microsoft\WindowsApps;C:\Tools\Microsoft VS Code\bin;C:\Users\keduit\AppData\Roaming\npm;C:\Program Files\JetBrains\IntelliJ IDEA Community Edition 2025.1.3\bin;;;%JAVA_HOME!7%\bin;;.]
31-Jul-2025 09:34:20.510 INFO [main] org.apache.coyote.AbstractProtocol.init 프로토콜 핸들러 ["http-nio-8080"]을(를) 초기화합니다.
31-Jul-2025 09:34:20.527 INFO [main] org.apache.catalina.startup.Catalina.load [646] 밀리초 내에 서버가 초기화되었습니다.
31-Jul-2025 09:34:20.585 INFO [main] org.apache.catalina.core.StandardService.startInternal 서비스 [Catalina]을(를) 시작합니다.
31-Jul-2025 09:34:20.586 INFO [main] org.apache.catalina.core.StandardEngine.startInternal 서버 엔진을 시작합니다: [Apache Tomcat/9.0.106]
31-Jul-2025 09:34:20.594 INFO [main] org.apache.catalina.startup.HostConfig.deployDescriptor 배치 descriptor [C:\spring_workspace\project\springframework_project\conf\Catalina\localhost\ROOT.xml]을(를) 배치합니다.
31-Jul-2025 09:34:20.648 WARNING [main] org.apache.catalina.webresources.DirResourceSet.initInternal Disabled the global canonical file name cache to protect against CVE-2024-56337 when starting the WebResourceSet at [C:\spring_workspace\project\springframework_project\target\classes] which is part of the web application []
31-Jul-2025 09:34:22.854 INFO [main] org.apache.jasper.servlet.TldScanner.scanJars 적어도 하나의 JAR가 TLD들을 찾기 위해 스캔되었으나 아무 것도 찾지 못했습니다. 스캔했으나 TLD가 없는 JAR들의 전체 목록을 보시려면, 로그 레벨을 디버그 레벨로 설정하십시오. 스캔 과정에서 불필요한 JAR들을 건너뛰면, 시스템 시작 시간과 JSP 컴파일 시간을 단축시킬 수 있습니다.
31-Jul-2025 09:34:24.632 INFO [main] org.apache.catalina.startup.HostConfig.deployDescriptor 배치 descriptor [C:\spring_workspace\project\springframework_project\conf\Catalina\localhost\ROOT.xml]의 배치가 [4,036] 밀리초 내에 완료되었습니다.
31-Jul-2025 09:34:24.636 INFO [main] org.apache.coyote.AbstractProtocol.start 프로토콜 핸들러 ["http-nio-8080"]을(를) 시작합니다.
31-Jul-2025 09:34:24.689 INFO [main] org.apache.catalina.startup.Catalina.start 서버가 [4163] 밀리초 내에 시작되었습니다.
31-Jul-2025 09:34:33.667 INFO [Thread-1] org.apache.coyote.AbstractProtocol.pause 프로토콜 핸들러 ["http-nio-8080"]을(를) 일시 정지 중
31-Jul-2025 09:34:33.760 INFO [Thread-1] org.apache.catalina.core.StandardService.stopInternal 서비스 [Catalina]을(를) 중지시킵니다.
31-Jul-2025 09:34:33.794 INFO [Thread-1] org.apache.coyote.AbstractProtocol.stop 프로토콜 핸들러 ["http-nio-8080"]을(를) 중지시킵니다.
31-Jul-2025 09:34:33.808 INFO [Thread-1] org.apache.coyote.AbstractProtocol.destroy 프로토콜 핸들러 ["http-nio-8080"]을(를) 소멸시킵니다.
31-Jul-2025 09:43:38.684 INFO [main] org.apache.catalina.startup.VersionLoggerListener.log 서버 버전 이름:    Apache Tomcat/9.0.106
31-Jul-2025 09:43:38.688 INFO [main] org.apache.catalina.startup.VersionLoggerListener.log Server 빌드 시각:  Jun 5 2025 19:02:30 UTC
31-Jul-2025 09:43:38.688 INFO [main] org.apache.catalina.startup.VersionLoggerListener.log Server 버전 번호:  9.0.106.0
31-Jul-2025 09:43:38.688 INFO [main] org.apache.catalina.startup.VersionLoggerListener.log 운영체제 이름:     Windows 10
31-Jul-2025 09:43:38.688 INFO [main] org.apache.catalina.startup.VersionLoggerListener.log 운영체제 버전:     10.0
31-Jul-2025 09:43:38.689 INFO [main] org.apache.catalina.startup.VersionLoggerListener.log 아키텍처:          amd64
31-Jul-2025 09:43:38.689 INFO [main] org.apache.catalina.startup.VersionLoggerListener.log 자바 홈:           C:\Program Files\Java\jdk-11
31-Jul-2025 09:43:38.689 INFO [main] org.apache.catalina.startup.VersionLoggerListener.log JVM 버전:          11.0.26+7-LTS-187
31-Jul-2025 09:43:38.689 INFO [main] org.apache.catalina.startup.VersionLoggerListener.log JVM 벤더:          Oracle Corporation
31-Jul-2025 09:43:38.689 INFO [main] org.apache.catalina.startup.VersionLoggerListener.log CATALINA_BASE:     C:\spring_workspace\project\springframework_project
31-Jul-2025 09:43:38.689 INFO [main] org.apache.catalina.startup.VersionLoggerListener.log CATALINA_HOME:     C:\Tools\TomCat_9.0
31-Jul-2025 09:43:38.698 INFO [main] org.apache.catalina.startup.VersionLoggerListener.log 명령 행 아규먼트:  --add-opens=java.base/java.lang=ALL-UNNAMED
31-Jul-2025 09:43:38.698 INFO [main] org.apache.catalina.startup.VersionLoggerListener.log 명령 행 아규먼트:  --add-opens=java.base/java.io=ALL-UNNAMED
31-Jul-2025 09:43:38.698 INFO [main] org.apache.catalina.startup.VersionLoggerListener.log 명령 행 아규먼트:  --add-opens=java.base/java.util=ALL-UNNAMED
31-Jul-2025 09:43:38.698 INFO [main] org.apache.catalina.startup.VersionLoggerListener.log 명령 행 아규먼트:  --add-opens=java.base/java.util.concurrent=ALL-UNNAMED
31-Jul-2025 09:43:38.699 INFO [main] org.apache.catalina.startup.VersionLoggerListener.log 명령 행 아규먼트:  --add-opens=java.rmi/sun.rmi.transport=ALL-UNNAMED
31-Jul-2025 09:43:38.699 INFO [main] org.apache.catalina.startup.VersionLoggerListener.log 명령 행 아규먼트:  -Dfile.encoding=UTF-8
31-Jul-2025 09:43:38.699 INFO [main] org.apache.catalina.startup.VersionLoggerListener.log 명령 행 아규먼트:  -Dcatalina.home=C:\Tools\TomCat_9.0
31-Jul-2025 09:43:38.699 INFO [main] org.apache.catalina.startup.VersionLoggerListener.log 명령 행 아규먼트:  -Dcatalina.base=C:\spring_workspace\project\springframework_project
31-Jul-2025 09:43:38.699 INFO [main] org.apache.catalina.startup.VersionLoggerListener.log 명령 행 아규먼트:  -Djava.io.tmpdir=C:\spring_workspace\project\springframework_project\temp
31-Jul-2025 09:43:38.699 INFO [main] org.apache.catalina.startup.VersionLoggerListener.log 명령 행 아규먼트:  -Djava.util.logging.config.file=C:\spring_workspace\project\springframework_project\conf\logging.properties
31-Jul-2025 09:43:38.699 INFO [main] org.apache.catalina.startup.VersionLoggerListener.log 명령 행 아규먼트:  -Djava.util.logging.manager=org.apache.juli.ClassLoaderLogManager
31-Jul-2025 09:43:38.699 INFO [main] org.apache.catalina.startup.VersionLoggerListener.log 명령 행 아규먼트:  -javaagent:C:\Program Files\JetBrains\IntelliJ IDEA Community Edition 2025.1.3\lib\idea_rt.jar=1897
31-Jul-2025 09:43:38.707 INFO [main] org.apache.catalina.core.AprLifecycleListener.lifecycleEvent 프로덕션 환경들에서 최적의 성능을 제공하는, APR 기반 Apache Tomcat Native 라이브러리가, 다음 java.library.path에서 발견되지 않습니다: [C:\Program Files\Java\jdk-11\bin;C:\Windows\Sun\Java\bin;C:\Windows\system32;C:\Windows;C:\Program Files\Common Files\Oracle\Java\javapath;C:\Windows\system32;C:\Windows;C:\Windows\System32\Wbem;C:\Windows\System32\WindowsPowerShell\v1.0\;C:\Windows\System32\OpenSSH\;C:\Program Files\Bandizip\;C:\Program Files\nodejs\;C:\Program Files\Git\cmd;C:\Program Files\Java\jdk-11\bin;C:\Users\keduit\AppData\Local\Programs\Python\Python313\Scripts\;C:\Users\keduit\AppData\Local\Programs\Python\Python313\;C:\Users\keduit\AppData\Local\Programs\Python\Launcher\;C:\Users\keduit\AppData\Local\Microsoft\WindowsApps;C:\Tools\Microsoft VS Code\bin;C:\Users\keduit\AppData\Roaming\npm;C:\Program Files\JetBrains\IntelliJ IDEA Community Edition 2025.1.3\bin;;;%JAVA_HOME!7%\bin;;.]
31-Jul-2025 09:43:39.021 INFO [main] org.apache.coyote.AbstractProtocol.init 프로토콜 핸들러 ["http-nio-8080"]을(를) 초기화합니다.
31-Jul-2025 09:43:39.038 INFO [main] org.apache.catalina.startup.Catalina.load [605] 밀리초 내에 서버가 초기화되었습니다.
31-Jul-2025 09:43:39.088 INFO [main] org.apache.catalina.core.StandardService.startInternal 서비스 [Catalina]을(를) 시작합니다.
31-Jul-2025 09:43:39.089 INFO [main] org.apache.catalina.core.StandardEngine.startInternal 서버 엔진을 시작합니다: [Apache Tomcat/9.0.106]
31-Jul-2025 09:43:39.097 INFO [main] org.apache.catalina.startup.HostConfig.deployDescriptor 배치 descriptor [C:\spring_workspace\project\springframework_project\conf\Catalina\localhost\ROOT.xml]을(를) 배치합니다.
31-Jul-2025 09:43:39.148 WARNING [main] org.apache.catalina.webresources.DirResourceSet.initInternal Disabled the global canonical file name cache to protect against CVE-2024-56337 when starting the WebResourceSet at [C:\spring_workspace\project\springframework_project\target\classes] which is part of the web application []
31-Jul-2025 09:43:41.405 INFO [main] org.apache.jasper.servlet.TldScanner.scanJars 적어도 하나의 JAR가 TLD들을 찾기 위해 스캔되었으나 아무 것도 찾지 못했습니다. 스캔했으나 TLD가 없는 JAR들의 전체 목록을 보시려면, 로그 레벨을 디버그 레벨로 설정하십시오. 스캔 과정에서 불필요한 JAR들을 건너뛰면, 시스템 시작 시간과 JSP 컴파일 시간을 단축시킬 수 있습니다.
31-Jul-2025 09:43:43.485 INFO [main] org.apache.catalina.startup.HostConfig.deployDescriptor 배치 descriptor [C:\spring_workspace\project\springframework_project\conf\Catalina\localhost\ROOT.xml]의 배치가 [4,387] 밀리초 내에 완료되었습니다.
31-Jul-2025 09:43:43.490 INFO [main] org.apache.coyote.AbstractProtocol.start 프로토콜 핸들러 ["http-nio-8080"]을(를) 시작합니다.
31-Jul-2025 09:43:43.544 INFO [main] org.apache.catalina.startup.Catalina.start 서버가 [4505] 밀리초 내에 시작되었습니다.
31-Jul-2025 09:43:49.810 INFO [Thread-1] org.apache.coyote.AbstractProtocol.pause 프로토콜 핸들러 ["http-nio-8080"]을(를) 일시 정지 중
31-Jul-2025 09:43:49.888 INFO [Thread-1] org.apache.catalina.core.StandardService.stopInternal 서비스 [Catalina]을(를) 중지시킵니다.
31-Jul-2025 09:43:49.903 WARNING [Thread-1] org.apache.catalina.loader.WebappClassLoaderBase.clearReferencesJdbc 웹 애플리케이션 [ROOT]이(가) JDBC 드라이버 [com.mysql.cj.jdbc.Driver]을(를) 등록했지만, 웹 애플리케이션이 중지될 때, 해당 JDBC 드라이버의 등록을 제거하지 못했습니다. 메모리 누수를 방지하기 위하여, 등록을 강제로 제거했습니다.
31-Jul-2025 09:43:49.904 WARNING [Thread-1] org.apache.catalina.loader.WebappClassLoaderBase.clearReferencesThreads 웹 애플리케이션 [ROOT]이(가) [mysql-cj-abandoned-connection-cleanup](이)라는 이름의 쓰레드를 시작시킨 것으로 보이지만, 해당 쓰레드를 중지시키지 못했습니다. 이는 메모리 누수를 유발할 가능성이 큽니다. 해당 쓰레드의 스택 트레이스:
 java.base@11.0.26/java.lang.Object.wait(Native Method)
 java.base@11.0.26/java.lang.ref.ReferenceQueue.remove(ReferenceQueue.java:155)
 com.mysql.cj.jdbc.AbandonedConnectionCleanupThread.run(AbandonedConnectionCleanupThread.java:91)
 java.base@11.0.26/java.util.concurrent.ThreadPoolExecutor.runWorker(ThreadPoolExecutor.java:1128)
 java.base@11.0.26/java.util.concurrent.ThreadPoolExecutor$Worker.run(ThreadPoolExecutor.java:628)
 java.base@11.0.26/java.lang.Thread.run(Thread.java:834)
31-Jul-2025 09:43:49.914 INFO [Thread-1] org.apache.coyote.AbstractProtocol.stop 프로토콜 핸들러 ["http-nio-8080"]을(를) 중지시킵니다.
31-Jul-2025 09:43:49.936 INFO [Thread-1] org.apache.coyote.AbstractProtocol.destroy 프로토콜 핸들러 ["http-nio-8080"]을(를) 소멸시킵니다.
31-Jul-2025 09:45:11.390 INFO [main] org.apache.catalina.startup.VersionLoggerListener.log 서버 버전 이름:    Apache Tomcat/9.0.106
31-Jul-2025 09:45:11.394 INFO [main] org.apache.catalina.startup.VersionLoggerListener.log Server 빌드 시각:  Jun 5 2025 19:02:30 UTC
31-Jul-2025 09:45:11.395 INFO [main] org.apache.catalina.startup.VersionLoggerListener.log Server 버전 번호:  9.0.106.0
31-Jul-2025 09:45:11.395 INFO [main] org.apache.catalina.startup.VersionLoggerListener.log 운영체제 이름:     Windows 10
31-Jul-2025 09:45:11.395 INFO [main] org.apache.catalina.startup.VersionLoggerListener.log 운영체제 버전:     10.0
31-Jul-2025 09:45:11.395 INFO [main] org.apache.catalina.startup.VersionLoggerListener.log 아키텍처:          amd64
31-Jul-2025 09:45:11.395 INFO [main] org.apache.catalina.startup.VersionLoggerListener.log 자바 홈:           C:\Program Files\Java\jdk-11
31-Jul-2025 09:45:11.395 INFO [main] org.apache.catalina.startup.VersionLoggerListener.log JVM 버전:          11.0.26+7-LTS-187
31-Jul-2025 09:45:11.395 INFO [main] org.apache.catalina.startup.VersionLoggerListener.log JVM 벤더:          Oracle Corporation
31-Jul-2025 09:45:11.395 INFO [main] org.apache.catalina.startup.VersionLoggerListener.log CATALINA_BASE:     C:\spring_workspace\project\springframework_project
31-Jul-2025 09:45:11.396 INFO [main] org.apache.catalina.startup.VersionLoggerListener.log CATALINA_HOME:     C:\Tools\TomCat_9.0
31-Jul-2025 09:45:11.406 INFO [main] org.apache.catalina.startup.VersionLoggerListener.log 명령 행 아규먼트:  --add-opens=java.base/java.lang=ALL-UNNAMED
31-Jul-2025 09:45:11.406 INFO [main] org.apache.catalina.startup.VersionLoggerListener.log 명령 행 아규먼트:  --add-opens=java.base/java.io=ALL-UNNAMED
31-Jul-2025 09:45:11.406 INFO [main] org.apache.catalina.startup.VersionLoggerListener.log 명령 행 아규먼트:  --add-opens=java.base/java.util=ALL-UNNAMED
31-Jul-2025 09:45:11.406 INFO [main] org.apache.catalina.startup.VersionLoggerListener.log 명령 행 아규먼트:  --add-opens=java.base/java.util.concurrent=ALL-UNNAMED
31-Jul-2025 09:45:11.406 INFO [main] org.apache.catalina.startup.VersionLoggerListener.log 명령 행 아규먼트:  --add-opens=java.rmi/sun.rmi.transport=ALL-UNNAMED
31-Jul-2025 09:45:11.406 INFO [main] org.apache.catalina.startup.VersionLoggerListener.log 명령 행 아규먼트:  -Dfile.encoding=UTF-8
31-Jul-2025 09:45:11.407 INFO [main] org.apache.catalina.startup.VersionLoggerListener.log 명령 행 아규먼트:  -Dcatalina.home=C:\Tools\TomCat_9.0
31-Jul-2025 09:45:11.407 INFO [main] org.apache.catalina.startup.VersionLoggerListener.log 명령 행 아규먼트:  -Dcatalina.base=C:\spring_workspace\project\springframework_project
31-Jul-2025 09:45:11.407 INFO [main] org.apache.catalina.startup.VersionLoggerListener.log 명령 행 아규먼트:  -Djava.io.tmpdir=C:\spring_workspace\project\springframework_project\temp
31-Jul-2025 09:45:11.407 INFO [main] org.apache.catalina.startup.VersionLoggerListener.log 명령 행 아규먼트:  -Djava.util.logging.config.file=C:\spring_workspace\project\springframework_project\conf\logging.properties
31-Jul-2025 09:45:11.407 INFO [main] org.apache.catalina.startup.VersionLoggerListener.log 명령 행 아규먼트:  -Djava.util.logging.manager=org.apache.juli.ClassLoaderLogManager
31-Jul-2025 09:45:11.407 INFO [main] org.apache.catalina.startup.VersionLoggerListener.log 명령 행 아규먼트:  -javaagent:C:\Program Files\JetBrains\IntelliJ IDEA Community Edition 2025.1.3\lib\idea_rt.jar=1915
31-Jul-2025 09:45:11.415 INFO [main] org.apache.catalina.core.AprLifecycleListener.lifecycleEvent 프로덕션 환경들에서 최적의 성능을 제공하는, APR 기반 Apache Tomcat Native 라이브러리가, 다음 java.library.path에서 발견되지 않습니다: [C:\Program Files\Java\jdk-11\bin;C:\Windows\Sun\Java\bin;C:\Windows\system32;C:\Windows;C:\Program Files\Common Files\Oracle\Java\javapath;C:\Windows\system32;C:\Windows;C:\Windows\System32\Wbem;C:\Windows\System32\WindowsPowerShell\v1.0\;C:\Windows\System32\OpenSSH\;C:\Program Files\Bandizip\;C:\Program Files\nodejs\;C:\Program Files\Git\cmd;C:\Program Files\Java\jdk-11\bin;C:\Users\keduit\AppData\Local\Programs\Python\Python313\Scripts\;C:\Users\keduit\AppData\Local\Programs\Python\Python313\;C:\Users\keduit\AppData\Local\Programs\Python\Launcher\;C:\Users\keduit\AppData\Local\Microsoft\WindowsApps;C:\Tools\Microsoft VS Code\bin;C:\Users\keduit\AppData\Roaming\npm;C:\Program Files\JetBrains\IntelliJ IDEA Community Edition 2025.1.3\bin;;;%JAVA_HOME!7%\bin;;.]
31-Jul-2025 09:45:11.688 INFO [main] org.apache.coyote.AbstractProtocol.init 프로토콜 핸들러 ["http-nio-8080"]을(를) 초기화합니다.
31-Jul-2025 09:45:11.705 INFO [main] org.apache.catalina.startup.Catalina.load [567] 밀리초 내에 서버가 초기화되었습니다.
31-Jul-2025 09:45:11.752 INFO [main] org.apache.catalina.core.StandardService.startInternal 서비스 [Catalina]을(를) 시작합니다.
31-Jul-2025 09:45:11.752 INFO [main] org.apache.catalina.core.StandardEngine.startInternal 서버 엔진을 시작합니다: [Apache Tomcat/9.0.106]
31-Jul-2025 09:45:11.760 INFO [main] org.apache.catalina.startup.HostConfig.deployDescriptor 배치 descriptor [C:\spring_workspace\project\springframework_project\conf\Catalina\localhost\ROOT.xml]을(를) 배치합니다.
31-Jul-2025 09:45:11.811 WARNING [main] org.apache.catalina.webresources.DirResourceSet.initInternal Disabled the global canonical file name cache to protect against CVE-2024-56337 when starting the WebResourceSet at [C:\spring_workspace\project\springframework_project\target\classes] which is part of the web application []
31-Jul-2025 09:45:14.030 INFO [main] org.apache.jasper.servlet.TldScanner.scanJars 적어도 하나의 JAR가 TLD들을 찾기 위해 스캔되었으나 아무 것도 찾지 못했습니다. 스캔했으나 TLD가 없는 JAR들의 전체 목록을 보시려면, 로그 레벨을 디버그 레벨로 설정하십시오. 스캔 과정에서 불필요한 JAR들을 건너뛰면, 시스템 시작 시간과 JSP 컴파일 시간을 단축시킬 수 있습니다.
31-Jul-2025 09:45:16.129 INFO [main] org.apache.catalina.startup.HostConfig.deployDescriptor 배치 descriptor [C:\spring_workspace\project\springframework_project\conf\Catalina\localhost\ROOT.xml]의 배치가 [4,367] 밀리초 내에 완료되었습니다.
31-Jul-2025 09:45:16.134 INFO [main] org.apache.coyote.AbstractProtocol.start 프로토콜 핸들러 ["http-nio-8080"]을(를) 시작합니다.
31-Jul-2025 09:45:16.194 INFO [main] org.apache.catalina.startup.Catalina.start 서버가 [4487] 밀리초 내에 시작되었습니다.
31-Jul-2025 09:45:23.012 INFO [Thread-1] org.apache.coyote.AbstractProtocol.pause 프로토콜 핸들러 ["http-nio-8080"]을(를) 일시 정지 중
31-Jul-2025 09:45:23.087 INFO [Thread-1] org.apache.catalina.core.StandardService.stopInternal 서비스 [Catalina]을(를) 중지시킵니다.
31-Jul-2025 09:45:23.105 WARNING [Thread-1] org.apache.catalina.loader.WebappClassLoaderBase.clearReferencesJdbc 웹 애플리케이션 [ROOT]이(가) JDBC 드라이버 [com.mysql.cj.jdbc.Driver]을(를) 등록했지만, 웹 애플리케이션이 중지될 때, 해당 JDBC 드라이버의 등록을 제거하지 못했습니다. 메모리 누수를 방지하기 위하여, 등록을 강제로 제거했습니다.
31-Jul-2025 09:45:23.105 WARNING [Thread-1] org.apache.catalina.loader.WebappClassLoaderBase.clearReferencesThreads 웹 애플리케이션 [ROOT]이(가) [mysql-cj-abandoned-connection-cleanup](이)라는 이름의 쓰레드를 시작시킨 것으로 보이지만, 해당 쓰레드를 중지시키지 못했습니다. 이는 메모리 누수를 유발할 가능성이 큽니다. 해당 쓰레드의 스택 트레이스:
 java.base@11.0.26/java.lang.Object.wait(Native Method)
 java.base@11.0.26/java.lang.ref.ReferenceQueue.remove(ReferenceQueue.java:155)
 com.mysql.cj.jdbc.AbandonedConnectionCleanupThread.run(AbandonedConnectionCleanupThread.java:91)
 java.base@11.0.26/java.util.concurrent.ThreadPoolExecutor.runWorker(ThreadPoolExecutor.java:1128)
 java.base@11.0.26/java.util.concurrent.ThreadPoolExecutor$Worker.run(ThreadPoolExecutor.java:628)
 java.base@11.0.26/java.lang.Thread.run(Thread.java:834)
31-Jul-2025 09:45:23.116 INFO [Thread-1] org.apache.coyote.AbstractProtocol.stop 프로토콜 핸들러 ["http-nio-8080"]을(를) 중지시킵니다.
31-Jul-2025 09:45:23.138 INFO [Thread-1] org.apache.coyote.AbstractProtocol.destroy 프로토콜 핸들러 ["http-nio-8080"]을(를) 소멸시킵니다.
31-Jul-2025 10:01:28.323 INFO [main] org.apache.catalina.startup.VersionLoggerListener.log 서버 버전 이름:    Apache Tomcat/9.0.106
31-Jul-2025 10:01:28.328 INFO [main] org.apache.catalina.startup.VersionLoggerListener.log Server 빌드 시각:  Jun 5 2025 19:02:30 UTC
31-Jul-2025 10:01:28.328 INFO [main] org.apache.catalina.startup.VersionLoggerListener.log Server 버전 번호:  9.0.106.0
31-Jul-2025 10:01:28.328 INFO [main] org.apache.catalina.startup.VersionLoggerListener.log 운영체제 이름:     Windows 10
31-Jul-2025 10:01:28.328 INFO [main] org.apache.catalina.startup.VersionLoggerListener.log 운영체제 버전:     10.0
31-Jul-2025 10:01:28.328 INFO [main] org.apache.catalina.startup.VersionLoggerListener.log 아키텍처:          amd64
31-Jul-2025 10:01:28.328 INFO [main] org.apache.catalina.startup.VersionLoggerListener.log 자바 홈:           C:\Program Files\Java\jdk-11
31-Jul-2025 10:01:28.328 INFO [main] org.apache.catalina.startup.VersionLoggerListener.log JVM 버전:          11.0.26+7-LTS-187
31-Jul-2025 10:01:28.329 INFO [main] org.apache.catalina.startup.VersionLoggerListener.log JVM 벤더:          Oracle Corporation
31-Jul-2025 10:01:28.329 INFO [main] org.apache.catalina.startup.VersionLoggerListener.log CATALINA_BASE:     C:\spring_workspace\project\springframework_project
31-Jul-2025 10:01:28.329 INFO [main] org.apache.catalina.startup.VersionLoggerListener.log CATALINA_HOME:     C:\Tools\TomCat_9.0
31-Jul-2025 10:01:28.339 INFO [main] org.apache.catalina.startup.VersionLoggerListener.log 명령 행 아규먼트:  --add-opens=java.base/java.lang=ALL-UNNAMED
31-Jul-2025 10:01:28.339 INFO [main] org.apache.catalina.startup.VersionLoggerListener.log 명령 행 아규먼트:  --add-opens=java.base/java.io=ALL-UNNAMED
31-Jul-2025 10:01:28.339 INFO [main] org.apache.catalina.startup.VersionLoggerListener.log 명령 행 아규먼트:  --add-opens=java.base/java.util=ALL-UNNAMED
31-Jul-2025 10:01:28.339 INFO [main] org.apache.catalina.startup.VersionLoggerListener.log 명령 행 아규먼트:  --add-opens=java.base/java.util.concurrent=ALL-UNNAMED
31-Jul-2025 10:01:28.339 INFO [main] org.apache.catalina.startup.VersionLoggerListener.log 명령 행 아규먼트:  --add-opens=java.rmi/sun.rmi.transport=ALL-UNNAMED
31-Jul-2025 10:01:28.339 INFO [main] org.apache.catalina.startup.VersionLoggerListener.log 명령 행 아규먼트:  -Dfile.encoding=UTF-8
31-Jul-2025 10:01:28.340 INFO [main] org.apache.catalina.startup.VersionLoggerListener.log 명령 행 아규먼트:  -Dcatalina.home=C:\Tools\TomCat_9.0
31-Jul-2025 10:01:28.340 INFO [main] org.apache.catalina.startup.VersionLoggerListener.log 명령 행 아규먼트:  -Dcatalina.base=C:\spring_workspace\project\springframework_project
31-Jul-2025 10:01:28.340 INFO [main] org.apache.catalina.startup.VersionLoggerListener.log 명령 행 아규먼트:  -Djava.io.tmpdir=C:\spring_workspace\project\springframework_project\temp
31-Jul-2025 10:01:28.340 INFO [main] org.apache.catalina.startup.VersionLoggerListener.log 명령 행 아규먼트:  -Djava.util.logging.config.file=C:\spring_workspace\project\springframework_project\conf\logging.properties
31-Jul-2025 10:01:28.340 INFO [main] org.apache.catalina.startup.VersionLoggerListener.log 명령 행 아규먼트:  -Djava.util.logging.manager=org.apache.juli.ClassLoaderLogManager
31-Jul-2025 10:01:28.340 INFO [main] org.apache.catalina.startup.VersionLoggerListener.log 명령 행 아규먼트:  -javaagent:C:\Program Files\JetBrains\IntelliJ IDEA Community Edition 2025.1.3\lib\idea_rt.jar=2027
31-Jul-2025 10:01:28.348 INFO [main] org.apache.catalina.core.AprLifecycleListener.lifecycleEvent 프로덕션 환경들에서 최적의 성능을 제공하는, APR 기반 Apache Tomcat Native 라이브러리가, 다음 java.library.path에서 발견되지 않습니다: [C:\Program Files\Java\jdk-11\bin;C:\Windows\Sun\Java\bin;C:\Windows\system32;C:\Windows;C:\Program Files\Common Files\Oracle\Java\javapath;C:\Windows\system32;C:\Windows;C:\Windows\System32\Wbem;C:\Windows\System32\WindowsPowerShell\v1.0\;C:\Windows\System32\OpenSSH\;C:\Program Files\Bandizip\;C:\Program Files\nodejs\;C:\Program Files\Git\cmd;C:\Program Files\Java\jdk-11\bin;C:\Users\keduit\AppData\Local\Programs\Python\Python313\Scripts\;C:\Users\keduit\AppData\Local\Programs\Python\Python313\;C:\Users\keduit\AppData\Local\Programs\Python\Launcher\;C:\Users\keduit\AppData\Local\Microsoft\WindowsApps;C:\Tools\Microsoft VS Code\bin;C:\Users\keduit\AppData\Roaming\npm;C:\Program Files\JetBrains\IntelliJ IDEA Community Edition 2025.1.3\bin;;;%JAVA_HOME!7%\bin;;.]
31-Jul-2025 10:01:28.672 INFO [main] org.apache.coyote.AbstractProtocol.init 프로토콜 핸들러 ["http-nio-8080"]을(를) 초기화합니다.
31-Jul-2025 10:01:28.691 INFO [main] org.apache.catalina.startup.Catalina.load [634] 밀리초 내에 서버가 초기화되었습니다.
31-Jul-2025 10:01:28.744 INFO [main] org.apache.catalina.core.StandardService.startInternal 서비스 [Catalina]을(를) 시작합니다.
31-Jul-2025 10:01:28.744 INFO [main] org.apache.catalina.core.StandardEngine.startInternal 서버 엔진을 시작합니다: [Apache Tomcat/9.0.106]
31-Jul-2025 10:01:28.753 INFO [main] org.apache.catalina.startup.HostConfig.deployDescriptor 배치 descriptor [C:\spring_workspace\project\springframework_project\conf\Catalina\localhost\ROOT.xml]을(를) 배치합니다.
31-Jul-2025 10:01:28.807 WARNING [main] org.apache.catalina.webresources.DirResourceSet.initInternal Disabled the global canonical file name cache to protect against CVE-2024-56337 when starting the WebResourceSet at [C:\spring_workspace\project\springframework_project\target\classes] which is part of the web application []
31-Jul-2025 10:01:31.476 INFO [main] org.apache.jasper.servlet.TldScanner.scanJars 적어도 하나의 JAR가 TLD들을 찾기 위해 스캔되었으나 아무 것도 찾지 못했습니다. 스캔했으나 TLD가 없는 JAR들의 전체 목록을 보시려면, 로그 레벨을 디버그 레벨로 설정하십시오. 스캔 과정에서 불필요한 JAR들을 건너뛰면, 시스템 시작 시간과 JSP 컴파일 시간을 단축시킬 수 있습니다.
31-Jul-2025 10:01:34.102 INFO [main] org.apache.catalina.startup.HostConfig.deployDescriptor 배치 descriptor [C:\spring_workspace\project\springframework_project\conf\Catalina\localhost\ROOT.xml]의 배치가 [5,347] 밀리초 내에 완료되었습니다.
31-Jul-2025 10:01:34.107 INFO [main] org.apache.coyote.AbstractProtocol.start 프로토콜 핸들러 ["http-nio-8080"]을(를) 시작합니다.
31-Jul-2025 10:01:34.120 INFO [main] org.apache.catalina.startup.Catalina.start 서버가 [5429] 밀리초 내에 시작되었습니다.
31-Jul-2025 10:01:55.439 INFO [Thread-1] org.apache.coyote.AbstractProtocol.pause 프로토콜 핸들러 ["http-nio-8080"]을(를) 일시 정지 중
31-Jul-2025 10:01:55.510 INFO [Thread-1] org.apache.catalina.core.StandardService.stopInternal 서비스 [Catalina]을(를) 중지시킵니다.
31-Jul-2025 10:01:55.529 WARNING [Thread-1] org.apache.catalina.loader.WebappClassLoaderBase.clearReferencesJdbc 웹 애플리케이션 [ROOT]이(가) JDBC 드라이버 [com.mysql.cj.jdbc.Driver]을(를) 등록했지만, 웹 애플리케이션이 중지될 때, 해당 JDBC 드라이버의 등록을 제거하지 못했습니다. 메모리 누수를 방지하기 위하여, 등록을 강제로 제거했습니다.
31-Jul-2025 10:01:55.529 WARNING [Thread-1] org.apache.catalina.loader.WebappClassLoaderBase.clearReferencesThreads 웹 애플리케이션 [ROOT]이(가) [mysql-cj-abandoned-connection-cleanup](이)라는 이름의 쓰레드를 시작시킨 것으로 보이지만, 해당 쓰레드를 중지시키지 못했습니다. 이는 메모리 누수를 유발할 가능성이 큽니다. 해당 쓰레드의 스택 트레이스:
 java.base@11.0.26/java.lang.Object.wait(Native Method)
 java.base@11.0.26/java.lang.ref.ReferenceQueue.remove(ReferenceQueue.java:155)
 com.mysql.cj.jdbc.AbandonedConnectionCleanupThread.run(AbandonedConnectionCleanupThread.java:91)
 java.base@11.0.26/java.util.concurrent.ThreadPoolExecutor.runWorker(ThreadPoolExecutor.java:1128)
 java.base@11.0.26/java.util.concurrent.ThreadPoolExecutor$Worker.run(ThreadPoolExecutor.java:628)
 java.base@11.0.26/java.lang.Thread.run(Thread.java:834)
31-Jul-2025 10:01:55.536 INFO [Thread-1] org.apache.coyote.AbstractProtocol.stop 프로토콜 핸들러 ["http-nio-8080"]을(를) 중지시킵니다.
31-Jul-2025 10:01:55.550 INFO [Thread-1] org.apache.coyote.AbstractProtocol.destroy 프로토콜 핸들러 ["http-nio-8080"]을(를) 소멸시킵니다.
31-Jul-2025 10:04:54.976 INFO [main] org.apache.catalina.startup.VersionLoggerListener.log 서버 버전 이름:    Apache Tomcat/9.0.106
31-Jul-2025 10:04:54.980 INFO [main] org.apache.catalina.startup.VersionLoggerListener.log Server 빌드 시각:  Jun 5 2025 19:02:30 UTC
31-Jul-2025 10:04:54.980 INFO [main] org.apache.catalina.startup.VersionLoggerListener.log Server 버전 번호:  9.0.106.0
31-Jul-2025 10:04:54.980 INFO [main] org.apache.catalina.startup.VersionLoggerListener.log 운영체제 이름:     Windows 10
31-Jul-2025 10:04:54.980 INFO [main] org.apache.catalina.startup.VersionLoggerListener.log 운영체제 버전:     10.0
31-Jul-2025 10:04:54.980 INFO [main] org.apache.catalina.startup.VersionLoggerListener.log 아키텍처:          amd64
31-Jul-2025 10:04:54.980 INFO [main] org.apache.catalina.startup.VersionLoggerListener.log 자바 홈:           C:\Program Files\Java\jdk-11
31-Jul-2025 10:04:54.980 INFO [main] org.apache.catalina.startup.VersionLoggerListener.log JVM 버전:          11.0.26+7-LTS-187
31-Jul-2025 10:04:54.980 INFO [main] org.apache.catalina.startup.VersionLoggerListener.log JVM 벤더:          Oracle Corporation
31-Jul-2025 10:04:54.981 INFO [main] org.apache.catalina.startup.VersionLoggerListener.log CATALINA_BASE:     C:\spring_workspace\project\springframework_project
31-Jul-2025 10:04:54.981 INFO [main] org.apache.catalina.startup.VersionLoggerListener.log CATALINA_HOME:     C:\Tools\TomCat_9.0
31-Jul-2025 10:04:54.992 INFO [main] org.apache.catalina.startup.VersionLoggerListener.log 명령 행 아규먼트:  --add-opens=java.base/java.lang=ALL-UNNAMED
31-Jul-2025 10:04:54.992 INFO [main] org.apache.catalina.startup.VersionLoggerListener.log 명령 행 아규먼트:  --add-opens=java.base/java.io=ALL-UNNAMED
31-Jul-2025 10:04:54.992 INFO [main] org.apache.catalina.startup.VersionLoggerListener.log 명령 행 아규먼트:  --add-opens=java.base/java.util=ALL-UNNAMED
31-Jul-2025 10:04:54.992 INFO [main] org.apache.catalina.startup.VersionLoggerListener.log 명령 행 아규먼트:  --add-opens=java.base/java.util.concurrent=ALL-UNNAMED
31-Jul-2025 10:04:54.992 INFO [main] org.apache.catalina.startup.VersionLoggerListener.log 명령 행 아규먼트:  --add-opens=java.rmi/sun.rmi.transport=ALL-UNNAMED
31-Jul-2025 10:04:54.993 INFO [main] org.apache.catalina.startup.VersionLoggerListener.log 명령 행 아규먼트:  -Dfile.encoding=UTF-8
31-Jul-2025 10:04:54.993 INFO [main] org.apache.catalina.startup.VersionLoggerListener.log 명령 행 아규먼트:  -Dcatalina.home=C:\Tools\TomCat_9.0
31-Jul-2025 10:04:54.993 INFO [main] org.apache.catalina.startup.VersionLoggerListener.log 명령 행 아규먼트:  -Dcatalina.base=C:\spring_workspace\project\springframework_project
31-Jul-2025 10:04:54.993 INFO [main] org.apache.catalina.startup.VersionLoggerListener.log 명령 행 아규먼트:  -Djava.io.tmpdir=C:\spring_workspace\project\springframework_project\temp
31-Jul-2025 10:04:54.993 INFO [main] org.apache.catalina.startup.VersionLoggerListener.log 명령 행 아규먼트:  -Djava.util.logging.config.file=C:\spring_workspace\project\springframework_project\conf\logging.properties
31-Jul-2025 10:04:54.993 INFO [main] org.apache.catalina.startup.VersionLoggerListener.log 명령 행 아규먼트:  -Djava.util.logging.manager=org.apache.juli.ClassLoaderLogManager
31-Jul-2025 10:04:54.993 INFO [main] org.apache.catalina.startup.VersionLoggerListener.log 명령 행 아규먼트:  -javaagent:C:\Program Files\JetBrains\IntelliJ IDEA Community Edition 2025.1.3\lib\idea_rt.jar=2045
31-Jul-2025 10:04:55.001 INFO [main] org.apache.catalina.core.AprLifecycleListener.lifecycleEvent 프로덕션 환경들에서 최적의 성능을 제공하는, APR 기반 Apache Tomcat Native 라이브러리가, 다음 java.library.path에서 발견되지 않습니다: [C:\Program Files\Java\jdk-11\bin;C:\Windows\Sun\Java\bin;C:\Windows\system32;C:\Windows;C:\Program Files\Common Files\Oracle\Java\javapath;C:\Windows\system32;C:\Windows;C:\Windows\System32\Wbem;C:\Windows\System32\WindowsPowerShell\v1.0\;C:\Windows\System32\OpenSSH\;C:\Program Files\Bandizip\;C:\Program Files\nodejs\;C:\Program Files\Git\cmd;C:\Program Files\Java\jdk-11\bin;C:\Users\keduit\AppData\Local\Programs\Python\Python313\Scripts\;C:\Users\keduit\AppData\Local\Programs\Python\Python313\;C:\Users\keduit\AppData\Local\Programs\Python\Launcher\;C:\Users\keduit\AppData\Local\Microsoft\WindowsApps;C:\Tools\Microsoft VS Code\bin;C:\Users\keduit\AppData\Roaming\npm;C:\Program Files\JetBrains\IntelliJ IDEA Community Edition 2025.1.3\bin;;;%JAVA_HOME!7%\bin;;.]
31-Jul-2025 10:04:55.282 INFO [main] org.apache.coyote.AbstractProtocol.init 프로토콜 핸들러 ["http-nio-8080"]을(를) 초기화합니다.
31-Jul-2025 10:04:55.300 INFO [main] org.apache.catalina.startup.Catalina.load [578] 밀리초 내에 서버가 초기화되었습니다.
31-Jul-2025 10:04:55.350 INFO [main] org.apache.catalina.core.StandardService.startInternal 서비스 [Catalina]을(를) 시작합니다.
31-Jul-2025 10:04:55.350 INFO [main] org.apache.catalina.core.StandardEngine.startInternal 서버 엔진을 시작합니다: [Apache Tomcat/9.0.106]
31-Jul-2025 10:04:55.357 INFO [main] org.apache.catalina.startup.HostConfig.deployDescriptor 배치 descriptor [C:\spring_workspace\project\springframework_project\conf\Catalina\localhost\ROOT.xml]을(를) 배치합니다.
31-Jul-2025 10:04:55.407 WARNING [main] org.apache.catalina.webresources.DirResourceSet.initInternal Disabled the global canonical file name cache to protect against CVE-2024-56337 when starting the WebResourceSet at [C:\spring_workspace\project\springframework_project\target\classes] which is part of the web application []
31-Jul-2025 10:04:57.873 INFO [main] org.apache.jasper.servlet.TldScanner.scanJars 적어도 하나의 JAR가 TLD들을 찾기 위해 스캔되었으나 아무 것도 찾지 못했습니다. 스캔했으나 TLD가 없는 JAR들의 전체 목록을 보시려면, 로그 레벨을 디버그 레벨로 설정하십시오. 스캔 과정에서 불필요한 JAR들을 건너뛰면, 시스템 시작 시간과 JSP 컴파일 시간을 단축시킬 수 있습니다.
31-Jul-2025 10:05:00.585 INFO [main] org.apache.catalina.startup.HostConfig.deployDescriptor 배치 descriptor [C:\spring_workspace\project\springframework_project\conf\Catalina\localhost\ROOT.xml]의 배치가 [5,226] 밀리초 내에 완료되었습니다.
31-Jul-2025 10:05:00.589 INFO [main] org.apache.coyote.AbstractProtocol.start 프로토콜 핸들러 ["http-nio-8080"]을(를) 시작합니다.
31-Jul-2025 10:05:00.602 INFO [main] org.apache.catalina.startup.Catalina.start 서버가 [5301] 밀리초 내에 시작되었습니다.
31-Jul-2025 10:05:45.286 INFO [Thread-1] org.apache.coyote.AbstractProtocol.pause 프로토콜 핸들러 ["http-nio-8080"]을(를) 일시 정지 중
31-Jul-2025 10:05:45.360 INFO [Thread-1] org.apache.catalina.core.StandardService.stopInternal 서비스 [Catalina]을(를) 중지시킵니다.
31-Jul-2025 10:05:45.393 WARNING [Thread-1] org.apache.catalina.loader.WebappClassLoaderBase.clearReferencesJdbc 웹 애플리케이션 [ROOT]이(가) JDBC 드라이버 [com.mysql.cj.jdbc.Driver]을(를) 등록했지만, 웹 애플리케이션이 중지될 때, 해당 JDBC 드라이버의 등록을 제거하지 못했습니다. 메모리 누수를 방지하기 위하여, 등록을 강제로 제거했습니다.
31-Jul-2025 10:05:45.393 WARNING [Thread-1] org.apache.catalina.loader.WebappClassLoaderBase.clearReferencesThreads 웹 애플리케이션 [ROOT]이(가) [mysql-cj-abandoned-connection-cleanup](이)라는 이름의 쓰레드를 시작시킨 것으로 보이지만, 해당 쓰레드를 중지시키지 못했습니다. 이는 메모리 누수를 유발할 가능성이 큽니다. 해당 쓰레드의 스택 트레이스:
 java.base@11.0.26/java.lang.Object.wait(Native Method)
 java.base@11.0.26/java.lang.ref.ReferenceQueue.remove(ReferenceQueue.java:155)
 com.mysql.cj.jdbc.AbandonedConnectionCleanupThread.run(AbandonedConnectionCleanupThread.java:91)
 java.base@11.0.26/java.util.concurrent.ThreadPoolExecutor.runWorker(ThreadPoolExecutor.java:1128)
 java.base@11.0.26/java.util.concurrent.ThreadPoolExecutor$Worker.run(ThreadPoolExecutor.java:628)
 java.base@11.0.26/java.lang.Thread.run(Thread.java:834)
31-Jul-2025 10:05:45.401 INFO [Thread-1] org.apache.coyote.AbstractProtocol.stop 프로토콜 핸들러 ["http-nio-8080"]을(를) 중지시킵니다.
31-Jul-2025 10:05:45.411 INFO [Thread-1] org.apache.coyote.AbstractProtocol.destroy 프로토콜 핸들러 ["http-nio-8080"]을(를) 소멸시킵니다.
