01-Aug-2025 09:41:30.414 INFO [main] org.apache.catalina.startup.VersionLoggerListener.log 서버 버전 이름:    Apache Tomcat/9.0.106
01-Aug-2025 09:41:30.421 INFO [main] org.apache.catalina.startup.VersionLoggerListener.log Server 빌드 시각:  Jun 5 2025 19:02:30 UTC
01-Aug-2025 09:41:30.422 INFO [main] org.apache.catalina.startup.VersionLoggerListener.log Server 버전 번호:  9.0.106.0
01-Aug-2025 09:41:30.422 INFO [main] org.apache.catalina.startup.VersionLoggerListener.log 운영체제 이름:     Windows 10
01-Aug-2025 09:41:30.422 INFO [main] org.apache.catalina.startup.VersionLoggerListener.log 운영체제 버전:     10.0
01-Aug-2025 09:41:30.423 INFO [main] org.apache.catalina.startup.VersionLoggerListener.log 아키텍처:          amd64
01-Aug-2025 09:41:30.423 INFO [main] org.apache.catalina.startup.VersionLoggerListener.log 자바 홈:           C:\Program Files\Java\jdk-11
01-Aug-2025 09:41:30.423 INFO [main] org.apache.catalina.startup.VersionLoggerListener.log JVM 버전:          11.0.26+7-LTS-187
01-Aug-2025 09:41:30.423 INFO [main] org.apache.catalina.startup.VersionLoggerListener.log JVM 벤더:          Oracle Corporation
01-Aug-2025 09:41:30.424 INFO [main] org.apache.catalina.startup.VersionLoggerListener.log CATALINA_BASE:     C:\spring_workspace\moim_project
01-Aug-2025 09:41:30.424 INFO [main] org.apache.catalina.startup.VersionLoggerListener.log CATALINA_HOME:     C:\tools\tomcat_9.0
01-Aug-2025 09:41:30.453 INFO [main] org.apache.catalina.startup.VersionLoggerListener.log 명령 행 아규먼트:  --add-opens=java.base/java.lang=ALL-UNNAMED
01-Aug-2025 09:41:30.453 INFO [main] org.apache.catalina.startup.VersionLoggerListener.log 명령 행 아규먼트:  --add-opens=java.base/java.io=ALL-UNNAMED
01-Aug-2025 09:41:30.453 INFO [main] org.apache.catalina.startup.VersionLoggerListener.log 명령 행 아규먼트:  --add-opens=java.base/java.util=ALL-UNNAMED
01-Aug-2025 09:41:30.454 INFO [main] org.apache.catalina.startup.VersionLoggerListener.log 명령 행 아규먼트:  --add-opens=java.base/java.util.concurrent=ALL-UNNAMED
01-Aug-2025 09:41:30.454 INFO [main] org.apache.catalina.startup.VersionLoggerListener.log 명령 행 아규먼트:  --add-opens=java.rmi/sun.rmi.transport=ALL-UNNAMED
01-Aug-2025 09:41:30.454 INFO [main] org.apache.catalina.startup.VersionLoggerListener.log 명령 행 아규먼트:  -Dcatalina.home=C:\tools\tomcat_9.0
01-Aug-2025 09:41:30.455 INFO [main] org.apache.catalina.startup.VersionLoggerListener.log 명령 행 아규먼트:  -Dcatalina.base=C:\spring_workspace\moim_project
01-Aug-2025 09:41:30.455 INFO [main] org.apache.catalina.startup.VersionLoggerListener.log 명령 행 아규먼트:  -Djava.io.tmpdir=C:\spring_workspace\moim_project\temp
01-Aug-2025 09:41:30.455 INFO [main] org.apache.catalina.startup.VersionLoggerListener.log 명령 행 아규먼트:  -Djava.util.logging.config.file=C:\spring_workspace\moim_project\conf\logging.properties
01-Aug-2025 09:41:30.455 INFO [main] org.apache.catalina.startup.VersionLoggerListener.log 명령 행 아규먼트:  -Djava.util.logging.manager=org.apache.juli.ClassLoaderLogManager
01-Aug-2025 09:41:30.455 INFO [main] org.apache.catalina.startup.VersionLoggerListener.log 명령 행 아규먼트:  -javaagent:C:\Program Files\JetBrains\IntelliJ IDEA Community Edition 2025.1.3\lib\idea_rt.jar=55891
01-Aug-2025 09:41:30.456 INFO [main] org.apache.catalina.startup.VersionLoggerListener.log 명령 행 아규먼트:  -Dfile.encoding=UTF-8
01-Aug-2025 09:41:30.469 INFO [main] org.apache.catalina.core.AprLifecycleListener.lifecycleEvent 프로덕션 환경들에서 최적의 성능을 제공하는, APR 기반 Apache Tomcat Native 라이브러리가, 다음 java.library.path에서 발견되지 않습니다: [C:\Program Files\Java\jdk-11\bin;C:\WINDOWS\Sun\Java\bin;C:\WINDOWS\system32;C:\WINDOWS;C:\Python313\Scripts\;C:\Python313\;C:\Program Files\Common Files\Oracle\Java\javapath;C:\WINDOWS\system32;C:\WINDOWS;C:\WINDOWS\System32\Wbem;C:\WINDOWS\System32\WindowsPowerShell\v1.0\;C:\WINDOWS\System32\OpenSSH\;C:\Program Files\nodejs\;C:\ProgramData\chocolatey\bin;C:\Program Files\Git\cmd;%JAVA_HOME%\bin;C:\Users\boomi\AppData\Local\Microsoft\WindowsApps;C:\tools\Microsoft VS Code\bin;C:\Users\boomi\AppData\Roaming\npm;C:\Program Files\JetBrains\IntelliJ IDEA Community Edition 2025.1.3\bin;;.]
01-Aug-2025 09:41:31.024 INFO [main] org.apache.coyote.AbstractProtocol.init 프로토콜 핸들러 ["http-nio-8080"]을(를) 초기화합니다.
01-Aug-2025 09:41:31.056 INFO [main] org.apache.catalina.startup.Catalina.load [1290] 밀리초 내에 서버가 초기화되었습니다.
01-Aug-2025 09:41:31.240 INFO [main] org.apache.catalina.core.StandardService.startInternal 서비스 [Catalina]을(를) 시작합니다.
01-Aug-2025 09:41:31.241 INFO [main] org.apache.catalina.core.StandardEngine.startInternal 서버 엔진을 시작합니다: [Apache Tomcat/9.0.106]
01-Aug-2025 09:41:31.267 INFO [main] org.apache.catalina.startup.HostConfig.deployDescriptor 배치 descriptor [C:\spring_workspace\moim_project\conf\Catalina\localhost\ROOT.xml]을(를) 배치합니다.
01-Aug-2025 09:41:31.399 WARNING [main] org.apache.catalina.webresources.DirResourceSet.initInternal Disabled the global canonical file name cache to protect against CVE-2024-56337 when starting the WebResourceSet at [C:\spring_workspace\moim_project\target\classes] which is part of the web application []
01-Aug-2025 09:41:37.129 INFO [main] org.apache.jasper.servlet.TldScanner.scanJars 적어도 하나의 JAR가 TLD들을 찾기 위해 스캔되었으나 아무 것도 찾지 못했습니다. 스캔했으나 TLD가 없는 JAR들의 전체 목록을 보시려면, 로그 레벨을 디버그 레벨로 설정하십시오. 스캔 과정에서 불필요한 JAR들을 건너뛰면, 시스템 시작 시간과 JSP 컴파일 시간을 단축시킬 수 있습니다.
01-Aug-2025 09:41:41.296 WARNING [main] org.apache.catalina.util.SessionIdGeneratorBase.createSecureRandom [SHA1PRNG] 알고리즘을 사용하여, 세션 ID를 생성하기 위한 SecureRandom 객체를 생성하는데, [161] 밀리초가 소요됐습니다.
01-Aug-2025 09:41:43.038 INFO [main] org.apache.catalina.startup.HostConfig.deployDescriptor 배치 descriptor [C:\spring_workspace\moim_project\conf\Catalina\localhost\ROOT.xml]의 배치가 [11,771] 밀리초 내에 완료되었습니다.
01-Aug-2025 09:41:43.048 INFO [main] org.apache.coyote.AbstractProtocol.start 프로토콜 핸들러 ["http-nio-8080"]을(를) 시작합니다.
01-Aug-2025 09:41:43.086 INFO [main] org.apache.catalina.startup.Catalina.start 서버가 [12029] 밀리초 내에 시작되었습니다.
01-Aug-2025 09:51:15.731 INFO [Thread-1] org.apache.coyote.AbstractProtocol.pause 프로토콜 핸들러 ["http-nio-8080"]을(를) 일시 정지 중
01-Aug-2025 09:51:16.635 INFO [Thread-1] org.apache.catalina.core.StandardService.stopInternal 서비스 [Catalina]을(를) 중지시킵니다.
01-Aug-2025 09:51:16.704 WARNING [Thread-1] org.apache.catalina.loader.WebappClassLoaderBase.clearReferencesJdbc 웹 애플리케이션 [ROOT]이(가) JDBC 드라이버 [com.mysql.cj.jdbc.Driver]을(를) 등록했지만, 웹 애플리케이션이 중지될 때, 해당 JDBC 드라이버의 등록을 제거하지 못했습니다. 메모리 누수를 방지하기 위하여, 등록을 강제로 제거했습니다.
01-Aug-2025 09:51:16.705 WARNING [Thread-1] org.apache.catalina.loader.WebappClassLoaderBase.clearReferencesThreads 웹 애플리케이션 [ROOT]이(가) [mysql-cj-abandoned-connection-cleanup](이)라는 이름의 쓰레드를 시작시킨 것으로 보이지만, 해당 쓰레드를 중지시키지 못했습니다. 이는 메모리 누수를 유발할 가능성이 큽니다. 해당 쓰레드의 스택 트레이스:
 java.base@11.0.26/java.lang.Object.wait(Native Method)
 java.base@11.0.26/java.lang.ref.ReferenceQueue.remove(ReferenceQueue.java:155)
 com.mysql.cj.jdbc.AbandonedConnectionCleanupThread.run(AbandonedConnectionCleanupThread.java:91)
 java.base@11.0.26/java.util.concurrent.ThreadPoolExecutor.runWorker(ThreadPoolExecutor.java:1128)
 java.base@11.0.26/java.util.concurrent.ThreadPoolExecutor$Worker.run(ThreadPoolExecutor.java:628)
 java.base@11.0.26/java.lang.Thread.run(Thread.java:834)
01-Aug-2025 09:51:16.721 INFO [Thread-1] org.apache.coyote.AbstractProtocol.stop 프로토콜 핸들러 ["http-nio-8080"]을(를) 중지시킵니다.
01-Aug-2025 09:51:16.742 INFO [Thread-1] org.apache.coyote.AbstractProtocol.destroy 프로토콜 핸들러 ["http-nio-8080"]을(를) 소멸시킵니다.
01-Aug-2025 11:10:56.473 INFO [main] org.apache.catalina.startup.VersionLoggerListener.log 서버 버전 이름:    Apache Tomcat/9.0.106
01-Aug-2025 11:10:56.482 INFO [main] org.apache.catalina.startup.VersionLoggerListener.log Server 빌드 시각:  Jun 5 2025 19:02:30 UTC
01-Aug-2025 11:10:56.483 INFO [main] org.apache.catalina.startup.VersionLoggerListener.log Server 버전 번호:  9.0.106.0
01-Aug-2025 11:10:56.483 INFO [main] org.apache.catalina.startup.VersionLoggerListener.log 운영체제 이름:     Windows 10
01-Aug-2025 11:10:56.483 INFO [main] org.apache.catalina.startup.VersionLoggerListener.log 운영체제 버전:     10.0
01-Aug-2025 11:10:56.483 INFO [main] org.apache.catalina.startup.VersionLoggerListener.log 아키텍처:          amd64
01-Aug-2025 11:10:56.484 INFO [main] org.apache.catalina.startup.VersionLoggerListener.log 자바 홈:           C:\Program Files\Java\jdk-11
01-Aug-2025 11:10:56.484 INFO [main] org.apache.catalina.startup.VersionLoggerListener.log JVM 버전:          11.0.26+7-LTS-187
01-Aug-2025 11:10:56.484 INFO [main] org.apache.catalina.startup.VersionLoggerListener.log JVM 벤더:          Oracle Corporation
01-Aug-2025 11:10:56.484 INFO [main] org.apache.catalina.startup.VersionLoggerListener.log CATALINA_BASE:     C:\spring_workspace\moim_project
01-Aug-2025 11:10:56.484 INFO [main] org.apache.catalina.startup.VersionLoggerListener.log CATALINA_HOME:     C:\tools\tomcat_9.0
01-Aug-2025 11:10:56.546 INFO [main] org.apache.catalina.startup.VersionLoggerListener.log 명령 행 아규먼트:  --add-opens=java.base/java.lang=ALL-UNNAMED
01-Aug-2025 11:10:56.546 INFO [main] org.apache.catalina.startup.VersionLoggerListener.log 명령 행 아규먼트:  --add-opens=java.base/java.io=ALL-UNNAMED
01-Aug-2025 11:10:56.547 INFO [main] org.apache.catalina.startup.VersionLoggerListener.log 명령 행 아규먼트:  --add-opens=java.base/java.util=ALL-UNNAMED
01-Aug-2025 11:10:56.547 INFO [main] org.apache.catalina.startup.VersionLoggerListener.log 명령 행 아규먼트:  --add-opens=java.base/java.util.concurrent=ALL-UNNAMED
01-Aug-2025 11:10:56.549 INFO [main] org.apache.catalina.startup.VersionLoggerListener.log 명령 행 아규먼트:  --add-opens=java.rmi/sun.rmi.transport=ALL-UNNAMED
01-Aug-2025 11:10:56.549 INFO [main] org.apache.catalina.startup.VersionLoggerListener.log 명령 행 아규먼트:  -Dcatalina.home=C:\tools\tomcat_9.0
01-Aug-2025 11:10:56.550 INFO [main] org.apache.catalina.startup.VersionLoggerListener.log 명령 행 아규먼트:  -Dcatalina.base=C:\spring_workspace\moim_project
01-Aug-2025 11:10:56.550 INFO [main] org.apache.catalina.startup.VersionLoggerListener.log 명령 행 아규먼트:  -Djava.io.tmpdir=C:\spring_workspace\moim_project\temp
01-Aug-2025 11:10:56.550 INFO [main] org.apache.catalina.startup.VersionLoggerListener.log 명령 행 아규먼트:  -Djava.util.logging.config.file=C:\spring_workspace\moim_project\conf\logging.properties
01-Aug-2025 11:10:56.550 INFO [main] org.apache.catalina.startup.VersionLoggerListener.log 명령 행 아규먼트:  -Djava.util.logging.manager=org.apache.juli.ClassLoaderLogManager
01-Aug-2025 11:10:56.551 INFO [main] org.apache.catalina.startup.VersionLoggerListener.log 명령 행 아규먼트:  -javaagent:C:\Program Files\JetBrains\IntelliJ IDEA Community Edition 2025.1.3\lib\idea_rt.jar=56664
01-Aug-2025 11:10:56.552 INFO [main] org.apache.catalina.startup.VersionLoggerListener.log 명령 행 아규먼트:  -Dfile.encoding=UTF-8
01-Aug-2025 11:10:56.568 INFO [main] org.apache.catalina.core.AprLifecycleListener.lifecycleEvent 프로덕션 환경들에서 최적의 성능을 제공하는, APR 기반 Apache Tomcat Native 라이브러리가, 다음 java.library.path에서 발견되지 않습니다: [C:\Program Files\Java\jdk-11\bin;C:\WINDOWS\Sun\Java\bin;C:\WINDOWS\system32;C:\WINDOWS;C:\Python313\Scripts\;C:\Python313\;C:\Program Files\Common Files\Oracle\Java\javapath;C:\WINDOWS\system32;C:\WINDOWS;C:\WINDOWS\System32\Wbem;C:\WINDOWS\System32\WindowsPowerShell\v1.0\;C:\WINDOWS\System32\OpenSSH\;C:\Program Files\nodejs\;C:\ProgramData\chocolatey\bin;C:\Program Files\Git\cmd;%JAVA_HOME%\bin;C:\Users\boomi\AppData\Local\Microsoft\WindowsApps;C:\tools\Microsoft VS Code\bin;C:\Users\boomi\AppData\Roaming\npm;C:\Program Files\JetBrains\IntelliJ IDEA Community Edition 2025.1.3\bin;;.]
01-Aug-2025 11:10:57.253 INFO [main] org.apache.coyote.AbstractProtocol.init 프로토콜 핸들러 ["http-nio-8080"]을(를) 초기화합니다.
01-Aug-2025 11:10:57.309 INFO [main] org.apache.catalina.startup.Catalina.load [1803] 밀리초 내에 서버가 초기화되었습니다.
01-Aug-2025 11:10:57.449 INFO [main] org.apache.catalina.core.StandardService.startInternal 서비스 [Catalina]을(를) 시작합니다.
01-Aug-2025 11:10:57.449 INFO [main] org.apache.catalina.core.StandardEngine.startInternal 서버 엔진을 시작합니다: [Apache Tomcat/9.0.106]
01-Aug-2025 11:10:57.469 INFO [main] org.apache.catalina.startup.HostConfig.deployDescriptor 배치 descriptor [C:\spring_workspace\moim_project\conf\Catalina\localhost\ROOT.xml]을(를) 배치합니다.
01-Aug-2025 11:10:57.589 WARNING [main] org.apache.catalina.webresources.DirResourceSet.initInternal Disabled the global canonical file name cache to protect against CVE-2024-56337 when starting the WebResourceSet at [C:\spring_workspace\moim_project\target\classes] which is part of the web application []
01-Aug-2025 11:11:02.479 INFO [main] org.apache.jasper.servlet.TldScanner.scanJars 적어도 하나의 JAR가 TLD들을 찾기 위해 스캔되었으나 아무 것도 찾지 못했습니다. 스캔했으나 TLD가 없는 JAR들의 전체 목록을 보시려면, 로그 레벨을 디버그 레벨로 설정하십시오. 스캔 과정에서 불필요한 JAR들을 건너뛰면, 시스템 시작 시간과 JSP 컴파일 시간을 단축시킬 수 있습니다.
01-Aug-2025 11:11:05.683 WARNING [main] org.apache.catalina.util.SessionIdGeneratorBase.createSecureRandom [SHA1PRNG] 알고리즘을 사용하여, 세션 ID를 생성하기 위한 SecureRandom 객체를 생성하는데, [159] 밀리초가 소요됐습니다.
01-Aug-2025 11:11:07.485 INFO [main] org.apache.catalina.startup.HostConfig.deployDescriptor 배치 descriptor [C:\spring_workspace\moim_project\conf\Catalina\localhost\ROOT.xml]의 배치가 [10,016] 밀리초 내에 완료되었습니다.
01-Aug-2025 11:11:07.495 INFO [main] org.apache.coyote.AbstractProtocol.start 프로토콜 핸들러 ["http-nio-8080"]을(를) 시작합니다.
01-Aug-2025 11:11:07.525 INFO [main] org.apache.catalina.startup.Catalina.start 서버가 [10215] 밀리초 내에 시작되었습니다.
01-Aug-2025 11:19:18.969 INFO [Thread-1] org.apache.coyote.AbstractProtocol.pause 프로토콜 핸들러 ["http-nio-8080"]을(를) 일시 정지 중
01-Aug-2025 11:19:19.317 INFO [Thread-1] org.apache.catalina.core.StandardService.stopInternal 서비스 [Catalina]을(를) 중지시킵니다.
01-Aug-2025 11:19:19.351 WARNING [Thread-1] org.apache.catalina.loader.WebappClassLoaderBase.clearReferencesJdbc 웹 애플리케이션 [ROOT]이(가) JDBC 드라이버 [com.mysql.cj.jdbc.Driver]을(를) 등록했지만, 웹 애플리케이션이 중지될 때, 해당 JDBC 드라이버의 등록을 제거하지 못했습니다. 메모리 누수를 방지하기 위하여, 등록을 강제로 제거했습니다.
01-Aug-2025 11:19:19.352 WARNING [Thread-1] org.apache.catalina.loader.WebappClassLoaderBase.clearReferencesThreads 웹 애플리케이션 [ROOT]이(가) [mysql-cj-abandoned-connection-cleanup](이)라는 이름의 쓰레드를 시작시킨 것으로 보이지만, 해당 쓰레드를 중지시키지 못했습니다. 이는 메모리 누수를 유발할 가능성이 큽니다. 해당 쓰레드의 스택 트레이스:
 java.base@11.0.26/java.lang.Object.wait(Native Method)
 java.base@11.0.26/java.lang.ref.ReferenceQueue.remove(ReferenceQueue.java:155)
 com.mysql.cj.jdbc.AbandonedConnectionCleanupThread.run(AbandonedConnectionCleanupThread.java:91)
 java.base@11.0.26/java.util.concurrent.ThreadPoolExecutor.runWorker(ThreadPoolExecutor.java:1128)
 java.base@11.0.26/java.util.concurrent.ThreadPoolExecutor$Worker.run(ThreadPoolExecutor.java:628)
 java.base@11.0.26/java.lang.Thread.run(Thread.java:834)
01-Aug-2025 11:19:19.363 INFO [Thread-1] org.apache.coyote.AbstractProtocol.stop 프로토콜 핸들러 ["http-nio-8080"]을(를) 중지시킵니다.
01-Aug-2025 11:19:19.371 INFO [Thread-1] org.apache.coyote.AbstractProtocol.destroy 프로토콜 핸들러 ["http-nio-8080"]을(를) 소멸시킵니다.
01-Aug-2025 11:19:24.799 INFO [main] org.apache.catalina.startup.VersionLoggerListener.log 서버 버전 이름:    Apache Tomcat/9.0.106
01-Aug-2025 11:19:24.804 INFO [main] org.apache.catalina.startup.VersionLoggerListener.log Server 빌드 시각:  Jun 5 2025 19:02:30 UTC
01-Aug-2025 11:19:24.805 INFO [main] org.apache.catalina.startup.VersionLoggerListener.log Server 버전 번호:  9.0.106.0
01-Aug-2025 11:19:24.805 INFO [main] org.apache.catalina.startup.VersionLoggerListener.log 운영체제 이름:     Windows 10
01-Aug-2025 11:19:24.805 INFO [main] org.apache.catalina.startup.VersionLoggerListener.log 운영체제 버전:     10.0
01-Aug-2025 11:19:24.805 INFO [main] org.apache.catalina.startup.VersionLoggerListener.log 아키텍처:          amd64
01-Aug-2025 11:19:24.805 INFO [main] org.apache.catalina.startup.VersionLoggerListener.log 자바 홈:           C:\Program Files\Java\jdk-11
01-Aug-2025 11:19:24.806 INFO [main] org.apache.catalina.startup.VersionLoggerListener.log JVM 버전:          11.0.26+7-LTS-187
01-Aug-2025 11:19:24.806 INFO [main] org.apache.catalina.startup.VersionLoggerListener.log JVM 벤더:          Oracle Corporation
01-Aug-2025 11:19:24.806 INFO [main] org.apache.catalina.startup.VersionLoggerListener.log CATALINA_BASE:     C:\spring_workspace\moim_project
01-Aug-2025 11:19:24.806 INFO [main] org.apache.catalina.startup.VersionLoggerListener.log CATALINA_HOME:     C:\tools\tomcat_9.0
01-Aug-2025 11:19:24.825 INFO [main] org.apache.catalina.startup.VersionLoggerListener.log 명령 행 아규먼트:  --add-opens=java.base/java.lang=ALL-UNNAMED
01-Aug-2025 11:19:24.825 INFO [main] org.apache.catalina.startup.VersionLoggerListener.log 명령 행 아규먼트:  --add-opens=java.base/java.io=ALL-UNNAMED
01-Aug-2025 11:19:24.825 INFO [main] org.apache.catalina.startup.VersionLoggerListener.log 명령 행 아규먼트:  --add-opens=java.base/java.util=ALL-UNNAMED
01-Aug-2025 11:19:24.826 INFO [main] org.apache.catalina.startup.VersionLoggerListener.log 명령 행 아규먼트:  --add-opens=java.base/java.util.concurrent=ALL-UNNAMED
01-Aug-2025 11:19:24.826 INFO [main] org.apache.catalina.startup.VersionLoggerListener.log 명령 행 아규먼트:  --add-opens=java.rmi/sun.rmi.transport=ALL-UNNAMED
01-Aug-2025 11:19:24.826 INFO [main] org.apache.catalina.startup.VersionLoggerListener.log 명령 행 아규먼트:  -Dcatalina.home=C:\tools\tomcat_9.0
01-Aug-2025 11:19:24.826 INFO [main] org.apache.catalina.startup.VersionLoggerListener.log 명령 행 아규먼트:  -Dcatalina.base=C:\spring_workspace\moim_project
01-Aug-2025 11:19:24.826 INFO [main] org.apache.catalina.startup.VersionLoggerListener.log 명령 행 아규먼트:  -Djava.io.tmpdir=C:\spring_workspace\moim_project\temp
01-Aug-2025 11:19:24.826 INFO [main] org.apache.catalina.startup.VersionLoggerListener.log 명령 행 아규먼트:  -Djava.util.logging.config.file=C:\spring_workspace\moim_project\conf\logging.properties
01-Aug-2025 11:19:24.826 INFO [main] org.apache.catalina.startup.VersionLoggerListener.log 명령 행 아규먼트:  -Djava.util.logging.manager=org.apache.juli.ClassLoaderLogManager
01-Aug-2025 11:19:24.827 INFO [main] org.apache.catalina.startup.VersionLoggerListener.log 명령 행 아규먼트:  -javaagent:C:\Program Files\JetBrains\IntelliJ IDEA Community Edition 2025.1.3\lib\idea_rt.jar=56721
01-Aug-2025 11:19:24.827 INFO [main] org.apache.catalina.startup.VersionLoggerListener.log 명령 행 아규먼트:  -Dfile.encoding=UTF-8
01-Aug-2025 11:19:24.842 INFO [main] org.apache.catalina.core.AprLifecycleListener.lifecycleEvent 프로덕션 환경들에서 최적의 성능을 제공하는, APR 기반 Apache Tomcat Native 라이브러리가, 다음 java.library.path에서 발견되지 않습니다: [C:\Program Files\Java\jdk-11\bin;C:\WINDOWS\Sun\Java\bin;C:\WINDOWS\system32;C:\WINDOWS;C:\Python313\Scripts\;C:\Python313\;C:\Program Files\Common Files\Oracle\Java\javapath;C:\WINDOWS\system32;C:\WINDOWS;C:\WINDOWS\System32\Wbem;C:\WINDOWS\System32\WindowsPowerShell\v1.0\;C:\WINDOWS\System32\OpenSSH\;C:\Program Files\nodejs\;C:\ProgramData\chocolatey\bin;C:\Program Files\Git\cmd;%JAVA_HOME%\bin;C:\Users\boomi\AppData\Local\Microsoft\WindowsApps;C:\tools\Microsoft VS Code\bin;C:\Users\boomi\AppData\Roaming\npm;C:\Program Files\JetBrains\IntelliJ IDEA Community Edition 2025.1.3\bin;;.]
01-Aug-2025 11:19:25.327 INFO [main] org.apache.coyote.AbstractProtocol.init 프로토콜 핸들러 ["http-nio-8080"]을(를) 초기화합니다.
01-Aug-2025 11:19:25.359 INFO [main] org.apache.catalina.startup.Catalina.load [934] 밀리초 내에 서버가 초기화되었습니다.
01-Aug-2025 11:19:25.454 INFO [main] org.apache.catalina.core.StandardService.startInternal 서비스 [Catalina]을(를) 시작합니다.
01-Aug-2025 11:19:25.455 INFO [main] org.apache.catalina.core.StandardEngine.startInternal 서버 엔진을 시작합니다: [Apache Tomcat/9.0.106]
01-Aug-2025 11:19:25.471 INFO [main] org.apache.catalina.startup.HostConfig.deployDescriptor 배치 descriptor [C:\spring_workspace\moim_project\conf\Catalina\localhost\ROOT.xml]을(를) 배치합니다.
01-Aug-2025 11:19:25.618 WARNING [main] org.apache.catalina.webresources.DirResourceSet.initInternal Disabled the global canonical file name cache to protect against CVE-2024-56337 when starting the WebResourceSet at [C:\spring_workspace\moim_project\target\classes] which is part of the web application []
01-Aug-2025 11:19:29.984 INFO [main] org.apache.jasper.servlet.TldScanner.scanJars 적어도 하나의 JAR가 TLD들을 찾기 위해 스캔되었으나 아무 것도 찾지 못했습니다. 스캔했으나 TLD가 없는 JAR들의 전체 목록을 보시려면, 로그 레벨을 디버그 레벨로 설정하십시오. 스캔 과정에서 불필요한 JAR들을 건너뛰면, 시스템 시작 시간과 JSP 컴파일 시간을 단축시킬 수 있습니다.
01-Aug-2025 11:19:32.687 WARNING [main] org.apache.catalina.util.SessionIdGeneratorBase.createSecureRandom [SHA1PRNG] 알고리즘을 사용하여, 세션 ID를 생성하기 위한 SecureRandom 객체를 생성하는데, [164] 밀리초가 소요됐습니다.
01-Aug-2025 11:19:34.238 INFO [main] org.apache.catalina.startup.HostConfig.deployDescriptor 배치 descriptor [C:\spring_workspace\moim_project\conf\Catalina\localhost\ROOT.xml]의 배치가 [8,766] 밀리초 내에 완료되었습니다.
01-Aug-2025 11:19:34.246 INFO [main] org.apache.coyote.AbstractProtocol.start 프로토콜 핸들러 ["http-nio-8080"]을(를) 시작합니다.
01-Aug-2025 11:19:34.265 INFO [main] org.apache.catalina.startup.Catalina.start 서버가 [8904] 밀리초 내에 시작되었습니다.
01-Aug-2025 11:25:23.675 INFO [Thread-1] org.apache.coyote.AbstractProtocol.pause 프로토콜 핸들러 ["http-nio-8080"]을(를) 일시 정지 중
01-Aug-2025 11:25:24.005 INFO [Thread-1] org.apache.catalina.core.StandardService.stopInternal 서비스 [Catalina]을(를) 중지시킵니다.
01-Aug-2025 11:25:24.033 WARNING [Thread-1] org.apache.catalina.loader.WebappClassLoaderBase.clearReferencesJdbc 웹 애플리케이션 [ROOT]이(가) JDBC 드라이버 [com.mysql.cj.jdbc.Driver]을(를) 등록했지만, 웹 애플리케이션이 중지될 때, 해당 JDBC 드라이버의 등록을 제거하지 못했습니다. 메모리 누수를 방지하기 위하여, 등록을 강제로 제거했습니다.
01-Aug-2025 11:25:24.034 WARNING [Thread-1] org.apache.catalina.loader.WebappClassLoaderBase.clearReferencesThreads 웹 애플리케이션 [ROOT]이(가) [mysql-cj-abandoned-connection-cleanup](이)라는 이름의 쓰레드를 시작시킨 것으로 보이지만, 해당 쓰레드를 중지시키지 못했습니다. 이는 메모리 누수를 유발할 가능성이 큽니다. 해당 쓰레드의 스택 트레이스:
 java.base@11.0.26/java.lang.Object.wait(Native Method)
 java.base@11.0.26/java.lang.ref.ReferenceQueue.remove(ReferenceQueue.java:155)
 com.mysql.cj.jdbc.AbandonedConnectionCleanupThread.run(AbandonedConnectionCleanupThread.java:91)
 java.base@11.0.26/java.util.concurrent.ThreadPoolExecutor.runWorker(ThreadPoolExecutor.java:1128)
 java.base@11.0.26/java.util.concurrent.ThreadPoolExecutor$Worker.run(ThreadPoolExecutor.java:628)
 java.base@11.0.26/java.lang.Thread.run(Thread.java:834)
01-Aug-2025 11:25:24.044 INFO [Thread-1] org.apache.coyote.AbstractProtocol.stop 프로토콜 핸들러 ["http-nio-8080"]을(를) 중지시킵니다.
01-Aug-2025 11:25:24.064 INFO [Thread-1] org.apache.coyote.AbstractProtocol.destroy 프로토콜 핸들러 ["http-nio-8080"]을(를) 소멸시킵니다.
01-Aug-2025 11:25:30.559 INFO [main] org.apache.catalina.startup.VersionLoggerListener.log 서버 버전 이름:    Apache Tomcat/9.0.106
01-Aug-2025 11:25:30.568 INFO [main] org.apache.catalina.startup.VersionLoggerListener.log Server 빌드 시각:  Jun 5 2025 19:02:30 UTC
01-Aug-2025 11:25:30.568 INFO [main] org.apache.catalina.startup.VersionLoggerListener.log Server 버전 번호:  9.0.106.0
01-Aug-2025 11:25:30.569 INFO [main] org.apache.catalina.startup.VersionLoggerListener.log 운영체제 이름:     Windows 10
01-Aug-2025 11:25:30.569 INFO [main] org.apache.catalina.startup.VersionLoggerListener.log 운영체제 버전:     10.0
01-Aug-2025 11:25:30.569 INFO [main] org.apache.catalina.startup.VersionLoggerListener.log 아키텍처:          amd64
01-Aug-2025 11:25:30.569 INFO [main] org.apache.catalina.startup.VersionLoggerListener.log 자바 홈:           C:\Program Files\Java\jdk-11
01-Aug-2025 11:25:30.570 INFO [main] org.apache.catalina.startup.VersionLoggerListener.log JVM 버전:          11.0.26+7-LTS-187
01-Aug-2025 11:25:30.570 INFO [main] org.apache.catalina.startup.VersionLoggerListener.log JVM 벤더:          Oracle Corporation
01-Aug-2025 11:25:30.572 INFO [main] org.apache.catalina.startup.VersionLoggerListener.log CATALINA_BASE:     C:\spring_workspace\moim_project
01-Aug-2025 11:25:30.572 INFO [main] org.apache.catalina.startup.VersionLoggerListener.log CATALINA_HOME:     C:\tools\tomcat_9.0
01-Aug-2025 11:25:30.591 INFO [main] org.apache.catalina.startup.VersionLoggerListener.log 명령 행 아규먼트:  --add-opens=java.base/java.lang=ALL-UNNAMED
01-Aug-2025 11:25:30.591 INFO [main] org.apache.catalina.startup.VersionLoggerListener.log 명령 행 아규먼트:  --add-opens=java.base/java.io=ALL-UNNAMED
01-Aug-2025 11:25:30.591 INFO [main] org.apache.catalina.startup.VersionLoggerListener.log 명령 행 아규먼트:  --add-opens=java.base/java.util=ALL-UNNAMED
01-Aug-2025 11:25:30.598 INFO [main] org.apache.catalina.startup.VersionLoggerListener.log 명령 행 아규먼트:  --add-opens=java.base/java.util.concurrent=ALL-UNNAMED
01-Aug-2025 11:25:30.599 INFO [main] org.apache.catalina.startup.VersionLoggerListener.log 명령 행 아규먼트:  --add-opens=java.rmi/sun.rmi.transport=ALL-UNNAMED
01-Aug-2025 11:25:30.599 INFO [main] org.apache.catalina.startup.VersionLoggerListener.log 명령 행 아규먼트:  -Dcatalina.home=C:\tools\tomcat_9.0
01-Aug-2025 11:25:30.599 INFO [main] org.apache.catalina.startup.VersionLoggerListener.log 명령 행 아규먼트:  -Dcatalina.base=C:\spring_workspace\moim_project
01-Aug-2025 11:25:30.599 INFO [main] org.apache.catalina.startup.VersionLoggerListener.log 명령 행 아규먼트:  -Djava.io.tmpdir=C:\spring_workspace\moim_project\temp
01-Aug-2025 11:25:30.599 INFO [main] org.apache.catalina.startup.VersionLoggerListener.log 명령 행 아규먼트:  -Djava.util.logging.config.file=C:\spring_workspace\moim_project\conf\logging.properties
01-Aug-2025 11:25:30.599 INFO [main] org.apache.catalina.startup.VersionLoggerListener.log 명령 행 아규먼트:  -Djava.util.logging.manager=org.apache.juli.ClassLoaderLogManager
01-Aug-2025 11:25:30.600 INFO [main] org.apache.catalina.startup.VersionLoggerListener.log 명령 행 아규먼트:  -javaagent:C:\Program Files\JetBrains\IntelliJ IDEA Community Edition 2025.1.3\lib\idea_rt.jar=56757
01-Aug-2025 11:25:30.600 INFO [main] org.apache.catalina.startup.VersionLoggerListener.log 명령 행 아규먼트:  -Dfile.encoding=UTF-8
01-Aug-2025 11:25:30.615 INFO [main] org.apache.catalina.core.AprLifecycleListener.lifecycleEvent 프로덕션 환경들에서 최적의 성능을 제공하는, APR 기반 Apache Tomcat Native 라이브러리가, 다음 java.library.path에서 발견되지 않습니다: [C:\Program Files\Java\jdk-11\bin;C:\WINDOWS\Sun\Java\bin;C:\WINDOWS\system32;C:\WINDOWS;C:\Python313\Scripts\;C:\Python313\;C:\Program Files\Common Files\Oracle\Java\javapath;C:\WINDOWS\system32;C:\WINDOWS;C:\WINDOWS\System32\Wbem;C:\WINDOWS\System32\WindowsPowerShell\v1.0\;C:\WINDOWS\System32\OpenSSH\;C:\Program Files\nodejs\;C:\ProgramData\chocolatey\bin;C:\Program Files\Git\cmd;%JAVA_HOME%\bin;C:\Users\boomi\AppData\Local\Microsoft\WindowsApps;C:\tools\Microsoft VS Code\bin;C:\Users\boomi\AppData\Roaming\npm;C:\Program Files\JetBrains\IntelliJ IDEA Community Edition 2025.1.3\bin;;.]
01-Aug-2025 11:25:31.220 INFO [main] org.apache.coyote.AbstractProtocol.init 프로토콜 핸들러 ["http-nio-8080"]을(를) 초기화합니다.
01-Aug-2025 11:25:31.259 INFO [main] org.apache.catalina.startup.Catalina.load [1159] 밀리초 내에 서버가 초기화되었습니다.
01-Aug-2025 11:25:31.420 INFO [main] org.apache.catalina.core.StandardService.startInternal 서비스 [Catalina]을(를) 시작합니다.
01-Aug-2025 11:25:31.420 INFO [main] org.apache.catalina.core.StandardEngine.startInternal 서버 엔진을 시작합니다: [Apache Tomcat/9.0.106]
01-Aug-2025 11:25:31.447 INFO [main] org.apache.catalina.startup.HostConfig.deployDescriptor 배치 descriptor [C:\spring_workspace\moim_project\conf\Catalina\localhost\ROOT.xml]을(를) 배치합니다.
01-Aug-2025 11:25:31.618 WARNING [main] org.apache.catalina.webresources.DirResourceSet.initInternal Disabled the global canonical file name cache to protect against CVE-2024-56337 when starting the WebResourceSet at [C:\spring_workspace\moim_project\target\classes] which is part of the web application []
01-Aug-2025 11:25:38.616 INFO [main] org.apache.jasper.servlet.TldScanner.scanJars 적어도 하나의 JAR가 TLD들을 찾기 위해 스캔되었으나 아무 것도 찾지 못했습니다. 스캔했으나 TLD가 없는 JAR들의 전체 목록을 보시려면, 로그 레벨을 디버그 레벨로 설정하십시오. 스캔 과정에서 불필요한 JAR들을 건너뛰면, 시스템 시작 시간과 JSP 컴파일 시간을 단축시킬 수 있습니다.
01-Aug-2025 11:25:41.868 WARNING [main] org.apache.catalina.util.SessionIdGeneratorBase.createSecureRandom [SHA1PRNG] 알고리즘을 사용하여, 세션 ID를 생성하기 위한 SecureRandom 객체를 생성하는데, [157] 밀리초가 소요됐습니다.
01-Aug-2025 11:25:43.561 INFO [main] org.apache.catalina.startup.HostConfig.deployDescriptor 배치 descriptor [C:\spring_workspace\moim_project\conf\Catalina\localhost\ROOT.xml]의 배치가 [12,113] 밀리초 내에 완료되었습니다.
01-Aug-2025 11:25:43.568 INFO [main] org.apache.coyote.AbstractProtocol.start 프로토콜 핸들러 ["http-nio-8080"]을(를) 시작합니다.
01-Aug-2025 11:25:43.586 INFO [main] org.apache.catalina.startup.Catalina.start 서버가 [12326] 밀리초 내에 시작되었습니다.
01-Aug-2025 11:37:09.508 INFO [Thread-1] org.apache.coyote.AbstractProtocol.pause 프로토콜 핸들러 ["http-nio-8080"]을(를) 일시 정지 중
01-Aug-2025 11:37:09.830 INFO [Thread-1] org.apache.catalina.core.StandardService.stopInternal 서비스 [Catalina]을(를) 중지시킵니다.
01-Aug-2025 11:37:09.856 WARNING [Thread-1] org.apache.catalina.loader.WebappClassLoaderBase.clearReferencesJdbc 웹 애플리케이션 [ROOT]이(가) JDBC 드라이버 [com.mysql.cj.jdbc.Driver]을(를) 등록했지만, 웹 애플리케이션이 중지될 때, 해당 JDBC 드라이버의 등록을 제거하지 못했습니다. 메모리 누수를 방지하기 위하여, 등록을 강제로 제거했습니다.
01-Aug-2025 11:37:09.857 WARNING [Thread-1] org.apache.catalina.loader.WebappClassLoaderBase.clearReferencesThreads 웹 애플리케이션 [ROOT]이(가) [mysql-cj-abandoned-connection-cleanup](이)라는 이름의 쓰레드를 시작시킨 것으로 보이지만, 해당 쓰레드를 중지시키지 못했습니다. 이는 메모리 누수를 유발할 가능성이 큽니다. 해당 쓰레드의 스택 트레이스:
 java.base@11.0.26/java.lang.Object.wait(Native Method)
 java.base@11.0.26/java.lang.ref.ReferenceQueue.remove(ReferenceQueue.java:155)
 com.mysql.cj.jdbc.AbandonedConnectionCleanupThread.run(AbandonedConnectionCleanupThread.java:91)
 java.base@11.0.26/java.util.concurrent.ThreadPoolExecutor.runWorker(ThreadPoolExecutor.java:1128)
 java.base@11.0.26/java.util.concurrent.ThreadPoolExecutor$Worker.run(ThreadPoolExecutor.java:628)
 java.base@11.0.26/java.lang.Thread.run(Thread.java:834)
01-Aug-2025 11:37:09.868 INFO [Thread-1] org.apache.coyote.AbstractProtocol.stop 프로토콜 핸들러 ["http-nio-8080"]을(를) 중지시킵니다.
01-Aug-2025 11:37:23.537 INFO [main] org.apache.catalina.startup.VersionLoggerListener.log 서버 버전 이름:    Apache Tomcat/9.0.106
01-Aug-2025 11:37:23.550 INFO [main] org.apache.catalina.startup.VersionLoggerListener.log Server 빌드 시각:  Jun 5 2025 19:02:30 UTC
01-Aug-2025 11:37:23.551 INFO [main] org.apache.catalina.startup.VersionLoggerListener.log Server 버전 번호:  9.0.106.0
01-Aug-2025 11:37:23.551 INFO [main] org.apache.catalina.startup.VersionLoggerListener.log 운영체제 이름:     Windows 10
01-Aug-2025 11:37:23.551 INFO [main] org.apache.catalina.startup.VersionLoggerListener.log 운영체제 버전:     10.0
01-Aug-2025 11:37:23.551 INFO [main] org.apache.catalina.startup.VersionLoggerListener.log 아키텍처:          amd64
01-Aug-2025 11:37:23.553 INFO [main] org.apache.catalina.startup.VersionLoggerListener.log 자바 홈:           C:\Program Files\Java\jdk-11
01-Aug-2025 11:37:23.553 INFO [main] org.apache.catalina.startup.VersionLoggerListener.log JVM 버전:          11.0.26+7-LTS-187
01-Aug-2025 11:37:23.553 INFO [main] org.apache.catalina.startup.VersionLoggerListener.log JVM 벤더:          Oracle Corporation
01-Aug-2025 11:37:23.553 INFO [main] org.apache.catalina.startup.VersionLoggerListener.log CATALINA_BASE:     C:\spring_workspace\moim_project
01-Aug-2025 11:37:23.554 INFO [main] org.apache.catalina.startup.VersionLoggerListener.log CATALINA_HOME:     C:\tools\tomcat_9.0
01-Aug-2025 11:37:23.574 INFO [main] org.apache.catalina.startup.VersionLoggerListener.log 명령 행 아규먼트:  --add-opens=java.base/java.lang=ALL-UNNAMED
01-Aug-2025 11:37:23.574 INFO [main] org.apache.catalina.startup.VersionLoggerListener.log 명령 행 아규먼트:  --add-opens=java.base/java.io=ALL-UNNAMED
01-Aug-2025 11:37:23.575 INFO [main] org.apache.catalina.startup.VersionLoggerListener.log 명령 행 아규먼트:  --add-opens=java.base/java.util=ALL-UNNAMED
01-Aug-2025 11:37:23.575 INFO [main] org.apache.catalina.startup.VersionLoggerListener.log 명령 행 아규먼트:  --add-opens=java.base/java.util.concurrent=ALL-UNNAMED
01-Aug-2025 11:37:23.575 INFO [main] org.apache.catalina.startup.VersionLoggerListener.log 명령 행 아규먼트:  --add-opens=java.rmi/sun.rmi.transport=ALL-UNNAMED
01-Aug-2025 11:37:23.575 INFO [main] org.apache.catalina.startup.VersionLoggerListener.log 명령 행 아규먼트:  -Dcatalina.home=C:\tools\tomcat_9.0
01-Aug-2025 11:37:23.575 INFO [main] org.apache.catalina.startup.VersionLoggerListener.log 명령 행 아규먼트:  -Dcatalina.base=C:\spring_workspace\moim_project
01-Aug-2025 11:37:23.576 INFO [main] org.apache.catalina.startup.VersionLoggerListener.log 명령 행 아규먼트:  -Djava.io.tmpdir=C:\spring_workspace\moim_project\temp
01-Aug-2025 11:37:23.576 INFO [main] org.apache.catalina.startup.VersionLoggerListener.log 명령 행 아규먼트:  -Djava.util.logging.config.file=C:\spring_workspace\moim_project\conf\logging.properties
01-Aug-2025 11:37:23.576 INFO [main] org.apache.catalina.startup.VersionLoggerListener.log 명령 행 아규먼트:  -Djava.util.logging.manager=org.apache.juli.ClassLoaderLogManager
01-Aug-2025 11:37:23.576 INFO [main] org.apache.catalina.startup.VersionLoggerListener.log 명령 행 아규먼트:  -javaagent:C:\Program Files\JetBrains\IntelliJ IDEA Community Edition 2025.1.3\lib\idea_rt.jar=56852
01-Aug-2025 11:37:23.576 INFO [main] org.apache.catalina.startup.VersionLoggerListener.log 명령 행 아규먼트:  -Dfile.encoding=UTF-8
01-Aug-2025 11:37:23.596 INFO [main] org.apache.catalina.core.AprLifecycleListener.lifecycleEvent 프로덕션 환경들에서 최적의 성능을 제공하는, APR 기반 Apache Tomcat Native 라이브러리가, 다음 java.library.path에서 발견되지 않습니다: [C:\Program Files\Java\jdk-11\bin;C:\WINDOWS\Sun\Java\bin;C:\WINDOWS\system32;C:\WINDOWS;C:\Python313\Scripts\;C:\Python313\;C:\Program Files\Common Files\Oracle\Java\javapath;C:\WINDOWS\system32;C:\WINDOWS;C:\WINDOWS\System32\Wbem;C:\WINDOWS\System32\WindowsPowerShell\v1.0\;C:\WINDOWS\System32\OpenSSH\;C:\Program Files\nodejs\;C:\ProgramData\chocolatey\bin;C:\Program Files\Git\cmd;%JAVA_HOME%\bin;C:\Users\boomi\AppData\Local\Microsoft\WindowsApps;C:\tools\Microsoft VS Code\bin;C:\Users\boomi\AppData\Roaming\npm;C:\Program Files\JetBrains\IntelliJ IDEA Community Edition 2025.1.3\bin;;.]
01-Aug-2025 11:37:24.178 INFO [main] org.apache.coyote.AbstractProtocol.init 프로토콜 핸들러 ["http-nio-8080"]을(를) 초기화합니다.
01-Aug-2025 11:37:24.219 INFO [main] org.apache.catalina.startup.Catalina.load [1181] 밀리초 내에 서버가 초기화되었습니다.
01-Aug-2025 11:37:24.328 INFO [main] org.apache.catalina.core.StandardService.startInternal 서비스 [Catalina]을(를) 시작합니다.
01-Aug-2025 11:37:24.328 INFO [main] org.apache.catalina.core.StandardEngine.startInternal 서버 엔진을 시작합니다: [Apache Tomcat/9.0.106]
01-Aug-2025 11:37:24.347 INFO [main] org.apache.catalina.startup.HostConfig.deployDescriptor 배치 descriptor [C:\spring_workspace\moim_project\conf\Catalina\localhost\ROOT.xml]을(를) 배치합니다.
01-Aug-2025 11:37:24.477 WARNING [main] org.apache.catalina.webresources.DirResourceSet.initInternal Disabled the global canonical file name cache to protect against CVE-2024-56337 when starting the WebResourceSet at [C:\spring_workspace\moim_project\target\classes] which is part of the web application []
01-Aug-2025 11:37:29.953 INFO [main] org.apache.jasper.servlet.TldScanner.scanJars 적어도 하나의 JAR가 TLD들을 찾기 위해 스캔되었으나 아무 것도 찾지 못했습니다. 스캔했으나 TLD가 없는 JAR들의 전체 목록을 보시려면, 로그 레벨을 디버그 레벨로 설정하십시오. 스캔 과정에서 불필요한 JAR들을 건너뛰면, 시스템 시작 시간과 JSP 컴파일 시간을 단축시킬 수 있습니다.
01-Aug-2025 11:37:33.993 WARNING [main] org.apache.catalina.util.SessionIdGeneratorBase.createSecureRandom [SHA1PRNG] 알고리즘을 사용하여, 세션 ID를 생성하기 위한 SecureRandom 객체를 생성하는데, [187] 밀리초가 소요됐습니다.
01-Aug-2025 11:37:35.959 INFO [main] org.apache.catalina.startup.HostConfig.deployDescriptor 배치 descriptor [C:\spring_workspace\moim_project\conf\Catalina\localhost\ROOT.xml]의 배치가 [11,612] 밀리초 내에 완료되었습니다.
01-Aug-2025 11:37:35.967 INFO [main] org.apache.coyote.AbstractProtocol.start 프로토콜 핸들러 ["http-nio-8080"]을(를) 시작합니다.
01-Aug-2025 11:37:35.988 INFO [main] org.apache.catalina.startup.Catalina.start 서버가 [11766] 밀리초 내에 시작되었습니다.
01-Aug-2025 11:38:53.009 INFO [Thread-1] org.apache.coyote.AbstractProtocol.pause 프로토콜 핸들러 ["http-nio-8080"]을(를) 일시 정지 중
01-Aug-2025 11:38:53.368 INFO [Thread-1] org.apache.catalina.core.StandardService.stopInternal 서비스 [Catalina]을(를) 중지시킵니다.
01-Aug-2025 11:38:53.396 WARNING [Thread-1] org.apache.catalina.loader.WebappClassLoaderBase.clearReferencesJdbc 웹 애플리케이션 [ROOT]이(가) JDBC 드라이버 [com.mysql.cj.jdbc.Driver]을(를) 등록했지만, 웹 애플리케이션이 중지될 때, 해당 JDBC 드라이버의 등록을 제거하지 못했습니다. 메모리 누수를 방지하기 위하여, 등록을 강제로 제거했습니다.
01-Aug-2025 11:38:53.397 WARNING [Thread-1] org.apache.catalina.loader.WebappClassLoaderBase.clearReferencesThreads 웹 애플리케이션 [ROOT]이(가) [mysql-cj-abandoned-connection-cleanup](이)라는 이름의 쓰레드를 시작시킨 것으로 보이지만, 해당 쓰레드를 중지시키지 못했습니다. 이는 메모리 누수를 유발할 가능성이 큽니다. 해당 쓰레드의 스택 트레이스:
 java.base@11.0.26/java.lang.Object.wait(Native Method)
 java.base@11.0.26/java.lang.ref.ReferenceQueue.remove(ReferenceQueue.java:155)
 com.mysql.cj.jdbc.AbandonedConnectionCleanupThread.run(AbandonedConnectionCleanupThread.java:91)
 java.base@11.0.26/java.util.concurrent.ThreadPoolExecutor.runWorker(ThreadPoolExecutor.java:1128)
 java.base@11.0.26/java.util.concurrent.ThreadPoolExecutor$Worker.run(ThreadPoolExecutor.java:628)
 java.base@11.0.26/java.lang.Thread.run(Thread.java:834)
01-Aug-2025 11:38:53.409 INFO [Thread-1] org.apache.coyote.AbstractProtocol.stop 프로토콜 핸들러 ["http-nio-8080"]을(를) 중지시킵니다.
01-Aug-2025 11:38:53.419 INFO [Thread-1] org.apache.coyote.AbstractProtocol.destroy 프로토콜 핸들러 ["http-nio-8080"]을(를) 소멸시킵니다.
01-Aug-2025 11:38:58.923 INFO [main] org.apache.catalina.startup.VersionLoggerListener.log 서버 버전 이름:    Apache Tomcat/9.0.106
01-Aug-2025 11:38:58.931 INFO [main] org.apache.catalina.startup.VersionLoggerListener.log Server 빌드 시각:  Jun 5 2025 19:02:30 UTC
01-Aug-2025 11:38:58.931 INFO [main] org.apache.catalina.startup.VersionLoggerListener.log Server 버전 번호:  9.0.106.0
01-Aug-2025 11:38:58.931 INFO [main] org.apache.catalina.startup.VersionLoggerListener.log 운영체제 이름:     Windows 10
01-Aug-2025 11:38:58.932 INFO [main] org.apache.catalina.startup.VersionLoggerListener.log 운영체제 버전:     10.0
01-Aug-2025 11:38:58.932 INFO [main] org.apache.catalina.startup.VersionLoggerListener.log 아키텍처:          amd64
01-Aug-2025 11:38:58.932 INFO [main] org.apache.catalina.startup.VersionLoggerListener.log 자바 홈:           C:\Program Files\Java\jdk-11
01-Aug-2025 11:38:58.932 INFO [main] org.apache.catalina.startup.VersionLoggerListener.log JVM 버전:          11.0.26+7-LTS-187
01-Aug-2025 11:38:58.933 INFO [main] org.apache.catalina.startup.VersionLoggerListener.log JVM 벤더:          Oracle Corporation
01-Aug-2025 11:38:58.933 INFO [main] org.apache.catalina.startup.VersionLoggerListener.log CATALINA_BASE:     C:\spring_workspace\moim_project
01-Aug-2025 11:38:58.933 INFO [main] org.apache.catalina.startup.VersionLoggerListener.log CATALINA_HOME:     C:\tools\tomcat_9.0
01-Aug-2025 11:38:58.956 INFO [main] org.apache.catalina.startup.VersionLoggerListener.log 명령 행 아규먼트:  --add-opens=java.base/java.lang=ALL-UNNAMED
01-Aug-2025 11:38:58.957 INFO [main] org.apache.catalina.startup.VersionLoggerListener.log 명령 행 아규먼트:  --add-opens=java.base/java.io=ALL-UNNAMED
01-Aug-2025 11:38:58.957 INFO [main] org.apache.catalina.startup.VersionLoggerListener.log 명령 행 아규먼트:  --add-opens=java.base/java.util=ALL-UNNAMED
01-Aug-2025 11:38:58.957 INFO [main] org.apache.catalina.startup.VersionLoggerListener.log 명령 행 아규먼트:  --add-opens=java.base/java.util.concurrent=ALL-UNNAMED
01-Aug-2025 11:38:58.957 INFO [main] org.apache.catalina.startup.VersionLoggerListener.log 명령 행 아규먼트:  --add-opens=java.rmi/sun.rmi.transport=ALL-UNNAMED
01-Aug-2025 11:38:58.957 INFO [main] org.apache.catalina.startup.VersionLoggerListener.log 명령 행 아규먼트:  -Dcatalina.home=C:\tools\tomcat_9.0
01-Aug-2025 11:38:58.958 INFO [main] org.apache.catalina.startup.VersionLoggerListener.log 명령 행 아규먼트:  -Dcatalina.base=C:\spring_workspace\moim_project
01-Aug-2025 11:38:58.958 INFO [main] org.apache.catalina.startup.VersionLoggerListener.log 명령 행 아규먼트:  -Djava.io.tmpdir=C:\spring_workspace\moim_project\temp
01-Aug-2025 11:38:58.958 INFO [main] org.apache.catalina.startup.VersionLoggerListener.log 명령 행 아규먼트:  -Djava.util.logging.config.file=C:\spring_workspace\moim_project\conf\logging.properties
01-Aug-2025 11:38:58.958 INFO [main] org.apache.catalina.startup.VersionLoggerListener.log 명령 행 아규먼트:  -Djava.util.logging.manager=org.apache.juli.ClassLoaderLogManager
01-Aug-2025 11:38:58.960 INFO [main] org.apache.catalina.startup.VersionLoggerListener.log 명령 행 아규먼트:  -javaagent:C:\Program Files\JetBrains\IntelliJ IDEA Community Edition 2025.1.3\lib\idea_rt.jar=56869
01-Aug-2025 11:38:58.960 INFO [main] org.apache.catalina.startup.VersionLoggerListener.log 명령 행 아규먼트:  -Dfile.encoding=UTF-8
01-Aug-2025 11:38:58.989 INFO [main] org.apache.catalina.core.AprLifecycleListener.lifecycleEvent 프로덕션 환경들에서 최적의 성능을 제공하는, APR 기반 Apache Tomcat Native 라이브러리가, 다음 java.library.path에서 발견되지 않습니다: [C:\Program Files\Java\jdk-11\bin;C:\WINDOWS\Sun\Java\bin;C:\WINDOWS\system32;C:\WINDOWS;C:\Python313\Scripts\;C:\Python313\;C:\Program Files\Common Files\Oracle\Java\javapath;C:\WINDOWS\system32;C:\WINDOWS;C:\WINDOWS\System32\Wbem;C:\WINDOWS\System32\WindowsPowerShell\v1.0\;C:\WINDOWS\System32\OpenSSH\;C:\Program Files\nodejs\;C:\ProgramData\chocolatey\bin;C:\Program Files\Git\cmd;%JAVA_HOME%\bin;C:\Users\boomi\AppData\Local\Microsoft\WindowsApps;C:\tools\Microsoft VS Code\bin;C:\Users\boomi\AppData\Roaming\npm;C:\Program Files\JetBrains\IntelliJ IDEA Community Edition 2025.1.3\bin;;.]
01-Aug-2025 11:39:00.247 INFO [main] org.apache.coyote.AbstractProtocol.init 프로토콜 핸들러 ["http-nio-8080"]을(를) 초기화합니다.
01-Aug-2025 11:39:00.302 INFO [main] org.apache.catalina.startup.Catalina.load [2007] 밀리초 내에 서버가 초기화되었습니다.
01-Aug-2025 11:39:00.567 INFO [main] org.apache.catalina.core.StandardService.startInternal 서비스 [Catalina]을(를) 시작합니다.
01-Aug-2025 11:39:00.567 INFO [main] org.apache.catalina.core.StandardEngine.startInternal 서버 엔진을 시작합니다: [Apache Tomcat/9.0.106]
01-Aug-2025 11:39:00.587 INFO [main] org.apache.catalina.startup.HostConfig.deployDescriptor 배치 descriptor [C:\spring_workspace\moim_project\conf\Catalina\localhost\ROOT.xml]을(를) 배치합니다.
01-Aug-2025 11:39:00.735 WARNING [main] org.apache.catalina.webresources.DirResourceSet.initInternal Disabled the global canonical file name cache to protect against CVE-2024-56337 when starting the WebResourceSet at [C:\spring_workspace\moim_project\target\classes] which is part of the web application []
01-Aug-2025 11:39:07.393 INFO [main] org.apache.jasper.servlet.TldScanner.scanJars 적어도 하나의 JAR가 TLD들을 찾기 위해 스캔되었으나 아무 것도 찾지 못했습니다. 스캔했으나 TLD가 없는 JAR들의 전체 목록을 보시려면, 로그 레벨을 디버그 레벨로 설정하십시오. 스캔 과정에서 불필요한 JAR들을 건너뛰면, 시스템 시작 시간과 JSP 컴파일 시간을 단축시킬 수 있습니다.
01-Aug-2025 11:39:11.619 WARNING [main] org.apache.catalina.util.SessionIdGeneratorBase.createSecureRandom [SHA1PRNG] 알고리즘을 사용하여, 세션 ID를 생성하기 위한 SecureRandom 객체를 생성하는데, [186] 밀리초가 소요됐습니다.
01-Aug-2025 11:39:13.674 INFO [main] org.apache.catalina.startup.HostConfig.deployDescriptor 배치 descriptor [C:\spring_workspace\moim_project\conf\Catalina\localhost\ROOT.xml]의 배치가 [13,087] 밀리초 내에 완료되었습니다.
01-Aug-2025 11:39:13.681 INFO [main] org.apache.coyote.AbstractProtocol.start 프로토콜 핸들러 ["http-nio-8080"]을(를) 시작합니다.
01-Aug-2025 11:39:13.704 INFO [main] org.apache.catalina.startup.Catalina.start 서버가 [13399] 밀리초 내에 시작되었습니다.
01-Aug-2025 11:39:40.760 INFO [Thread-1] org.apache.coyote.AbstractProtocol.pause 프로토콜 핸들러 ["http-nio-8080"]을(를) 일시 정지 중
01-Aug-2025 11:39:41.096 INFO [Thread-1] org.apache.catalina.core.StandardService.stopInternal 서비스 [Catalina]을(를) 중지시킵니다.
01-Aug-2025 11:39:41.122 WARNING [Thread-1] org.apache.catalina.loader.WebappClassLoaderBase.clearReferencesJdbc 웹 애플리케이션 [ROOT]이(가) JDBC 드라이버 [com.mysql.cj.jdbc.Driver]을(를) 등록했지만, 웹 애플리케이션이 중지될 때, 해당 JDBC 드라이버의 등록을 제거하지 못했습니다. 메모리 누수를 방지하기 위하여, 등록을 강제로 제거했습니다.
01-Aug-2025 11:39:41.123 WARNING [Thread-1] org.apache.catalina.loader.WebappClassLoaderBase.clearReferencesThreads 웹 애플리케이션 [ROOT]이(가) [mysql-cj-abandoned-connection-cleanup](이)라는 이름의 쓰레드를 시작시킨 것으로 보이지만, 해당 쓰레드를 중지시키지 못했습니다. 이는 메모리 누수를 유발할 가능성이 큽니다. 해당 쓰레드의 스택 트레이스:
 java.base@11.0.26/java.lang.Object.wait(Native Method)
 java.base@11.0.26/java.lang.ref.ReferenceQueue.remove(ReferenceQueue.java:155)
 com.mysql.cj.jdbc.AbandonedConnectionCleanupThread.run(AbandonedConnectionCleanupThread.java:91)
 java.base@11.0.26/java.util.concurrent.ThreadPoolExecutor.runWorker(ThreadPoolExecutor.java:1128)
 java.base@11.0.26/java.util.concurrent.ThreadPoolExecutor$Worker.run(ThreadPoolExecutor.java:628)
 java.base@11.0.26/java.lang.Thread.run(Thread.java:834)
01-Aug-2025 11:39:41.134 INFO [Thread-1] org.apache.coyote.AbstractProtocol.stop 프로토콜 핸들러 ["http-nio-8080"]을(를) 중지시킵니다.
01-Aug-2025 11:39:41.158 INFO [Thread-1] org.apache.coyote.AbstractProtocol.destroy 프로토콜 핸들러 ["http-nio-8080"]을(를) 소멸시킵니다.
01-Aug-2025 11:45:44.934 INFO [main] org.apache.catalina.startup.VersionLoggerListener.log 서버 버전 이름:    Apache Tomcat/9.0.106
01-Aug-2025 11:45:44.943 INFO [main] org.apache.catalina.startup.VersionLoggerListener.log Server 빌드 시각:  Jun 5 2025 19:02:30 UTC
01-Aug-2025 11:45:44.944 INFO [main] org.apache.catalina.startup.VersionLoggerListener.log Server 버전 번호:  9.0.106.0
01-Aug-2025 11:45:44.944 INFO [main] org.apache.catalina.startup.VersionLoggerListener.log 운영체제 이름:     Windows 10
01-Aug-2025 11:45:44.944 INFO [main] org.apache.catalina.startup.VersionLoggerListener.log 운영체제 버전:     10.0
01-Aug-2025 11:45:44.944 INFO [main] org.apache.catalina.startup.VersionLoggerListener.log 아키텍처:          amd64
01-Aug-2025 11:45:44.944 INFO [main] org.apache.catalina.startup.VersionLoggerListener.log 자바 홈:           C:\Program Files\Java\jdk-11
01-Aug-2025 11:45:44.944 INFO [main] org.apache.catalina.startup.VersionLoggerListener.log JVM 버전:          11.0.26+7-LTS-187
01-Aug-2025 11:45:44.945 INFO [main] org.apache.catalina.startup.VersionLoggerListener.log JVM 벤더:          Oracle Corporation
01-Aug-2025 11:45:44.945 INFO [main] org.apache.catalina.startup.VersionLoggerListener.log CATALINA_BASE:     C:\spring_workspace\moim_project
01-Aug-2025 11:45:44.945 INFO [main] org.apache.catalina.startup.VersionLoggerListener.log CATALINA_HOME:     C:\tools\tomcat_9.0
01-Aug-2025 11:45:44.963 INFO [main] org.apache.catalina.startup.VersionLoggerListener.log 명령 행 아규먼트:  --add-opens=java.base/java.lang=ALL-UNNAMED
01-Aug-2025 11:45:44.964 INFO [main] org.apache.catalina.startup.VersionLoggerListener.log 명령 행 아규먼트:  --add-opens=java.base/java.io=ALL-UNNAMED
01-Aug-2025 11:45:44.965 INFO [main] org.apache.catalina.startup.VersionLoggerListener.log 명령 행 아규먼트:  --add-opens=java.base/java.util=ALL-UNNAMED
01-Aug-2025 11:45:44.965 INFO [main] org.apache.catalina.startup.VersionLoggerListener.log 명령 행 아규먼트:  --add-opens=java.base/java.util.concurrent=ALL-UNNAMED
01-Aug-2025 11:45:44.967 INFO [main] org.apache.catalina.startup.VersionLoggerListener.log 명령 행 아규먼트:  --add-opens=java.rmi/sun.rmi.transport=ALL-UNNAMED
01-Aug-2025 11:45:44.967 INFO [main] org.apache.catalina.startup.VersionLoggerListener.log 명령 행 아규먼트:  -Dcatalina.home=C:\tools\tomcat_9.0
01-Aug-2025 11:45:44.967 INFO [main] org.apache.catalina.startup.VersionLoggerListener.log 명령 행 아규먼트:  -Dcatalina.base=C:\spring_workspace\moim_project
01-Aug-2025 11:45:44.967 INFO [main] org.apache.catalina.startup.VersionLoggerListener.log 명령 행 아규먼트:  -Djava.io.tmpdir=C:\spring_workspace\moim_project\temp
01-Aug-2025 11:45:44.968 INFO [main] org.apache.catalina.startup.VersionLoggerListener.log 명령 행 아규먼트:  -Djava.util.logging.config.file=C:\spring_workspace\moim_project\conf\logging.properties
01-Aug-2025 11:45:44.968 INFO [main] org.apache.catalina.startup.VersionLoggerListener.log 명령 행 아규먼트:  -Djava.util.logging.manager=org.apache.juli.ClassLoaderLogManager
01-Aug-2025 11:45:44.968 INFO [main] org.apache.catalina.startup.VersionLoggerListener.log 명령 행 아규먼트:  -javaagent:C:\Program Files\JetBrains\IntelliJ IDEA Community Edition 2025.1.3\lib\idea_rt.jar=56899
01-Aug-2025 11:45:44.968 INFO [main] org.apache.catalina.startup.VersionLoggerListener.log 명령 행 아규먼트:  -Dfile.encoding=UTF-8
01-Aug-2025 11:45:44.984 INFO [main] org.apache.catalina.core.AprLifecycleListener.lifecycleEvent 프로덕션 환경들에서 최적의 성능을 제공하는, APR 기반 Apache Tomcat Native 라이브러리가, 다음 java.library.path에서 발견되지 않습니다: [C:\Program Files\Java\jdk-11\bin;C:\WINDOWS\Sun\Java\bin;C:\WINDOWS\system32;C:\WINDOWS;C:\Python313\Scripts\;C:\Python313\;C:\Program Files\Common Files\Oracle\Java\javapath;C:\WINDOWS\system32;C:\WINDOWS;C:\WINDOWS\System32\Wbem;C:\WINDOWS\System32\WindowsPowerShell\v1.0\;C:\WINDOWS\System32\OpenSSH\;C:\Program Files\nodejs\;C:\ProgramData\chocolatey\bin;C:\Program Files\Git\cmd;%JAVA_HOME%\bin;C:\Users\boomi\AppData\Local\Microsoft\WindowsApps;C:\tools\Microsoft VS Code\bin;C:\Users\boomi\AppData\Roaming\npm;C:\Program Files\JetBrains\IntelliJ IDEA Community Edition 2025.1.3\bin;;.]
01-Aug-2025 11:45:45.530 INFO [main] org.apache.coyote.AbstractProtocol.init 프로토콜 핸들러 ["http-nio-8080"]을(를) 초기화합니다.
01-Aug-2025 11:45:45.560 INFO [main] org.apache.catalina.startup.Catalina.load [1032] 밀리초 내에 서버가 초기화되었습니다.
01-Aug-2025 11:45:45.649 INFO [main] org.apache.catalina.core.StandardService.startInternal 서비스 [Catalina]을(를) 시작합니다.
01-Aug-2025 11:45:45.650 INFO [main] org.apache.catalina.core.StandardEngine.startInternal 서버 엔진을 시작합니다: [Apache Tomcat/9.0.106]
01-Aug-2025 11:45:45.666 INFO [main] org.apache.catalina.startup.HostConfig.deployDescriptor 배치 descriptor [C:\spring_workspace\moim_project\conf\Catalina\localhost\ROOT.xml]을(를) 배치합니다.
01-Aug-2025 11:45:45.802 WARNING [main] org.apache.catalina.webresources.DirResourceSet.initInternal Disabled the global canonical file name cache to protect against CVE-2024-56337 when starting the WebResourceSet at [C:\spring_workspace\moim_project\target\classes] which is part of the web application []
01-Aug-2025 11:45:50.297 INFO [main] org.apache.jasper.servlet.TldScanner.scanJars 적어도 하나의 JAR가 TLD들을 찾기 위해 스캔되었으나 아무 것도 찾지 못했습니다. 스캔했으나 TLD가 없는 JAR들의 전체 목록을 보시려면, 로그 레벨을 디버그 레벨로 설정하십시오. 스캔 과정에서 불필요한 JAR들을 건너뛰면, 시스템 시작 시간과 JSP 컴파일 시간을 단축시킬 수 있습니다.
01-Aug-2025 11:45:53.255 WARNING [main] org.apache.catalina.util.SessionIdGeneratorBase.createSecureRandom [SHA1PRNG] 알고리즘을 사용하여, 세션 ID를 생성하기 위한 SecureRandom 객체를 생성하는데, [161] 밀리초가 소요됐습니다.
01-Aug-2025 11:45:54.806 INFO [main] org.apache.catalina.startup.HostConfig.deployDescriptor 배치 descriptor [C:\spring_workspace\moim_project\conf\Catalina\localhost\ROOT.xml]의 배치가 [9,139] 밀리초 내에 완료되었습니다.
01-Aug-2025 11:45:54.813 INFO [main] org.apache.coyote.AbstractProtocol.start 프로토콜 핸들러 ["http-nio-8080"]을(를) 시작합니다.
01-Aug-2025 11:45:54.833 INFO [main] org.apache.catalina.startup.Catalina.start 서버가 [9272] 밀리초 내에 시작되었습니다.
01-Aug-2025 11:48:09.005 INFO [Thread-1] org.apache.coyote.AbstractProtocol.pause 프로토콜 핸들러 ["http-nio-8080"]을(를) 일시 정지 중
01-Aug-2025 11:48:09.346 INFO [Thread-1] org.apache.catalina.core.StandardService.stopInternal 서비스 [Catalina]을(를) 중지시킵니다.
01-Aug-2025 11:48:09.376 WARNING [Thread-1] org.apache.catalina.loader.WebappClassLoaderBase.clearReferencesJdbc 웹 애플리케이션 [ROOT]이(가) JDBC 드라이버 [com.mysql.cj.jdbc.Driver]을(를) 등록했지만, 웹 애플리케이션이 중지될 때, 해당 JDBC 드라이버의 등록을 제거하지 못했습니다. 메모리 누수를 방지하기 위하여, 등록을 강제로 제거했습니다.
01-Aug-2025 11:48:09.377 WARNING [Thread-1] org.apache.catalina.loader.WebappClassLoaderBase.clearReferencesThreads 웹 애플리케이션 [ROOT]이(가) [mysql-cj-abandoned-connection-cleanup](이)라는 이름의 쓰레드를 시작시킨 것으로 보이지만, 해당 쓰레드를 중지시키지 못했습니다. 이는 메모리 누수를 유발할 가능성이 큽니다. 해당 쓰레드의 스택 트레이스:
 java.base@11.0.26/java.lang.Object.wait(Native Method)
 java.base@11.0.26/java.lang.ref.ReferenceQueue.remove(ReferenceQueue.java:155)
 com.mysql.cj.jdbc.AbandonedConnectionCleanupThread.run(AbandonedConnectionCleanupThread.java:91)
 java.base@11.0.26/java.util.concurrent.ThreadPoolExecutor.runWorker(ThreadPoolExecutor.java:1128)
 java.base@11.0.26/java.util.concurrent.ThreadPoolExecutor$Worker.run(ThreadPoolExecutor.java:628)
 java.base@11.0.26/java.lang.Thread.run(Thread.java:834)
01-Aug-2025 11:48:09.389 INFO [Thread-1] org.apache.coyote.AbstractProtocol.stop 프로토콜 핸들러 ["http-nio-8080"]을(를) 중지시킵니다.
01-Aug-2025 11:48:09.398 INFO [Thread-1] org.apache.coyote.AbstractProtocol.destroy 프로토콜 핸들러 ["http-nio-8080"]을(를) 소멸시킵니다.
