02-Aug-2025 16:51:03.867 INFO [main] org.apache.catalina.startup.VersionLoggerListener.log 서버 버전 이름:    Apache Tomcat/9.0.106
02-Aug-2025 16:51:03.877 INFO [main] org.apache.catalina.startup.VersionLoggerListener.log Server 빌드 시각:  Jun 5 2025 19:02:30 UTC
02-Aug-2025 16:51:03.878 INFO [main] org.apache.catalina.startup.VersionLoggerListener.log Server 버전 번호:  9.0.106.0
02-Aug-2025 16:51:03.879 INFO [main] org.apache.catalina.startup.VersionLoggerListener.log 운영체제 이름:     Windows 10
02-Aug-2025 16:51:03.879 INFO [main] org.apache.catalina.startup.VersionLoggerListener.log 운영체제 버전:     10.0
02-Aug-2025 16:51:03.879 INFO [main] org.apache.catalina.startup.VersionLoggerListener.log 아키텍처:          amd64
02-Aug-2025 16:51:03.880 INFO [main] org.apache.catalina.startup.VersionLoggerListener.log 자바 홈:           C:\Program Files\Java\jdk-11
02-Aug-2025 16:51:03.880 INFO [main] org.apache.catalina.startup.VersionLoggerListener.log JVM 버전:          11.0.26+7-LTS-187
02-Aug-2025 16:51:03.880 INFO [main] org.apache.catalina.startup.VersionLoggerListener.log JVM 벤더:          Oracle Corporation
02-Aug-2025 16:51:03.880 INFO [main] org.apache.catalina.startup.VersionLoggerListener.log CATALINA_BASE:     C:\spring_workspace\moim_project
02-Aug-2025 16:51:03.881 INFO [main] org.apache.catalina.startup.VersionLoggerListener.log CATALINA_HOME:     C:\tools\tomcat_9.0
02-Aug-2025 16:51:03.905 INFO [main] org.apache.catalina.startup.VersionLoggerListener.log 명령 행 아규먼트:  --add-opens=java.base/java.lang=ALL-UNNAMED
02-Aug-2025 16:51:03.905 INFO [main] org.apache.catalina.startup.VersionLoggerListener.log 명령 행 아규먼트:  --add-opens=java.base/java.io=ALL-UNNAMED
02-Aug-2025 16:51:03.906 INFO [main] org.apache.catalina.startup.VersionLoggerListener.log 명령 행 아규먼트:  --add-opens=java.base/java.util=ALL-UNNAMED
02-Aug-2025 16:51:03.906 INFO [main] org.apache.catalina.startup.VersionLoggerListener.log 명령 행 아규먼트:  --add-opens=java.base/java.util.concurrent=ALL-UNNAMED
02-Aug-2025 16:51:03.906 INFO [main] org.apache.catalina.startup.VersionLoggerListener.log 명령 행 아규먼트:  --add-opens=java.rmi/sun.rmi.transport=ALL-UNNAMED
02-Aug-2025 16:51:03.907 INFO [main] org.apache.catalina.startup.VersionLoggerListener.log 명령 행 아규먼트:  -Dcatalina.home=C:\tools\tomcat_9.0
02-Aug-2025 16:51:03.907 INFO [main] org.apache.catalina.startup.VersionLoggerListener.log 명령 행 아규먼트:  -Dcatalina.base=C:\spring_workspace\moim_project
02-Aug-2025 16:51:03.907 INFO [main] org.apache.catalina.startup.VersionLoggerListener.log 명령 행 아규먼트:  -Djava.io.tmpdir=C:\spring_workspace\moim_project\temp
02-Aug-2025 16:51:03.908 INFO [main] org.apache.catalina.startup.VersionLoggerListener.log 명령 행 아규먼트:  -Djava.util.logging.config.file=C:\spring_workspace\moim_project\conf\logging.properties
02-Aug-2025 16:51:03.908 INFO [main] org.apache.catalina.startup.VersionLoggerListener.log 명령 행 아규먼트:  -Djava.util.logging.manager=org.apache.juli.ClassLoaderLogManager
02-Aug-2025 16:51:03.908 INFO [main] org.apache.catalina.startup.VersionLoggerListener.log 명령 행 아규먼트:  -javaagent:C:\Program Files\JetBrains\IntelliJ IDEA Community Edition 2025.1.3\lib\idea_rt.jar=54289
02-Aug-2025 16:51:03.908 INFO [main] org.apache.catalina.startup.VersionLoggerListener.log 명령 행 아규먼트:  -Dfile.encoding=UTF-8
02-Aug-2025 16:51:03.921 INFO [main] org.apache.catalina.core.AprLifecycleListener.lifecycleEvent 프로덕션 환경들에서 최적의 성능을 제공하는, APR 기반 Apache Tomcat Native 라이브러리가, 다음 java.library.path에서 발견되지 않습니다: [C:\Program Files\Java\jdk-11\bin;C:\WINDOWS\Sun\Java\bin;C:\WINDOWS\system32;C:\WINDOWS;C:\Python313\Scripts\;C:\Python313\;C:\Program Files\Common Files\Oracle\Java\javapath;C:\WINDOWS\system32;C:\WINDOWS;C:\WINDOWS\System32\Wbem;C:\WINDOWS\System32\WindowsPowerShell\v1.0\;C:\WINDOWS\System32\OpenSSH\;C:\Program Files\nodejs\;C:\ProgramData\chocolatey\bin;C:\Program Files\Git\cmd;%JAVA_HOME%\bin;C:\Users\boomi\AppData\Local\Microsoft\WindowsApps;C:\tools\Microsoft VS Code\bin;C:\Users\boomi\AppData\Roaming\npm;C:\Program Files\JetBrains\IntelliJ IDEA Community Edition 2025.1.3\bin;;.]
02-Aug-2025 16:51:04.815 INFO [main] org.apache.coyote.AbstractProtocol.init 프로토콜 핸들러 ["http-nio-8080"]을(를) 초기화합니다.
02-Aug-2025 16:51:04.862 INFO [main] org.apache.catalina.startup.Catalina.load [1663] 밀리초 내에 서버가 초기화되었습니다.
02-Aug-2025 16:51:05.093 INFO [main] org.apache.catalina.core.StandardService.startInternal 서비스 [Catalina]을(를) 시작합니다.
02-Aug-2025 16:51:05.093 INFO [main] org.apache.catalina.core.StandardEngine.startInternal 서버 엔진을 시작합니다: [Apache Tomcat/9.0.106]
02-Aug-2025 16:51:05.185 INFO [main] org.apache.catalina.startup.HostConfig.deployDescriptor 배치 descriptor [C:\spring_workspace\moim_project\conf\Catalina\localhost\ROOT.xml]을(를) 배치합니다.
02-Aug-2025 16:51:05.502 WARNING [main] org.apache.catalina.webresources.DirResourceSet.initInternal Disabled the global canonical file name cache to protect against CVE-2024-56337 when starting the WebResourceSet at [C:\spring_workspace\moim_project\target\classes] which is part of the web application []
02-Aug-2025 16:51:12.706 INFO [main] org.apache.jasper.servlet.TldScanner.scanJars 적어도 하나의 JAR가 TLD들을 찾기 위해 스캔되었으나 아무 것도 찾지 못했습니다. 스캔했으나 TLD가 없는 JAR들의 전체 목록을 보시려면, 로그 레벨을 디버그 레벨로 설정하십시오. 스캔 과정에서 불필요한 JAR들을 건너뛰면, 시스템 시작 시간과 JSP 컴파일 시간을 단축시킬 수 있습니다.
02-Aug-2025 16:51:21.043 WARNING [main] org.apache.catalina.util.SessionIdGeneratorBase.createSecureRandom [SHA1PRNG] 알고리즘을 사용하여, 세션 ID를 생성하기 위한 SecureRandom 객체를 생성하는데, [960] 밀리초가 소요됐습니다.
02-Aug-2025 16:51:26.457 INFO [main] org.apache.catalina.startup.HostConfig.deployDescriptor 배치 descriptor [C:\spring_workspace\moim_project\conf\Catalina\localhost\ROOT.xml]의 배치가 [21,271] 밀리초 내에 완료되었습니다.
02-Aug-2025 16:51:26.469 INFO [main] org.apache.coyote.AbstractProtocol.start 프로토콜 핸들러 ["http-nio-8080"]을(를) 시작합니다.
02-Aug-2025 16:51:26.511 INFO [main] org.apache.catalina.startup.Catalina.start 서버가 [21648] 밀리초 내에 시작되었습니다.
02-Aug-2025 19:06:02.173 INFO [Thread-1] org.apache.coyote.AbstractProtocol.pause 프로토콜 핸들러 ["http-nio-8080"]을(를) 일시 정지 중
02-Aug-2025 19:06:03.244 INFO [Thread-1] org.apache.catalina.core.StandardService.stopInternal 서비스 [Catalina]을(를) 중지시킵니다.
02-Aug-2025 19:06:03.554 WARNING [Thread-1] org.apache.catalina.loader.WebappClassLoaderBase.clearReferencesJdbc 웹 애플리케이션 [ROOT]이(가) JDBC 드라이버 [com.mysql.cj.jdbc.Driver]을(를) 등록했지만, 웹 애플리케이션이 중지될 때, 해당 JDBC 드라이버의 등록을 제거하지 못했습니다. 메모리 누수를 방지하기 위하여, 등록을 강제로 제거했습니다.
02-Aug-2025 19:06:03.557 WARNING [Thread-1] org.apache.catalina.loader.WebappClassLoaderBase.clearReferencesThreads 웹 애플리케이션 [ROOT]이(가) [mysql-cj-abandoned-connection-cleanup](이)라는 이름의 쓰레드를 시작시킨 것으로 보이지만, 해당 쓰레드를 중지시키지 못했습니다. 이는 메모리 누수를 유발할 가능성이 큽니다. 해당 쓰레드의 스택 트레이스:
 java.base@11.0.26/java.lang.Object.wait(Native Method)
 java.base@11.0.26/java.lang.ref.ReferenceQueue.remove(ReferenceQueue.java:155)
 com.mysql.cj.jdbc.AbandonedConnectionCleanupThread.run(AbandonedConnectionCleanupThread.java:91)
 java.base@11.0.26/java.util.concurrent.ThreadPoolExecutor.runWorker(ThreadPoolExecutor.java:1128)
 java.base@11.0.26/java.util.concurrent.ThreadPoolExecutor$Worker.run(ThreadPoolExecutor.java:628)
 java.base@11.0.26/java.lang.Thread.run(Thread.java:834)
02-Aug-2025 19:06:03.594 INFO [Thread-1] org.apache.coyote.AbstractProtocol.stop 프로토콜 핸들러 ["http-nio-8080"]을(를) 중지시킵니다.
02-Aug-2025 19:06:03.631 INFO [Thread-1] org.apache.coyote.AbstractProtocol.destroy 프로토콜 핸들러 ["http-nio-8080"]을(를) 소멸시킵니다.
02-Aug-2025 19:06:17.951 INFO [main] org.apache.catalina.startup.VersionLoggerListener.log 서버 버전 이름:    Apache Tomcat/9.0.106
02-Aug-2025 19:06:17.958 INFO [main] org.apache.catalina.startup.VersionLoggerListener.log Server 빌드 시각:  Jun 5 2025 19:02:30 UTC
02-Aug-2025 19:06:17.958 INFO [main] org.apache.catalina.startup.VersionLoggerListener.log Server 버전 번호:  9.0.106.0
02-Aug-2025 19:06:17.958 INFO [main] org.apache.catalina.startup.VersionLoggerListener.log 운영체제 이름:     Windows 10
02-Aug-2025 19:06:17.959 INFO [main] org.apache.catalina.startup.VersionLoggerListener.log 운영체제 버전:     10.0
02-Aug-2025 19:06:17.959 INFO [main] org.apache.catalina.startup.VersionLoggerListener.log 아키텍처:          amd64
02-Aug-2025 19:06:17.959 INFO [main] org.apache.catalina.startup.VersionLoggerListener.log 자바 홈:           C:\Program Files\Java\jdk-11
02-Aug-2025 19:06:17.959 INFO [main] org.apache.catalina.startup.VersionLoggerListener.log JVM 버전:          11.0.26+7-LTS-187
02-Aug-2025 19:06:17.960 INFO [main] org.apache.catalina.startup.VersionLoggerListener.log JVM 벤더:          Oracle Corporation
02-Aug-2025 19:06:17.960 INFO [main] org.apache.catalina.startup.VersionLoggerListener.log CATALINA_BASE:     C:\spring_workspace\moim_project
02-Aug-2025 19:06:17.960 INFO [main] org.apache.catalina.startup.VersionLoggerListener.log CATALINA_HOME:     C:\tools\tomcat_9.0
02-Aug-2025 19:06:17.980 INFO [main] org.apache.catalina.startup.VersionLoggerListener.log 명령 행 아규먼트:  --add-opens=java.base/java.lang=ALL-UNNAMED
02-Aug-2025 19:06:17.980 INFO [main] org.apache.catalina.startup.VersionLoggerListener.log 명령 행 아규먼트:  --add-opens=java.base/java.io=ALL-UNNAMED
02-Aug-2025 19:06:17.980 INFO [main] org.apache.catalina.startup.VersionLoggerListener.log 명령 행 아규먼트:  --add-opens=java.base/java.util=ALL-UNNAMED
02-Aug-2025 19:06:17.981 INFO [main] org.apache.catalina.startup.VersionLoggerListener.log 명령 행 아규먼트:  --add-opens=java.base/java.util.concurrent=ALL-UNNAMED
02-Aug-2025 19:06:17.981 INFO [main] org.apache.catalina.startup.VersionLoggerListener.log 명령 행 아규먼트:  --add-opens=java.rmi/sun.rmi.transport=ALL-UNNAMED
02-Aug-2025 19:06:17.981 INFO [main] org.apache.catalina.startup.VersionLoggerListener.log 명령 행 아규먼트:  -Dcatalina.home=C:\tools\tomcat_9.0
02-Aug-2025 19:06:17.981 INFO [main] org.apache.catalina.startup.VersionLoggerListener.log 명령 행 아규먼트:  -Dcatalina.base=C:\spring_workspace\moim_project
02-Aug-2025 19:06:17.981 INFO [main] org.apache.catalina.startup.VersionLoggerListener.log 명령 행 아규먼트:  -Djava.io.tmpdir=C:\spring_workspace\moim_project\temp
02-Aug-2025 19:06:17.981 INFO [main] org.apache.catalina.startup.VersionLoggerListener.log 명령 행 아규먼트:  -Djava.util.logging.config.file=C:\spring_workspace\moim_project\conf\logging.properties
02-Aug-2025 19:06:17.983 INFO [main] org.apache.catalina.startup.VersionLoggerListener.log 명령 행 아규먼트:  -Djava.util.logging.manager=org.apache.juli.ClassLoaderLogManager
02-Aug-2025 19:06:17.983 INFO [main] org.apache.catalina.startup.VersionLoggerListener.log 명령 행 아규먼트:  -javaagent:C:\Program Files\JetBrains\IntelliJ IDEA Community Edition 2025.1.3\lib\idea_rt.jar=56696
02-Aug-2025 19:06:17.983 INFO [main] org.apache.catalina.startup.VersionLoggerListener.log 명령 행 아규먼트:  -Dfile.encoding=UTF-8
02-Aug-2025 19:06:17.999 INFO [main] org.apache.catalina.core.AprLifecycleListener.lifecycleEvent 프로덕션 환경들에서 최적의 성능을 제공하는, APR 기반 Apache Tomcat Native 라이브러리가, 다음 java.library.path에서 발견되지 않습니다: [C:\Program Files\Java\jdk-11\bin;C:\WINDOWS\Sun\Java\bin;C:\WINDOWS\system32;C:\WINDOWS;C:\Python313\Scripts\;C:\Python313\;C:\Program Files\Common Files\Oracle\Java\javapath;C:\WINDOWS\system32;C:\WINDOWS;C:\WINDOWS\System32\Wbem;C:\WINDOWS\System32\WindowsPowerShell\v1.0\;C:\WINDOWS\System32\OpenSSH\;C:\Program Files\nodejs\;C:\ProgramData\chocolatey\bin;C:\Program Files\Git\cmd;%JAVA_HOME%\bin;C:\Users\boomi\AppData\Local\Microsoft\WindowsApps;C:\tools\Microsoft VS Code\bin;C:\Users\boomi\AppData\Roaming\npm;C:\Program Files\JetBrains\IntelliJ IDEA Community Edition 2025.1.3\bin;;.]
02-Aug-2025 19:06:18.615 INFO [main] org.apache.coyote.AbstractProtocol.init 프로토콜 핸들러 ["http-nio-8080"]을(를) 초기화합니다.
02-Aug-2025 19:06:18.648 INFO [main] org.apache.catalina.startup.Catalina.load [1189] 밀리초 내에 서버가 초기화되었습니다.
02-Aug-2025 19:06:18.749 INFO [main] org.apache.catalina.core.StandardService.startInternal 서비스 [Catalina]을(를) 시작합니다.
02-Aug-2025 19:06:18.749 INFO [main] org.apache.catalina.core.StandardEngine.startInternal 서버 엔진을 시작합니다: [Apache Tomcat/9.0.106]
02-Aug-2025 19:06:18.774 INFO [main] org.apache.catalina.startup.HostConfig.deployDescriptor 배치 descriptor [C:\spring_workspace\moim_project\conf\Catalina\localhost\ROOT.xml]을(를) 배치합니다.
02-Aug-2025 19:06:18.898 WARNING [main] org.apache.catalina.webresources.DirResourceSet.initInternal Disabled the global canonical file name cache to protect against CVE-2024-56337 when starting the WebResourceSet at [C:\spring_workspace\moim_project\target\classes] which is part of the web application []
02-Aug-2025 19:06:23.966 INFO [main] org.apache.jasper.servlet.TldScanner.scanJars 적어도 하나의 JAR가 TLD들을 찾기 위해 스캔되었으나 아무 것도 찾지 못했습니다. 스캔했으나 TLD가 없는 JAR들의 전체 목록을 보시려면, 로그 레벨을 디버그 레벨로 설정하십시오. 스캔 과정에서 불필요한 JAR들을 건너뛰면, 시스템 시작 시간과 JSP 컴파일 시간을 단축시킬 수 있습니다.
02-Aug-2025 19:06:28.082 WARNING [main] org.apache.catalina.util.SessionIdGeneratorBase.createSecureRandom [SHA1PRNG] 알고리즘을 사용하여, 세션 ID를 생성하기 위한 SecureRandom 객체를 생성하는데, [496] 밀리초가 소요됐습니다.
02-Aug-2025 19:06:30.583 INFO [main] org.apache.catalina.startup.HostConfig.deployDescriptor 배치 descriptor [C:\spring_workspace\moim_project\conf\Catalina\localhost\ROOT.xml]의 배치가 [11,809] 밀리초 내에 완료되었습니다.
02-Aug-2025 19:06:30.589 INFO [main] org.apache.coyote.AbstractProtocol.start 프로토콜 핸들러 ["http-nio-8080"]을(를) 시작합니다.
02-Aug-2025 19:06:30.608 INFO [main] org.apache.catalina.startup.Catalina.start 서버가 [11958] 밀리초 내에 시작되었습니다.
02-Aug-2025 19:16:32.153 INFO [Thread-1] org.apache.coyote.AbstractProtocol.pause 프로토콜 핸들러 ["http-nio-8080"]을(를) 일시 정지 중
02-Aug-2025 19:16:33.068 INFO [Thread-1] org.apache.catalina.core.StandardService.stopInternal 서비스 [Catalina]을(를) 중지시킵니다.
02-Aug-2025 19:16:33.222 WARNING [Thread-1] org.apache.catalina.loader.WebappClassLoaderBase.clearReferencesJdbc 웹 애플리케이션 [ROOT]이(가) JDBC 드라이버 [com.mysql.cj.jdbc.Driver]을(를) 등록했지만, 웹 애플리케이션이 중지될 때, 해당 JDBC 드라이버의 등록을 제거하지 못했습니다. 메모리 누수를 방지하기 위하여, 등록을 강제로 제거했습니다.
02-Aug-2025 19:16:33.226 WARNING [Thread-1] org.apache.catalina.loader.WebappClassLoaderBase.clearReferencesThreads 웹 애플리케이션 [ROOT]이(가) [mysql-cj-abandoned-connection-cleanup](이)라는 이름의 쓰레드를 시작시킨 것으로 보이지만, 해당 쓰레드를 중지시키지 못했습니다. 이는 메모리 누수를 유발할 가능성이 큽니다. 해당 쓰레드의 스택 트레이스:
 java.base@11.0.26/java.lang.Object.wait(Native Method)
 java.base@11.0.26/java.lang.ref.ReferenceQueue.remove(ReferenceQueue.java:155)
 com.mysql.cj.jdbc.AbandonedConnectionCleanupThread.run(AbandonedConnectionCleanupThread.java:91)
 java.base@11.0.26/java.util.concurrent.ThreadPoolExecutor.runWorker(ThreadPoolExecutor.java:1128)
 java.base@11.0.26/java.util.concurrent.ThreadPoolExecutor$Worker.run(ThreadPoolExecutor.java:628)
 java.base@11.0.26/java.lang.Thread.run(Thread.java:834)
02-Aug-2025 19:16:33.244 INFO [Thread-1] org.apache.coyote.AbstractProtocol.stop 프로토콜 핸들러 ["http-nio-8080"]을(를) 중지시킵니다.
02-Aug-2025 19:16:33.265 INFO [Thread-1] org.apache.coyote.AbstractProtocol.destroy 프로토콜 핸들러 ["http-nio-8080"]을(를) 소멸시킵니다.
02-Aug-2025 19:16:45.081 INFO [main] org.apache.catalina.startup.VersionLoggerListener.log 서버 버전 이름:    Apache Tomcat/9.0.106
02-Aug-2025 19:16:45.089 INFO [main] org.apache.catalina.startup.VersionLoggerListener.log Server 빌드 시각:  Jun 5 2025 19:02:30 UTC
02-Aug-2025 19:16:45.090 INFO [main] org.apache.catalina.startup.VersionLoggerListener.log Server 버전 번호:  9.0.106.0
02-Aug-2025 19:16:45.090 INFO [main] org.apache.catalina.startup.VersionLoggerListener.log 운영체제 이름:     Windows 10
02-Aug-2025 19:16:45.091 INFO [main] org.apache.catalina.startup.VersionLoggerListener.log 운영체제 버전:     10.0
02-Aug-2025 19:16:45.091 INFO [main] org.apache.catalina.startup.VersionLoggerListener.log 아키텍처:          amd64
02-Aug-2025 19:16:45.092 INFO [main] org.apache.catalina.startup.VersionLoggerListener.log 자바 홈:           C:\Program Files\Java\jdk-11
02-Aug-2025 19:16:45.092 INFO [main] org.apache.catalina.startup.VersionLoggerListener.log JVM 버전:          11.0.26+7-LTS-187
02-Aug-2025 19:16:45.092 INFO [main] org.apache.catalina.startup.VersionLoggerListener.log JVM 벤더:          Oracle Corporation
02-Aug-2025 19:16:45.092 INFO [main] org.apache.catalina.startup.VersionLoggerListener.log CATALINA_BASE:     C:\spring_workspace\moim_project
02-Aug-2025 19:16:45.093 INFO [main] org.apache.catalina.startup.VersionLoggerListener.log CATALINA_HOME:     C:\tools\tomcat_9.0
02-Aug-2025 19:16:45.114 INFO [main] org.apache.catalina.startup.VersionLoggerListener.log 명령 행 아규먼트:  --add-opens=java.base/java.lang=ALL-UNNAMED
02-Aug-2025 19:16:45.114 INFO [main] org.apache.catalina.startup.VersionLoggerListener.log 명령 행 아규먼트:  --add-opens=java.base/java.io=ALL-UNNAMED
02-Aug-2025 19:16:45.115 INFO [main] org.apache.catalina.startup.VersionLoggerListener.log 명령 행 아규먼트:  --add-opens=java.base/java.util=ALL-UNNAMED
02-Aug-2025 19:16:45.115 INFO [main] org.apache.catalina.startup.VersionLoggerListener.log 명령 행 아규먼트:  --add-opens=java.base/java.util.concurrent=ALL-UNNAMED
02-Aug-2025 19:16:45.115 INFO [main] org.apache.catalina.startup.VersionLoggerListener.log 명령 행 아규먼트:  --add-opens=java.rmi/sun.rmi.transport=ALL-UNNAMED
02-Aug-2025 19:16:45.116 INFO [main] org.apache.catalina.startup.VersionLoggerListener.log 명령 행 아규먼트:  -Dcatalina.home=C:\tools\tomcat_9.0
02-Aug-2025 19:16:45.116 INFO [main] org.apache.catalina.startup.VersionLoggerListener.log 명령 행 아규먼트:  -Dcatalina.base=C:\spring_workspace\moim_project
02-Aug-2025 19:16:45.116 INFO [main] org.apache.catalina.startup.VersionLoggerListener.log 명령 행 아규먼트:  -Djava.io.tmpdir=C:\spring_workspace\moim_project\temp
02-Aug-2025 19:16:45.117 INFO [main] org.apache.catalina.startup.VersionLoggerListener.log 명령 행 아규먼트:  -Djava.util.logging.config.file=C:\spring_workspace\moim_project\conf\logging.properties
02-Aug-2025 19:16:45.117 INFO [main] org.apache.catalina.startup.VersionLoggerListener.log 명령 행 아규먼트:  -Djava.util.logging.manager=org.apache.juli.ClassLoaderLogManager
02-Aug-2025 19:16:45.117 INFO [main] org.apache.catalina.startup.VersionLoggerListener.log 명령 행 아규먼트:  -javaagent:C:\Program Files\JetBrains\IntelliJ IDEA Community Edition 2025.1.3\lib\idea_rt.jar=56864
02-Aug-2025 19:16:45.117 INFO [main] org.apache.catalina.startup.VersionLoggerListener.log 명령 행 아규먼트:  -Dfile.encoding=UTF-8
02-Aug-2025 19:16:45.135 INFO [main] org.apache.catalina.core.AprLifecycleListener.lifecycleEvent 프로덕션 환경들에서 최적의 성능을 제공하는, APR 기반 Apache Tomcat Native 라이브러리가, 다음 java.library.path에서 발견되지 않습니다: [C:\Program Files\Java\jdk-11\bin;C:\WINDOWS\Sun\Java\bin;C:\WINDOWS\system32;C:\WINDOWS;C:\Python313\Scripts\;C:\Python313\;C:\Program Files\Common Files\Oracle\Java\javapath;C:\WINDOWS\system32;C:\WINDOWS;C:\WINDOWS\System32\Wbem;C:\WINDOWS\System32\WindowsPowerShell\v1.0\;C:\WINDOWS\System32\OpenSSH\;C:\Program Files\nodejs\;C:\ProgramData\chocolatey\bin;C:\Program Files\Git\cmd;%JAVA_HOME%\bin;C:\Users\boomi\AppData\Local\Microsoft\WindowsApps;C:\tools\Microsoft VS Code\bin;C:\Users\boomi\AppData\Roaming\npm;C:\Program Files\JetBrains\IntelliJ IDEA Community Edition 2025.1.3\bin;;.]
02-Aug-2025 19:16:46.077 INFO [main] org.apache.coyote.AbstractProtocol.init 프로토콜 핸들러 ["http-nio-8080"]을(를) 초기화합니다.
02-Aug-2025 19:16:46.160 INFO [main] org.apache.catalina.startup.Catalina.load [1749] 밀리초 내에 서버가 초기화되었습니다.
02-Aug-2025 19:16:46.395 INFO [main] org.apache.catalina.core.StandardService.startInternal 서비스 [Catalina]을(를) 시작합니다.
02-Aug-2025 19:16:46.396 INFO [main] org.apache.catalina.core.StandardEngine.startInternal 서버 엔진을 시작합니다: [Apache Tomcat/9.0.106]
02-Aug-2025 19:16:46.420 INFO [main] org.apache.catalina.startup.HostConfig.deployDescriptor 배치 descriptor [C:\spring_workspace\moim_project\conf\Catalina\localhost\ROOT.xml]을(를) 배치합니다.
02-Aug-2025 19:16:46.589 WARNING [main] org.apache.catalina.webresources.DirResourceSet.initInternal Disabled the global canonical file name cache to protect against CVE-2024-56337 when starting the WebResourceSet at [C:\spring_workspace\moim_project\target\classes] which is part of the web application []
02-Aug-2025 19:16:54.350 INFO [main] org.apache.jasper.servlet.TldScanner.scanJars 적어도 하나의 JAR가 TLD들을 찾기 위해 스캔되었으나 아무 것도 찾지 못했습니다. 스캔했으나 TLD가 없는 JAR들의 전체 목록을 보시려면, 로그 레벨을 디버그 레벨로 설정하십시오. 스캔 과정에서 불필요한 JAR들을 건너뛰면, 시스템 시작 시간과 JSP 컴파일 시간을 단축시킬 수 있습니다.
02-Aug-2025 19:16:59.792 WARNING [main] org.apache.catalina.util.SessionIdGeneratorBase.createSecureRandom [SHA1PRNG] 알고리즘을 사용하여, 세션 ID를 생성하기 위한 SecureRandom 객체를 생성하는데, [542] 밀리초가 소요됐습니다.
02-Aug-2025 19:17:03.549 INFO [main] org.apache.catalina.startup.HostConfig.deployDescriptor 배치 descriptor [C:\spring_workspace\moim_project\conf\Catalina\localhost\ROOT.xml]의 배치가 [17,129] 밀리초 내에 완료되었습니다.
02-Aug-2025 19:17:03.557 INFO [main] org.apache.coyote.AbstractProtocol.start 프로토콜 핸들러 ["http-nio-8080"]을(를) 시작합니다.
02-Aug-2025 19:17:03.631 INFO [main] org.apache.catalina.startup.Catalina.start 서버가 [17469] 밀리초 내에 시작되었습니다.
02-Aug-2025 19:33:58.968 INFO [Thread-1] org.apache.coyote.AbstractProtocol.pause 프로토콜 핸들러 ["http-nio-8080"]을(를) 일시 정지 중
02-Aug-2025 19:33:59.914 INFO [Thread-1] org.apache.catalina.core.StandardService.stopInternal 서비스 [Catalina]을(를) 중지시킵니다.
02-Aug-2025 19:33:59.960 WARNING [Thread-1] org.apache.catalina.loader.WebappClassLoaderBase.clearReferencesJdbc 웹 애플리케이션 [ROOT]이(가) JDBC 드라이버 [com.mysql.cj.jdbc.Driver]을(를) 등록했지만, 웹 애플리케이션이 중지될 때, 해당 JDBC 드라이버의 등록을 제거하지 못했습니다. 메모리 누수를 방지하기 위하여, 등록을 강제로 제거했습니다.
02-Aug-2025 19:33:59.960 WARNING [Thread-1] org.apache.catalina.loader.WebappClassLoaderBase.clearReferencesThreads 웹 애플리케이션 [ROOT]이(가) [mysql-cj-abandoned-connection-cleanup](이)라는 이름의 쓰레드를 시작시킨 것으로 보이지만, 해당 쓰레드를 중지시키지 못했습니다. 이는 메모리 누수를 유발할 가능성이 큽니다. 해당 쓰레드의 스택 트레이스:
 java.base@11.0.26/java.lang.Object.wait(Native Method)
 java.base@11.0.26/java.lang.ref.ReferenceQueue.remove(ReferenceQueue.java:155)
 com.mysql.cj.jdbc.AbandonedConnectionCleanupThread.run(AbandonedConnectionCleanupThread.java:91)
 java.base@11.0.26/java.util.concurrent.ThreadPoolExecutor.runWorker(ThreadPoolExecutor.java:1128)
 java.base@11.0.26/java.util.concurrent.ThreadPoolExecutor$Worker.run(ThreadPoolExecutor.java:628)
 java.base@11.0.26/java.lang.Thread.run(Thread.java:834)
02-Aug-2025 19:33:59.975 INFO [Thread-1] org.apache.coyote.AbstractProtocol.stop 프로토콜 핸들러 ["http-nio-8080"]을(를) 중지시킵니다.
02-Aug-2025 19:33:59.990 INFO [Thread-1] org.apache.coyote.AbstractProtocol.destroy 프로토콜 핸들러 ["http-nio-8080"]을(를) 소멸시킵니다.
02-Aug-2025 19:34:03.768 INFO [main] org.apache.catalina.startup.VersionLoggerListener.log 서버 버전 이름:    Apache Tomcat/9.0.106
02-Aug-2025 19:34:03.775 INFO [main] org.apache.catalina.startup.VersionLoggerListener.log Server 빌드 시각:  Jun 5 2025 19:02:30 UTC
02-Aug-2025 19:34:03.776 INFO [main] org.apache.catalina.startup.VersionLoggerListener.log Server 버전 번호:  9.0.106.0
02-Aug-2025 19:34:03.776 INFO [main] org.apache.catalina.startup.VersionLoggerListener.log 운영체제 이름:     Windows 10
02-Aug-2025 19:34:03.776 INFO [main] org.apache.catalina.startup.VersionLoggerListener.log 운영체제 버전:     10.0
02-Aug-2025 19:34:03.777 INFO [main] org.apache.catalina.startup.VersionLoggerListener.log 아키텍처:          amd64
02-Aug-2025 19:34:03.777 INFO [main] org.apache.catalina.startup.VersionLoggerListener.log 자바 홈:           C:\Program Files\Java\jdk-11
02-Aug-2025 19:34:03.777 INFO [main] org.apache.catalina.startup.VersionLoggerListener.log JVM 버전:          11.0.26+7-LTS-187
02-Aug-2025 19:34:03.777 INFO [main] org.apache.catalina.startup.VersionLoggerListener.log JVM 벤더:          Oracle Corporation
02-Aug-2025 19:34:03.777 INFO [main] org.apache.catalina.startup.VersionLoggerListener.log CATALINA_BASE:     C:\spring_workspace\moim_project
02-Aug-2025 19:34:03.777 INFO [main] org.apache.catalina.startup.VersionLoggerListener.log CATALINA_HOME:     C:\tools\tomcat_9.0
02-Aug-2025 19:34:03.809 INFO [main] org.apache.catalina.startup.VersionLoggerListener.log 명령 행 아규먼트:  --add-opens=java.base/java.lang=ALL-UNNAMED
02-Aug-2025 19:34:03.809 INFO [main] org.apache.catalina.startup.VersionLoggerListener.log 명령 행 아규먼트:  --add-opens=java.base/java.io=ALL-UNNAMED
02-Aug-2025 19:34:03.810 INFO [main] org.apache.catalina.startup.VersionLoggerListener.log 명령 행 아규먼트:  --add-opens=java.base/java.util=ALL-UNNAMED
02-Aug-2025 19:34:03.810 INFO [main] org.apache.catalina.startup.VersionLoggerListener.log 명령 행 아규먼트:  --add-opens=java.base/java.util.concurrent=ALL-UNNAMED
02-Aug-2025 19:34:03.811 INFO [main] org.apache.catalina.startup.VersionLoggerListener.log 명령 행 아규먼트:  --add-opens=java.rmi/sun.rmi.transport=ALL-UNNAMED
02-Aug-2025 19:34:03.811 INFO [main] org.apache.catalina.startup.VersionLoggerListener.log 명령 행 아규먼트:  -Dcatalina.home=C:\tools\tomcat_9.0
02-Aug-2025 19:34:03.811 INFO [main] org.apache.catalina.startup.VersionLoggerListener.log 명령 행 아규먼트:  -Dcatalina.base=C:\spring_workspace\moim_project
02-Aug-2025 19:34:03.811 INFO [main] org.apache.catalina.startup.VersionLoggerListener.log 명령 행 아규먼트:  -Djava.io.tmpdir=C:\spring_workspace\moim_project\temp
02-Aug-2025 19:34:03.812 INFO [main] org.apache.catalina.startup.VersionLoggerListener.log 명령 행 아규먼트:  -Djava.util.logging.config.file=C:\spring_workspace\moim_project\conf\logging.properties
02-Aug-2025 19:34:03.812 INFO [main] org.apache.catalina.startup.VersionLoggerListener.log 명령 행 아규먼트:  -Djava.util.logging.manager=org.apache.juli.ClassLoaderLogManager
02-Aug-2025 19:34:03.813 INFO [main] org.apache.catalina.startup.VersionLoggerListener.log 명령 행 아규먼트:  -javaagent:C:\Program Files\JetBrains\IntelliJ IDEA Community Edition 2025.1.3\lib\idea_rt.jar=57282
02-Aug-2025 19:34:03.813 INFO [main] org.apache.catalina.startup.VersionLoggerListener.log 명령 행 아규먼트:  -Dfile.encoding=UTF-8
02-Aug-2025 19:34:03.828 INFO [main] org.apache.catalina.core.AprLifecycleListener.lifecycleEvent 프로덕션 환경들에서 최적의 성능을 제공하는, APR 기반 Apache Tomcat Native 라이브러리가, 다음 java.library.path에서 발견되지 않습니다: [C:\Program Files\Java\jdk-11\bin;C:\WINDOWS\Sun\Java\bin;C:\WINDOWS\system32;C:\WINDOWS;C:\Python313\Scripts\;C:\Python313\;C:\Program Files\Common Files\Oracle\Java\javapath;C:\WINDOWS\system32;C:\WINDOWS;C:\WINDOWS\System32\Wbem;C:\WINDOWS\System32\WindowsPowerShell\v1.0\;C:\WINDOWS\System32\OpenSSH\;C:\Program Files\nodejs\;C:\ProgramData\chocolatey\bin;C:\Program Files\Git\cmd;%JAVA_HOME%\bin;C:\Users\boomi\AppData\Local\Microsoft\WindowsApps;C:\tools\Microsoft VS Code\bin;C:\Users\boomi\AppData\Roaming\npm;C:\Program Files\JetBrains\IntelliJ IDEA Community Edition 2025.1.3\bin;;.]
02-Aug-2025 19:34:04.440 INFO [main] org.apache.coyote.AbstractProtocol.init 프로토콜 핸들러 ["http-nio-8080"]을(를) 초기화합니다.
02-Aug-2025 19:34:04.475 INFO [main] org.apache.catalina.startup.Catalina.load [1243] 밀리초 내에 서버가 초기화되었습니다.
02-Aug-2025 19:34:04.579 INFO [main] org.apache.catalina.core.StandardService.startInternal 서비스 [Catalina]을(를) 시작합니다.
02-Aug-2025 19:34:04.580 INFO [main] org.apache.catalina.core.StandardEngine.startInternal 서버 엔진을 시작합니다: [Apache Tomcat/9.0.106]
02-Aug-2025 19:34:04.593 INFO [main] org.apache.catalina.startup.HostConfig.deployDescriptor 배치 descriptor [C:\spring_workspace\moim_project\conf\Catalina\localhost\ROOT.xml]을(를) 배치합니다.
02-Aug-2025 19:34:04.771 WARNING [main] org.apache.catalina.webresources.DirResourceSet.initInternal Disabled the global canonical file name cache to protect against CVE-2024-56337 when starting the WebResourceSet at [C:\spring_workspace\moim_project\target\classes] which is part of the web application []
02-Aug-2025 19:34:11.780 INFO [main] org.apache.jasper.servlet.TldScanner.scanJars 적어도 하나의 JAR가 TLD들을 찾기 위해 스캔되었으나 아무 것도 찾지 못했습니다. 스캔했으나 TLD가 없는 JAR들의 전체 목록을 보시려면, 로그 레벨을 디버그 레벨로 설정하십시오. 스캔 과정에서 불필요한 JAR들을 건너뛰면, 시스템 시작 시간과 JSP 컴파일 시간을 단축시킬 수 있습니다.
02-Aug-2025 19:34:17.422 WARNING [main] org.apache.catalina.util.SessionIdGeneratorBase.createSecureRandom [SHA1PRNG] 알고리즘을 사용하여, 세션 ID를 생성하기 위한 SecureRandom 객체를 생성하는데, [767] 밀리초가 소요됐습니다.
02-Aug-2025 19:34:20.306 INFO [main] org.apache.catalina.startup.HostConfig.deployDescriptor 배치 descriptor [C:\spring_workspace\moim_project\conf\Catalina\localhost\ROOT.xml]의 배치가 [15,713] 밀리초 내에 완료되었습니다.
02-Aug-2025 19:34:20.314 INFO [main] org.apache.coyote.AbstractProtocol.start 프로토콜 핸들러 ["http-nio-8080"]을(를) 시작합니다.
02-Aug-2025 19:34:20.332 INFO [main] org.apache.catalina.startup.Catalina.start 서버가 [15856] 밀리초 내에 시작되었습니다.
02-Aug-2025 20:23:19.796 INFO [Thread-1] org.apache.coyote.AbstractProtocol.pause 프로토콜 핸들러 ["http-nio-8080"]을(를) 일시 정지 중
02-Aug-2025 20:23:20.769 INFO [Thread-1] org.apache.catalina.core.StandardService.stopInternal 서비스 [Catalina]을(를) 중지시킵니다.
02-Aug-2025 20:23:20.799 WARNING [Thread-1] org.apache.catalina.loader.WebappClassLoaderBase.clearReferencesJdbc 웹 애플리케이션 [ROOT]이(가) JDBC 드라이버 [com.mysql.cj.jdbc.Driver]을(를) 등록했지만, 웹 애플리케이션이 중지될 때, 해당 JDBC 드라이버의 등록을 제거하지 못했습니다. 메모리 누수를 방지하기 위하여, 등록을 강제로 제거했습니다.
02-Aug-2025 20:23:20.800 WARNING [Thread-1] org.apache.catalina.loader.WebappClassLoaderBase.clearReferencesThreads 웹 애플리케이션 [ROOT]이(가) [mysql-cj-abandoned-connection-cleanup](이)라는 이름의 쓰레드를 시작시킨 것으로 보이지만, 해당 쓰레드를 중지시키지 못했습니다. 이는 메모리 누수를 유발할 가능성이 큽니다. 해당 쓰레드의 스택 트레이스:
 java.base@11.0.26/java.lang.Object.wait(Native Method)
 java.base@11.0.26/java.lang.ref.ReferenceQueue.remove(ReferenceQueue.java:155)
 com.mysql.cj.jdbc.AbandonedConnectionCleanupThread.run(AbandonedConnectionCleanupThread.java:91)
 java.base@11.0.26/java.util.concurrent.ThreadPoolExecutor.runWorker(ThreadPoolExecutor.java:1128)
 java.base@11.0.26/java.util.concurrent.ThreadPoolExecutor$Worker.run(ThreadPoolExecutor.java:628)
 java.base@11.0.26/java.lang.Thread.run(Thread.java:834)
02-Aug-2025 20:23:20.815 INFO [Thread-1] org.apache.coyote.AbstractProtocol.stop 프로토콜 핸들러 ["http-nio-8080"]을(를) 중지시킵니다.
02-Aug-2025 20:23:20.862 INFO [Thread-1] org.apache.coyote.AbstractProtocol.destroy 프로토콜 핸들러 ["http-nio-8080"]을(를) 소멸시킵니다.
02-Aug-2025 20:23:28.313 INFO [main] org.apache.catalina.startup.VersionLoggerListener.log 서버 버전 이름:    Apache Tomcat/9.0.106
02-Aug-2025 20:23:28.319 INFO [main] org.apache.catalina.startup.VersionLoggerListener.log Server 빌드 시각:  Jun 5 2025 19:02:30 UTC
02-Aug-2025 20:23:28.321 INFO [main] org.apache.catalina.startup.VersionLoggerListener.log Server 버전 번호:  9.0.106.0
02-Aug-2025 20:23:28.321 INFO [main] org.apache.catalina.startup.VersionLoggerListener.log 운영체제 이름:     Windows 10
02-Aug-2025 20:23:28.321 INFO [main] org.apache.catalina.startup.VersionLoggerListener.log 운영체제 버전:     10.0
02-Aug-2025 20:23:28.322 INFO [main] org.apache.catalina.startup.VersionLoggerListener.log 아키텍처:          amd64
02-Aug-2025 20:23:28.322 INFO [main] org.apache.catalina.startup.VersionLoggerListener.log 자바 홈:           C:\Program Files\Java\jdk-11
02-Aug-2025 20:23:28.323 INFO [main] org.apache.catalina.startup.VersionLoggerListener.log JVM 버전:          11.0.26+7-LTS-187
02-Aug-2025 20:23:28.323 INFO [main] org.apache.catalina.startup.VersionLoggerListener.log JVM 벤더:          Oracle Corporation
02-Aug-2025 20:23:28.323 INFO [main] org.apache.catalina.startup.VersionLoggerListener.log CATALINA_BASE:     C:\spring_workspace\moim_project
02-Aug-2025 20:23:28.323 INFO [main] org.apache.catalina.startup.VersionLoggerListener.log CATALINA_HOME:     C:\tools\tomcat_9.0
02-Aug-2025 20:23:28.353 INFO [main] org.apache.catalina.startup.VersionLoggerListener.log 명령 행 아규먼트:  --add-opens=java.base/java.lang=ALL-UNNAMED
02-Aug-2025 20:23:28.353 INFO [main] org.apache.catalina.startup.VersionLoggerListener.log 명령 행 아규먼트:  --add-opens=java.base/java.io=ALL-UNNAMED
02-Aug-2025 20:23:28.354 INFO [main] org.apache.catalina.startup.VersionLoggerListener.log 명령 행 아규먼트:  --add-opens=java.base/java.util=ALL-UNNAMED
02-Aug-2025 20:23:28.354 INFO [main] org.apache.catalina.startup.VersionLoggerListener.log 명령 행 아규먼트:  --add-opens=java.base/java.util.concurrent=ALL-UNNAMED
02-Aug-2025 20:23:28.354 INFO [main] org.apache.catalina.startup.VersionLoggerListener.log 명령 행 아규먼트:  --add-opens=java.rmi/sun.rmi.transport=ALL-UNNAMED
02-Aug-2025 20:23:28.354 INFO [main] org.apache.catalina.startup.VersionLoggerListener.log 명령 행 아규먼트:  -Dcatalina.home=C:\tools\tomcat_9.0
02-Aug-2025 20:23:28.354 INFO [main] org.apache.catalina.startup.VersionLoggerListener.log 명령 행 아규먼트:  -Dcatalina.base=C:\spring_workspace\moim_project
02-Aug-2025 20:23:28.354 INFO [main] org.apache.catalina.startup.VersionLoggerListener.log 명령 행 아규먼트:  -Djava.io.tmpdir=C:\spring_workspace\moim_project\temp
02-Aug-2025 20:23:28.355 INFO [main] org.apache.catalina.startup.VersionLoggerListener.log 명령 행 아규먼트:  -Djava.util.logging.config.file=C:\spring_workspace\moim_project\conf\logging.properties
02-Aug-2025 20:23:28.356 INFO [main] org.apache.catalina.startup.VersionLoggerListener.log 명령 행 아규먼트:  -Djava.util.logging.manager=org.apache.juli.ClassLoaderLogManager
02-Aug-2025 20:23:28.356 INFO [main] org.apache.catalina.startup.VersionLoggerListener.log 명령 행 아규먼트:  -javaagent:C:\Program Files\JetBrains\IntelliJ IDEA Community Edition 2025.1.3\lib\idea_rt.jar=58070
02-Aug-2025 20:23:28.356 INFO [main] org.apache.catalina.startup.VersionLoggerListener.log 명령 행 아규먼트:  -Dfile.encoding=UTF-8
02-Aug-2025 20:23:28.370 INFO [main] org.apache.catalina.core.AprLifecycleListener.lifecycleEvent 프로덕션 환경들에서 최적의 성능을 제공하는, APR 기반 Apache Tomcat Native 라이브러리가, 다음 java.library.path에서 발견되지 않습니다: [C:\Program Files\Java\jdk-11\bin;C:\WINDOWS\Sun\Java\bin;C:\WINDOWS\system32;C:\WINDOWS;C:\Python313\Scripts\;C:\Python313\;C:\Program Files\Common Files\Oracle\Java\javapath;C:\WINDOWS\system32;C:\WINDOWS;C:\WINDOWS\System32\Wbem;C:\WINDOWS\System32\WindowsPowerShell\v1.0\;C:\WINDOWS\System32\OpenSSH\;C:\Program Files\nodejs\;C:\ProgramData\chocolatey\bin;C:\Program Files\Git\cmd;%JAVA_HOME%\bin;C:\Users\boomi\AppData\Local\Microsoft\WindowsApps;C:\tools\Microsoft VS Code\bin;C:\Users\boomi\AppData\Roaming\npm;C:\Program Files\JetBrains\IntelliJ IDEA Community Edition 2025.1.3\bin;;.]
02-Aug-2025 20:23:29.027 INFO [main] org.apache.coyote.AbstractProtocol.init 프로토콜 핸들러 ["http-nio-8080"]을(를) 초기화합니다.
02-Aug-2025 20:23:29.062 INFO [main] org.apache.catalina.startup.Catalina.load [1283] 밀리초 내에 서버가 초기화되었습니다.
02-Aug-2025 20:23:29.201 INFO [main] org.apache.catalina.core.StandardService.startInternal 서비스 [Catalina]을(를) 시작합니다.
02-Aug-2025 20:23:29.202 INFO [main] org.apache.catalina.core.StandardEngine.startInternal 서버 엔진을 시작합니다: [Apache Tomcat/9.0.106]
02-Aug-2025 20:23:29.219 INFO [main] org.apache.catalina.startup.HostConfig.deployDescriptor 배치 descriptor [C:\spring_workspace\moim_project\conf\Catalina\localhost\ROOT.xml]을(를) 배치합니다.
02-Aug-2025 20:23:29.356 WARNING [main] org.apache.catalina.webresources.DirResourceSet.initInternal Disabled the global canonical file name cache to protect against CVE-2024-56337 when starting the WebResourceSet at [C:\spring_workspace\moim_project\target\classes] which is part of the web application []
02-Aug-2025 20:23:37.128 INFO [main] org.apache.jasper.servlet.TldScanner.scanJars 적어도 하나의 JAR가 TLD들을 찾기 위해 스캔되었으나 아무 것도 찾지 못했습니다. 스캔했으나 TLD가 없는 JAR들의 전체 목록을 보시려면, 로그 레벨을 디버그 레벨로 설정하십시오. 스캔 과정에서 불필요한 JAR들을 건너뛰면, 시스템 시작 시간과 JSP 컴파일 시간을 단축시킬 수 있습니다.
02-Aug-2025 20:23:43.175 WARNING [main] org.apache.catalina.util.SessionIdGeneratorBase.createSecureRandom [SHA1PRNG] 알고리즘을 사용하여, 세션 ID를 생성하기 위한 SecureRandom 객체를 생성하는데, [525] 밀리초가 소요됐습니다.
02-Aug-2025 20:23:46.382 INFO [main] org.apache.catalina.startup.HostConfig.deployDescriptor 배치 descriptor [C:\spring_workspace\moim_project\conf\Catalina\localhost\ROOT.xml]의 배치가 [17,163] 밀리초 내에 완료되었습니다.
02-Aug-2025 20:23:46.389 INFO [main] org.apache.coyote.AbstractProtocol.start 프로토콜 핸들러 ["http-nio-8080"]을(를) 시작합니다.
02-Aug-2025 20:23:46.410 INFO [main] org.apache.catalina.startup.Catalina.start 서버가 [17348] 밀리초 내에 시작되었습니다.
