31-Jul-2025 09:34:22.901 INFO [main] org.apache.catalina.core.ApplicationContext.log No Spring WebApplicationInitializer types detected on classpath
31-Jul-2025 09:34:22.921 INFO [main] org.apache.catalina.core.ApplicationContext.log Initializing Spring root WebApplicationContext
31-Jul-2025 09:34:23.520 INFO [main] org.apache.catalina.core.ApplicationContext.log Initializing Spring DispatcherServlet 'appServlet'
31-Jul-2025 09:34:33.763 INFO [Thread-1] org.apache.catalina.core.ApplicationContext.log Destroying Spring FrameworkServlet 'appServlet'
31-Jul-2025 09:34:33.775 INFO [Thread-1] org.apache.catalina.core.ApplicationContext.log Closing Spring root WebApplicationContext
31-Jul-2025 09:43:41.453 INFO [main] org.apache.catalina.core.ApplicationContext.log No Spring WebApplicationInitializer types detected on classpath
31-Jul-2025 09:43:41.475 INFO [main] org.apache.catalina.core.ApplicationContext.log Initializing Spring root WebApplicationContext
31-Jul-2025 09:43:42.431 INFO [main] org.apache.catalina.core.ApplicationContext.log Initializing Spring DispatcherServlet 'appServlet'
31-Jul-2025 09:43:49.891 INFO [Thread-1] org.apache.catalina.core.ApplicationContext.log Destroying Spring FrameworkServlet 'appServlet'
31-Jul-2025 09:43:49.897 INFO [Thread-1] org.apache.catalina.core.ApplicationContext.log Closing Spring root WebApplicationContext
31-Jul-2025 09:45:14.078 INFO [main] org.apache.catalina.core.ApplicationContext.log No Spring WebApplicationInitializer types detected on classpath
31-Jul-2025 09:45:14.101 INFO [main] org.apache.catalina.core.ApplicationContext.log Initializing Spring root WebApplicationContext
31-Jul-2025 09:45:14.947 INFO [main] org.apache.catalina.core.ApplicationContext.log Initializing Spring DispatcherServlet 'appServlet'
31-Jul-2025 09:45:23.090 INFO [Thread-1] org.apache.catalina.core.ApplicationContext.log Destroying Spring FrameworkServlet 'appServlet'
31-Jul-2025 09:45:23.098 INFO [Thread-1] org.apache.catalina.core.ApplicationContext.log Closing Spring root WebApplicationContext
31-Jul-2025 10:01:31.525 INFO [main] org.apache.catalina.core.ApplicationContext.log No Spring WebApplicationInitializer types detected on classpath
31-Jul-2025 10:01:31.546 INFO [main] org.apache.catalina.core.ApplicationContext.log Initializing Spring root WebApplicationContext
31-Jul-2025 10:01:33.156 INFO [main] org.apache.catalina.core.ApplicationContext.log Initializing Spring DispatcherServlet 'appServlet'
31-Jul-2025 10:01:55.512 INFO [Thread-1] org.apache.catalina.core.ApplicationContext.log Destroying Spring FrameworkServlet 'appServlet'
31-Jul-2025 10:01:55.518 INFO [Thread-1] org.apache.catalina.core.ApplicationContext.log Closing Spring root WebApplicationContext
31-Jul-2025 10:04:57.918 INFO [main] org.apache.catalina.core.ApplicationContext.log No Spring WebApplicationInitializer types detected on classpath
31-Jul-2025 10:04:57.939 INFO [main] org.apache.catalina.core.ApplicationContext.log Initializing Spring root WebApplicationContext
31-Jul-2025 10:04:59.656 INFO [main] org.apache.catalina.core.ApplicationContext.log Initializing Spring DispatcherServlet 'appServlet'
31-Jul-2025 10:05:45.362 INFO [Thread-1] org.apache.catalina.core.ApplicationContext.log Destroying Spring FrameworkServlet 'appServlet'
31-Jul-2025 10:05:45.380 INFO [Thread-1] org.apache.catalina.core.ApplicationContext.log Closing Spring root WebApplicationContext
